<?xml version="1.0" encoding="UTF-8"?>
<coverage generated="1582381911715" clover="3.2.0">
  <project timestamp="1582381911715" name="All files">
    <metrics statements="569" coveredstatements="569" conditionals="349" coveredconditionals="349" methods="82" coveredmethods="82" elements="1000" coveredelements="1000" complexity="0" loc="569" ncloc="569" packages="1" files="2" classes="2"/>
    <file name="app.js" path="/home/jordan/github/plus/app.js">
      <metrics statements="551" coveredstatements="551" conditionals="338" coveredconditionals="338" methods="76" coveredmethods="76"/>
      <line num="3" count="1" type="stmt"/>
      <line num="5" count="1" type="stmt"/>
      <line num="9" count="1" type="stmt"/>
      <line num="11" count="117" type="cond" truecount="2" falsecount="0"/>
      <line num="12" count="7" type="stmt"/>
      <line num="13" count="7" type="stmt"/>
      <line num="15" count="110" type="stmt"/>
      <line num="20" count="349" type="cond" truecount="2" falsecount="0"/>
      <line num="21" count="5" type="stmt"/>
      <line num="23" count="356" type="stmt"/>
      <line num="26" count="344" type="stmt"/>
      <line num="30" count="327" type="cond" truecount="2" falsecount="0"/>
      <line num="31" count="5" type="stmt"/>
      <line num="33" count="322" type="cond" truecount="2" falsecount="0"/>
      <line num="34" count="321" type="stmt"/>
      <line num="36" count="1" type="stmt"/>
      <line num="42" count="5" type="cond" truecount="2" falsecount="0"/>
      <line num="46" count="3" type="cond" truecount="2" falsecount="0"/>
      <line num="50" count="8" type="cond" truecount="2" falsecount="0"/>
      <line num="51" count="2" type="stmt"/>
      <line num="54" count="6" type="stmt"/>
      <line num="56" count="6" type="cond" truecount="2" falsecount="0"/>
      <line num="57" count="3" type="stmt"/>
      <line num="59" count="3" type="stmt"/>
      <line num="60" count="5" type="cond" truecount="2" falsecount="0"/>
      <line num="61" count="1" type="stmt"/>
      <line num="65" count="2" type="stmt"/>
      <line num="72" count="1" type="stmt"/>
      <line num="74" count="17" type="cond" truecount="2" falsecount="0"/>
      <line num="75" count="10" type="stmt"/>
      <line num="76" count="10" type="stmt"/>
      <line num="78" count="7" type="stmt"/>
      <line num="83" count="11" type="cond" truecount="2" falsecount="0"/>
      <line num="84" count="5" type="stmt"/>
      <line num="86" count="21" type="stmt"/>
      <line num="89" count="11" type="stmt"/>
      <line num="93" count="12" type="cond" truecount="2" falsecount="0"/>
      <line num="94" count="4" type="stmt"/>
      <line num="96" count="8" type="stmt"/>
      <line num="101" count="11" type="cond" truecount="2" falsecount="0"/>
      <line num="102" count="7" type="stmt"/>
      <line num="104" count="4" type="stmt"/>
      <line num="109" count="6" type="cond" truecount="2" falsecount="0"/>
      <line num="110" count="3" type="stmt"/>
      <line num="112" count="3" type="cond" truecount="2" falsecount="0"/>
      <line num="117" count="8" type="cond" truecount="2" falsecount="0"/>
      <line num="118" count="2" type="stmt"/>
      <line num="121" count="6" type="stmt"/>
      <line num="123" count="6" type="cond" truecount="2" falsecount="0"/>
      <line num="124" count="3" type="stmt"/>
      <line num="126" count="3" type="stmt"/>
      <line num="127" count="5" type="cond" truecount="2" falsecount="0"/>
      <line num="128" count="1" type="stmt"/>
      <line num="132" count="2" type="stmt"/>
      <line num="139" count="1" type="stmt"/>
      <line num="141" count="39" type="stmt"/>
      <line num="146" count="39" type="stmt"/>
      <line num="150" count="10" type="stmt"/>
      <line num="151" count="10" type="stmt"/>
      <line num="155" count="8" type="stmt"/>
      <line num="158" count="8" type="cond" truecount="2" falsecount="0"/>
      <line num="159" count="3" type="stmt"/>
      <line num="160" count="3" type="stmt"/>
      <line num="163" count="5" type="stmt"/>
      <line num="164" count="11" type="cond" truecount="2" falsecount="0"/>
      <line num="165" count="5" type="stmt"/>
      <line num="168" count="6" type="stmt"/>
      <line num="171" count="5" type="stmt"/>
      <line num="172" count="5" type="stmt"/>
      <line num="173" count="5" type="stmt"/>
      <line num="177" count="29" type="stmt"/>
      <line num="178" count="102" type="stmt"/>
      <line num="184" count="29" type="stmt"/>
      <line num="186" count="29" type="stmt"/>
      <line num="187" count="102" type="stmt"/>
      <line num="188" count="102" type="stmt"/>
      <line num="189" count="102" type="stmt"/>
      <line num="192" count="29" type="stmt"/>
      <line num="196" count="9" type="cond" truecount="5" falsecount="0"/>
      <line num="197" count="3" type="stmt"/>
      <line num="200" count="6" type="stmt"/>
      <line num="201" count="12" type="stmt"/>
      <line num="207" count="6" type="stmt"/>
      <line num="209" count="6" type="cond" truecount="2" falsecount="0"/>
      <line num="210" count="1" type="stmt"/>
      <line num="213" count="5" type="stmt"/>
      <line num="215" count="5" type="stmt"/>
      <line num="216" count="11" type="stmt"/>
      <line num="217" count="11" type="stmt"/>
      <line num="218" count="11" type="stmt"/>
      <line num="221" count="5" type="stmt"/>
      <line num="222" count="5" type="stmt"/>
      <line num="226" count="5" type="stmt"/>
      <line num="228" count="5" type="stmt"/>
      <line num="230" count="5" type="cond" truecount="2" falsecount="0"/>
      <line num="231" count="1" type="stmt"/>
      <line num="234" count="4" type="stmt"/>
      <line num="235" count="13" type="stmt"/>
      <line num="236" count="13" type="stmt"/>
      <line num="239" count="4" type="stmt"/>
      <line num="243" count="11" type="cond" truecount="2" falsecount="0"/>
      <line num="245" count="10" type="stmt"/>
      <line num="248" count="10" type="cond" truecount="2" falsecount="0"/>
      <line num="249" count="4" type="cond" truecount="2" falsecount="0"/>
      <line num="250" count="1" type="stmt"/>
      <line num="253" count="3" type="stmt"/>
      <line num="254" count="3" type="stmt"/>
      <line num="255" count="3" type="stmt"/>
      <line num="258" count="6" type="stmt"/>
      <line num="259" count="17" type="cond" truecount="2" falsecount="0"/>
      <line num="260" count="4" type="stmt"/>
      <line num="261" count="4" type="stmt"/>
      <line num="262" count="4" type="stmt"/>
      <line num="265" count="13" type="stmt"/>
      <line num="268" count="2" type="stmt"/>
      <line num="272" count="13" type="cond" truecount="5" falsecount="0"/>
      <line num="276" count="12" type="cond" truecount="2" falsecount="0"/>
      <line num="277" count="8" type="stmt"/>
      <line num="279" count="8" type="cond" truecount="2" falsecount="0"/>
      <line num="280" count="2" type="stmt"/>
      <line num="282" count="6" type="stmt"/>
      <line num="285" count="8" type="stmt"/>
      <line num="288" count="4" type="stmt"/>
      <line num="289" count="4" type="stmt"/>
      <line num="291" count="4" type="stmt"/>
      <line num="292" count="6" type="cond" truecount="2" falsecount="0"/>
      <line num="293" count="3" type="stmt"/>
      <line num="295" count="3" type="cond" truecount="2" falsecount="0"/>
      <line num="296" count="1" type="stmt"/>
      <line num="298" count="2" type="stmt"/>
      <line num="301" count="3" type="stmt"/>
      <line num="304" count="3" type="stmt"/>
      <line num="305" count="3" type="stmt"/>
      <line num="310" count="47" type="cond" truecount="4" falsecount="0"/>
      <line num="312" count="45" type="stmt"/>
      <line num="314" count="45" type="stmt"/>
      <line num="315" count="116" type="cond" truecount="2" falsecount="0"/>
      <line num="316" count="4" type="stmt"/>
      <line num="318" count="112" type="stmt"/>
      <line num="322" count="41" type="stmt"/>
      <line num="326" count="11" type="cond" truecount="2" falsecount="0"/>
      <line num="327" count="1" type="stmt"/>
      <line num="330" count="10" type="cond" truecount="2" falsecount="0"/>
      <line num="331" count="1" type="stmt"/>
      <line num="334" count="9" type="stmt"/>
      <line num="335" count="9" type="stmt"/>
      <line num="337" count="9" type="stmt"/>
      <line num="338" count="31" type="cond" truecount="2" falsecount="0"/>
      <line num="339" count="4" type="stmt"/>
      <line num="345" count="27" type="stmt"/>
      <line num="346" count="27" type="stmt"/>
      <line num="349" count="5" type="stmt"/>
      <line num="353" count="4" type="stmt"/>
      <line num="354" count="4" type="stmt"/>
      <line num="356" count="4" type="stmt"/>
      <line num="357" count="20" type="stmt"/>
      <line num="358" count="20" type="stmt"/>
      <line num="361" count="4" type="stmt"/>
      <line num="365" count="20" type="stmt"/>
      <line num="366" count="20" type="stmt"/>
      <line num="368" count="20" type="stmt"/>
      <line num="369" count="61" type="stmt"/>
      <line num="370" count="61" type="stmt"/>
      <line num="373" count="20" type="stmt"/>
      <line num="377" count="61" type="stmt"/>
      <line num="379" count="61" type="cond" truecount="2" falsecount="0"/>
      <line num="380" count="30" type="stmt"/>
      <line num="383" count="31" type="stmt"/>
      <line num="384" count="104" type="stmt"/>
      <line num="387" count="31" type="stmt"/>
      <line num="391" count="6" type="cond" truecount="5" falsecount="0"/>
      <line num="392" count="2" type="stmt"/>
      <line num="395" count="4" type="stmt"/>
      <line num="397" count="4" type="cond" truecount="2" falsecount="0"/>
      <line num="399" count="3" type="stmt"/>
      <line num="400" count="3" type="stmt"/>
      <line num="404" count="3" type="stmt"/>
      <line num="405" count="3" type="stmt"/>
      <line num="406" count="3" type="stmt"/>
      <line num="408" count="3" type="stmt"/>
      <line num="409" count="17" type="stmt"/>
      <line num="410" count="17" type="stmt"/>
      <line num="411" count="17" type="stmt"/>
      <line num="412" count="17" type="stmt"/>
      <line num="415" count="3" type="stmt"/>
      <line num="416" count="3" type="stmt"/>
      <line num="420" count="3" type="stmt"/>
      <line num="421" count="3" type="stmt"/>
      <line num="423" count="9" type="stmt"/>
      <line num="425" count="3" type="stmt"/>
      <line num="426" count="22" type="cond" truecount="2" falsecount="0"/>
      <line num="427" count="16" type="stmt"/>
      <line num="430" count="22" type="stmt"/>
      <line num="433" count="3" type="stmt"/>
      <line num="437" count="4" type="stmt"/>
      <line num="438" count="4" type="stmt"/>
      <line num="440" count="4" type="stmt"/>
      <line num="441" count="9" type="cond" truecount="2" falsecount="0"/>
      <line num="442" count="4" type="stmt"/>
      <line num="445" count="9" type="stmt"/>
      <line num="448" count="4" type="stmt"/>
      <line num="452" count="2" type="stmt"/>
      <line num="457" count="2" type="stmt"/>
      <line num="461" count="6" type="stmt"/>
      <line num="463" count="6" type="stmt"/>
      <line num="464" count="20" type="cond" truecount="2" falsecount="0"/>
      <line num="465" count="4" type="stmt"/>
      <line num="468" count="16" type="stmt"/>
      <line num="471" count="2" type="stmt"/>
      <line num="477" count="1" type="stmt"/>
      <line num="479" count="49" type="stmt"/>
      <line num="480" count="617" type="cond" truecount="2" falsecount="0"/>
      <line num="481" count="284" type="stmt"/>
      <line num="482" count="284" type="stmt"/>
      <line num="484" count="284" type="stmt"/>
      <line num="485" count="284" type="stmt"/>
      <line num="488" count="617" type="stmt"/>
      <line num="491" count="49" type="stmt"/>
      <line num="495" count="9" type="cond" truecount="2" falsecount="0"/>
      <line num="496" count="1" type="stmt"/>
      <line num="499" count="8" type="stmt"/>
      <line num="500" count="8" type="stmt"/>
      <line num="505" count="8" type="stmt"/>
      <line num="507" count="8" type="stmt"/>
      <line num="508" count="20" type="stmt"/>
      <line num="509" count="20" type="stmt"/>
      <line num="511" count="20" type="stmt"/>
      <line num="512" count="24" type="stmt"/>
      <line num="514" count="24" type="cond" truecount="4" falsecount="0"/>
      <line num="515" count="10" type="stmt"/>
      <line num="518" count="24" type="cond" truecount="4" falsecount="0"/>
      <line num="519" count="6" type="stmt"/>
      <line num="523" count="20" type="stmt"/>
      <line num="524" count="20" type="stmt"/>
      <line num="527" count="8" type="stmt"/>
      <line num="531" count="5" type="cond" truecount="2" falsecount="0"/>
      <line num="532" count="1" type="stmt"/>
      <line num="533" count="4" type="cond" truecount="4" falsecount="0"/>
      <line num="534" count="1" type="stmt"/>
      <line num="537" count="3" type="stmt"/>
      <line num="538" count="3" type="stmt"/>
      <line num="543" count="3" type="stmt"/>
      <line num="545" count="3" type="stmt"/>
      <line num="546" count="13" type="stmt"/>
      <line num="547" count="13" type="stmt"/>
      <line num="549" count="13" type="stmt"/>
      <line num="550" count="20" type="stmt"/>
      <line num="552" count="20" type="cond" truecount="4" falsecount="0"/>
      <line num="553" count="10" type="stmt"/>
      <line num="556" count="20" type="cond" truecount="4" falsecount="0"/>
      <line num="557" count="7" type="stmt"/>
      <line num="561" count="13" type="stmt"/>
      <line num="562" count="13" type="stmt"/>
      <line num="565" count="3" type="stmt"/>
      <line num="569" count="34" type="stmt"/>
      <line num="570" count="34" type="stmt"/>
      <line num="571" count="149" type="cond" truecount="4" falsecount="0"/>
      <line num="572" count="30" type="stmt"/>
      <line num="575" count="119" type="cond" truecount="2" falsecount="0"/>
      <line num="577" count="119" type="cond" truecount="2" falsecount="0"/>
      <line num="578" count="64" type="stmt"/>
      <line num="581" count="119" type="cond" truecount="2" falsecount="0"/>
      <line num="583" count="119" type="cond" truecount="2" falsecount="0"/>
      <line num="584" count="52" type="stmt"/>
      <line num="587" count="119" type="cond" truecount="2" falsecount="0"/>
      <line num="590" count="34" type="cond" truecount="2" falsecount="0"/>
      <line num="592" count="33" type="stmt"/>
      <line num="593" count="33" type="stmt"/>
      <line num="594" count="33" type="stmt"/>
      <line num="598" count="17" type="stmt"/>
      <line num="599" count="17" type="stmt"/>
      <line num="600" count="83" type="cond" truecount="4" falsecount="0"/>
      <line num="601" count="3" type="stmt"/>
      <line num="604" count="80" type="cond" truecount="2" falsecount="0"/>
      <line num="606" count="80" type="cond" truecount="2" falsecount="0"/>
      <line num="607" count="40" type="stmt"/>
      <line num="610" count="80" type="cond" truecount="2" falsecount="0"/>
      <line num="612" count="80" type="cond" truecount="2" falsecount="0"/>
      <line num="613" count="30" type="stmt"/>
      <line num="616" count="80" type="cond" truecount="2" falsecount="0"/>
      <line num="619" count="17" type="stmt"/>
      <line num="620" count="17" type="cond" truecount="2" falsecount="0"/>
      <line num="623" count="17" type="cond" truecount="4" falsecount="0"/>
      <line num="624" count="4" type="stmt"/>
      <line num="627" count="13" type="stmt"/>
      <line num="628" count="13" type="stmt"/>
      <line num="632" count="13" type="cond" truecount="2" falsecount="0"/>
      <line num="633" count="2" type="stmt"/>
      <line num="636" count="11" type="stmt"/>
      <line num="641" count="11" type="stmt"/>
      <line num="643" count="11" type="stmt"/>
      <line num="644" count="23" type="stmt"/>
      <line num="645" count="23" type="stmt"/>
      <line num="647" count="23" type="stmt"/>
      <line num="648" count="40" type="stmt"/>
      <line num="650" count="40" type="cond" truecount="2" falsecount="0"/>
      <line num="651" count="5" type="stmt"/>
      <line num="654" count="35" type="cond" truecount="2" falsecount="0"/>
      <line num="655" count="10" type="stmt"/>
      <line num="658" count="25" type="stmt"/>
      <line num="659" count="25" type="stmt"/>
      <line num="662" count="13" type="stmt"/>
      <line num="665" count="1" type="stmt"/>
      <line num="669" count="8" type="cond" truecount="2" falsecount="0"/>
      <line num="670" count="1" type="stmt"/>
      <line num="671" count="1" type="stmt"/>
      <line num="672" count="7" type="cond" truecount="2" falsecount="0"/>
      <line num="673" count="1" type="stmt"/>
      <line num="674" count="1" type="stmt"/>
      <line num="677" count="6" type="stmt"/>
      <line num="678" count="6" type="stmt"/>
      <line num="683" count="6" type="stmt"/>
      <line num="684" count="6" type="stmt"/>
      <line num="686" count="6" type="stmt"/>
      <line num="687" count="14" type="stmt"/>
      <line num="688" count="14" type="stmt"/>
      <line num="690" count="14" type="stmt"/>
      <line num="691" count="32" type="stmt"/>
      <line num="693" count="32" type="cond" truecount="2" falsecount="0"/>
      <line num="694" count="1" type="stmt"/>
      <line num="695" count="1" type="stmt"/>
      <line num="698" count="31" type="cond" truecount="2" falsecount="0"/>
      <line num="699" count="5" type="stmt"/>
      <line num="700" count="5" type="stmt"/>
      <line num="703" count="26" type="stmt"/>
      <line num="704" count="26" type="stmt"/>
      <line num="707" count="8" type="stmt"/>
      <line num="712" count="10" type="cond" truecount="2" falsecount="0"/>
      <line num="713" count="1" type="stmt"/>
      <line num="716" count="9" type="stmt"/>
      <line num="717" count="9" type="stmt"/>
      <line num="724" count="9" type="stmt"/>
      <line num="726" count="9" type="stmt"/>
      <line num="727" count="26" type="stmt"/>
      <line num="728" count="26" type="stmt"/>
      <line num="730" count="26" type="stmt"/>
      <line num="731" count="55" type="stmt"/>
      <line num="733" count="55" type="cond" truecount="4" falsecount="0"/>
      <line num="734" count="7" type="stmt"/>
      <line num="735" count="7" type="stmt"/>
      <line num="738" count="55" type="cond" truecount="2" falsecount="0"/>
      <line num="739" count="48" type="stmt"/>
      <line num="742" count="55" type="cond" truecount="2" falsecount="0"/>
      <line num="743" count="24" type="stmt"/>
      <line num="746" count="55" type="cond" truecount="2" falsecount="0"/>
      <line num="747" count="22" type="stmt"/>
      <line num="751" count="26" type="stmt"/>
      <line num="754" count="9" type="cond" truecount="4" falsecount="0"/>
      <line num="755" count="6" type="stmt"/>
      <line num="756" count="6" type="stmt"/>
      <line num="759" count="9" type="stmt"/>
      <line num="765" count="1" type="stmt"/>
      <line num="767" count="495" type="stmt"/>
      <line num="768" count="495" type="stmt"/>
      <line num="769" count="495" type="stmt"/>
      <line num="770" count="495" type="stmt"/>
      <line num="774" count="896" type="cond" truecount="2" falsecount="0"/>
      <line num="775" count="371" type="stmt"/>
      <line num="778" count="525" type="stmt"/>
      <line num="782" count="909" type="cond" truecount="2" falsecount="0"/>
      <line num="783" count="324" type="stmt"/>
      <line num="786" count="585" type="stmt"/>
      <line num="790" count="38" type="stmt"/>
      <line num="791" count="38" type="stmt"/>
      <line num="792" count="38" type="stmt"/>
      <line num="794" count="38" type="stmt"/>
      <line num="795" count="38" type="stmt"/>
      <line num="796" count="38" type="stmt"/>
      <line num="800" count="51" type="stmt"/>
      <line num="801" count="51" type="stmt"/>
      <line num="802" count="51" type="stmt"/>
      <line num="804" count="51" type="stmt"/>
      <line num="805" count="51" type="stmt"/>
      <line num="806" count="51" type="stmt"/>
      <line num="812" count="1" type="stmt"/>
      <line num="814" count="59" type="stmt"/>
      <line num="815" count="59" type="stmt"/>
      <line num="816" count="59" type="stmt"/>
      <line num="818" count="59" type="cond" truecount="2" falsecount="0"/>
      <line num="819" count="59" type="stmt"/>
      <line num="820" count="59" type="cond" truecount="2" falsecount="0"/>
      <line num="821" count="1" type="stmt"/>
      <line num="824" count="58" type="cond" truecount="2" falsecount="0"/>
      <line num="825" count="1" type="stmt"/>
      <line num="828" count="57" type="stmt"/>
      <line num="830" count="59" type="stmt"/>
      <line num="831" count="57" type="stmt"/>
      <line num="832" count="57" type="stmt"/>
      <line num="833" count="57" type="stmt"/>
      <line num="834" count="40" type="cond" truecount="2" falsecount="0"/>
      <line num="835" count="31" type="stmt"/>
      <line num="838" count="9" type="stmt"/>
      <line num="840" count="9" type="stmt"/>
      <line num="841" count="9" type="cond" truecount="2" falsecount="0"/>
      <line num="842" count="3" type="stmt"/>
      <line num="846" count="6" type="cond" truecount="4" falsecount="0"/>
      <line num="847" count="3" type="stmt"/>
      <line num="850" count="3" type="stmt"/>
      <line num="853" count="57" type="stmt"/>
      <line num="854" count="17" type="stmt"/>
      <line num="856" count="17" type="cond" truecount="2" falsecount="0"/>
      <line num="857" count="1" type="stmt"/>
      <line num="860" count="16" type="stmt"/>
      <line num="862" count="16" type="stmt"/>
      <line num="863" count="40" type="cond" truecount="2" falsecount="0"/>
      <line num="864" count="1" type="stmt"/>
      <line num="868" count="15" type="cond" truecount="4" falsecount="0"/>
      <line num="869" count="1" type="stmt"/>
      <line num="872" count="14" type="cond" truecount="4" falsecount="0"/>
      <line num="873" count="2" type="stmt"/>
      <line num="876" count="12" type="cond" truecount="4" falsecount="0"/>
      <line num="877" count="2" type="stmt"/>
      <line num="880" count="10" type="stmt"/>
      <line num="883" count="57" type="cond" truecount="2" falsecount="0"/>
      <line num="886" count="59" type="stmt"/>
      <line num="887" count="57" type="stmt"/>
      <line num="889" count="44" type="cond" truecount="2" falsecount="0"/>
      <line num="890" count="31" type="stmt"/>
      <line num="893" count="44" type="stmt"/>
      <line num="894" count="44" type="cond" truecount="2" falsecount="0"/>
      <line num="895" count="44" type="stmt"/>
      <line num="896" count="44" type="stmt"/>
      <line num="897" count="44" type="stmt"/>
      <line num="898" count="44" type="stmt"/>
      <line num="899" count="44" type="stmt"/>
      <line num="903" count="38" type="stmt"/>
      <line num="905" count="38" type="cond" truecount="2" falsecount="0"/>
      <line num="906" count="1" type="stmt"/>
      <line num="907" count="37" type="cond" truecount="2" falsecount="0"/>
      <line num="908" count="154" type="stmt"/>
      <line num="910" count="6" type="stmt"/>
      <line num="915" count="37" type="stmt"/>
      <line num="916" count="160" type="stmt"/>
      <line num="918" count="160" type="cond" truecount="4" falsecount="0"/>
      <line num="919" count="157" type="stmt"/>
      <line num="920" count="157" type="stmt"/>
      <line num="924" count="37" type="stmt"/>
      <line num="928" count="433" type="cond" truecount="2" falsecount="0"/>
      <line num="929" count="157" type="stmt"/>
      <line num="930" count="157" type="stmt"/>
      <line num="933" count="276" type="cond" truecount="2" falsecount="0"/>
      <line num="934" count="116" type="stmt"/>
      <line num="936" count="160" type="stmt"/>
      <line num="939" count="276" type="stmt"/>
      <line num="940" count="276" type="stmt"/>
      <line num="942" count="276" type="cond" truecount="2" falsecount="0"/>
      <line num="943" count="22" type="cond" truecount="2" falsecount="0"/>
      <line num="944" count="13" type="stmt"/>
      <line num="946" count="9" type="stmt"/>
      <line num="947" count="9" type="stmt"/>
      <line num="949" count="254" type="cond" truecount="2" falsecount="0"/>
      <line num="950" count="32" type="cond" truecount="2" falsecount="0"/>
      <line num="951" count="7" type="stmt"/>
      <line num="952" count="7" type="stmt"/>
      <line num="954" count="25" type="stmt"/>
      <line num="958" count="260" type="stmt"/>
      <line num="962" count="22" type="stmt"/>
      <line num="964" count="22" type="cond" truecount="2" falsecount="0"/>
      <line num="965" count="1" type="stmt"/>
      <line num="966" count="21" type="cond" truecount="2" falsecount="0"/>
      <line num="967" count="39" type="stmt"/>
      <line num="969" count="15" type="stmt"/>
      <line num="974" count="21" type="stmt"/>
      <line num="975" count="54" type="stmt"/>
      <line num="977" count="54" type="cond" truecount="2" falsecount="0"/>
      <line num="978" count="52" type="stmt"/>
      <line num="982" count="21" type="stmt"/>
      <line num="986" count="126" type="cond" truecount="2" falsecount="0"/>
      <line num="987" count="1" type="stmt"/>
      <line num="990" count="125" type="cond" truecount="2" falsecount="0"/>
      <line num="993" count="64" type="cond" truecount="4" falsecount="0"/>
      <line num="994" count="35" type="stmt"/>
      <line num="995" count="29" type="cond" truecount="4" falsecount="0"/>
      <line num="996" count="8" type="stmt"/>
      <line num="997" count="21" type="cond" truecount="4" falsecount="0"/>
      <line num="998" count="8" type="stmt"/>
      <line num="1000" count="13" type="stmt"/>
      <line num="1001" count="13" type="stmt"/>
      <line num="1002" count="13" type="stmt"/>
      <line num="1005" count="64" type="cond" truecount="2" falsecount="0"/>
      <line num="1006" count="3" type="stmt"/>
      <line num="1008" count="61" type="stmt"/>
      <line num="1011" count="64" type="stmt"/>
      <line num="1012" count="61" type="cond" truecount="2" falsecount="0"/>
      <line num="1013" count="34" type="stmt"/>
      <line num="1015" count="27" type="stmt"/>
      <line num="1018" count="125" type="cond" truecount="2" falsecount="0"/>
      <line num="1019" count="35" type="stmt"/>
      <line num="1022" count="90" type="stmt"/>
      <line num="1023" count="90" type="stmt"/>
      <line num="1025" count="90" type="cond" truecount="2" falsecount="0"/>
      <line num="1026" count="5" type="cond" truecount="4" falsecount="0"/>
      <line num="1027" count="4" type="stmt"/>
      <line num="1030" count="5" type="cond" truecount="2" falsecount="0"/>
      <line num="1031" count="1" type="stmt"/>
      <line num="1032" count="1" type="stmt"/>
      <line num="1036" count="89" type="cond" truecount="2" falsecount="0"/>
      <line num="1037" count="8" type="cond" truecount="4" falsecount="0"/>
      <line num="1038" count="5" type="stmt"/>
      <line num="1041" count="8" type="cond" truecount="2" falsecount="0"/>
      <line num="1042" count="4" type="stmt"/>
      <line num="1043" count="4" type="stmt"/>
      <line num="1047" count="85" type="stmt"/>
      <line num="1051" count="403" type="stmt"/>
      <line num="1053" count="403" type="cond" truecount="5" falsecount="0"/>
      <line num="1055" count="40" type="stmt"/>
      <line num="1057" count="144" type="stmt"/>
      <line num="1059" count="110" type="stmt"/>
      <line num="1061" count="27" type="stmt"/>
      <line num="1063" count="82" type="stmt"/>
      <line num="1068" count="18" type="stmt"/>
      <line num="1070" count="18" type="stmt"/>
      <line num="1071" count="11" type="stmt"/>
      <line num="1074" count="18" type="stmt"/>
      <line num="1078" count="4" type="stmt"/>
      <line num="1080" count="4" type="stmt"/>
      <line num="1081" count="5" type="stmt"/>
      <line num="1084" count="4" type="stmt"/>
      <line num="1088" count="19" type="cond" truecount="2" falsecount="0"/>
      <line num="1089" count="1" type="stmt"/>
      <line num="1092" count="18" type="cond" truecount="4" falsecount="0"/>
      <line num="1093" count="9" type="stmt"/>
      <line num="1096" count="9" type="cond" truecount="2" falsecount="0"/>
      <line num="1097" count="4" type="stmt"/>
      <line num="1099" count="5" type="stmt"/>
      <line num="1104" count="6" type="stmt"/>
      <line num="1108" count="9" type="cond" truecount="2" falsecount="0"/>
      <line num="1109" count="2" type="cond" truecount="2" falsecount="0"/>
      <line num="1112" count="7" type="cond" truecount="2" falsecount="0"/>
      <line num="1116" count="234" type="cond" truecount="4" falsecount="0"/>
      <line num="1118" count="29" type="stmt"/>
      <line num="1120" count="16" type="stmt"/>
      <line num="1122" count="146" type="stmt"/>
      <line num="1124" count="43" type="stmt"/>
      <line num="1129" count="28" type="stmt"/>
      <line num="1130" count="28" type="stmt"/>
      <line num="1131" count="107" type="cond" truecount="2" falsecount="0"/>
      <line num="1132" count="1" type="stmt"/>
      <line num="1135" count="106" type="cond" truecount="2" falsecount="0"/>
      <line num="1137" count="106" type="cond" truecount="2" falsecount="0"/>
      <line num="1138" count="37" type="stmt"/>
      <line num="1141" count="106" type="cond" truecount="2" falsecount="0"/>
      <line num="1143" count="106" type="cond" truecount="2" falsecount="0"/>
      <line num="1144" count="43" type="stmt"/>
      <line num="1147" count="106" type="cond" truecount="2" falsecount="0"/>
      <line num="1150" count="28" type="cond" truecount="2" falsecount="0"/>
      <line num="1152" count="27" type="stmt"/>
      <line num="1153" count="27" type="stmt"/>
      <line num="1154" count="27" type="stmt"/>
      <line num="1158" count="11" type="stmt"/>
      <line num="1164" count="1" type="stmt"/>
    </file>
    <file name="utility-methods.js" path="/home/jordan/github/plus/utility-methods.js">
      <metrics statements="18" coveredstatements="18" conditionals="11" coveredconditionals="11" methods="6" coveredmethods="6"/>
      <line num="1" count="1" type="stmt"/>
      <line num="2" count="16" type="stmt"/>
      <line num="5" count="1" type="stmt"/>
      <line num="6" count="29" type="stmt"/>
      <line num="9" count="1" type="stmt"/>
      <line num="10" count="146" type="stmt"/>
      <line num="13" count="1" type="stmt"/>
      <line num="14" count="43" type="cond" truecount="2" falsecount="0"/>
      <line num="15" count="1" type="stmt"/>
      <line num="18" count="42" type="cond" truecount="3" falsecount="0"/>
      <line num="21" count="1" type="stmt"/>
      <line num="22" count="328" type="stmt"/>
      <line num="25" count="1" type="stmt"/>
      <line num="26" count="142" type="cond" truecount="4" falsecount="0"/>
      <line num="27" count="124" type="stmt"/>
      <line num="28" count="18" type="cond" truecount="2" falsecount="0"/>
      <line num="29" count="8" type="stmt"/>
      <line num="31" count="10" type="stmt"/>
    </file>
  </project>
</coverage>
