<?xml version="1.0" encoding="UTF-8"?>
<coverage generated="1582330354730" clover="3.2.0">
  <project timestamp="1582330354730" name="All files">
    <metrics statements="565" coveredstatements="565" conditionals="347" coveredconditionals="347" methods="82" coveredmethods="82" elements="994" coveredelements="994" complexity="0" loc="565" ncloc="565" packages="1" files="2" classes="2"/>
    <file name="app.js" path="/home/jordan/github/plus/app.js">
      <metrics statements="547" coveredstatements="547" conditionals="336" coveredconditionals="336" methods="76" coveredmethods="76"/>
      <line num="3" count="1" type="stmt"/>
      <line num="5" count="1" type="stmt"/>
      <line num="9" count="1" type="stmt"/>
      <line num="11" count="117" type="cond" truecount="2" falsecount="0"/>
      <line num="12" count="7" type="stmt"/>
      <line num="13" count="7" type="stmt"/>
      <line num="15" count="110" type="stmt"/>
      <line num="20" count="349" type="cond" truecount="2" falsecount="0"/>
      <line num="21" count="5" type="stmt"/>
      <line num="23" count="356" type="stmt"/>
      <line num="26" count="344" type="stmt"/>
      <line num="30" count="327" type="cond" truecount="2" falsecount="0"/>
      <line num="31" count="5" type="stmt"/>
      <line num="33" count="322" type="cond" truecount="2" falsecount="0"/>
      <line num="34" count="321" type="stmt"/>
      <line num="36" count="1" type="stmt"/>
      <line num="42" count="5" type="cond" truecount="2" falsecount="0"/>
      <line num="46" count="3" type="cond" truecount="2" falsecount="0"/>
      <line num="50" count="8" type="cond" truecount="2" falsecount="0"/>
      <line num="51" count="2" type="stmt"/>
      <line num="54" count="6" type="stmt"/>
      <line num="56" count="6" type="cond" truecount="2" falsecount="0"/>
      <line num="57" count="3" type="stmt"/>
      <line num="59" count="3" type="stmt"/>
      <line num="60" count="5" type="cond" truecount="2" falsecount="0"/>
      <line num="61" count="1" type="stmt"/>
      <line num="65" count="2" type="stmt"/>
      <line num="72" count="1" type="stmt"/>
      <line num="74" count="17" type="cond" truecount="2" falsecount="0"/>
      <line num="75" count="10" type="stmt"/>
      <line num="76" count="10" type="stmt"/>
      <line num="78" count="7" type="stmt"/>
      <line num="83" count="11" type="cond" truecount="2" falsecount="0"/>
      <line num="84" count="5" type="stmt"/>
      <line num="86" count="21" type="stmt"/>
      <line num="89" count="11" type="stmt"/>
      <line num="93" count="12" type="cond" truecount="2" falsecount="0"/>
      <line num="94" count="4" type="stmt"/>
      <line num="96" count="8" type="stmt"/>
      <line num="101" count="11" type="cond" truecount="2" falsecount="0"/>
      <line num="102" count="7" type="stmt"/>
      <line num="104" count="4" type="stmt"/>
      <line num="109" count="6" type="cond" truecount="2" falsecount="0"/>
      <line num="110" count="3" type="stmt"/>
      <line num="112" count="3" type="cond" truecount="2" falsecount="0"/>
      <line num="117" count="8" type="cond" truecount="2" falsecount="0"/>
      <line num="118" count="2" type="stmt"/>
      <line num="121" count="6" type="stmt"/>
      <line num="123" count="6" type="cond" truecount="2" falsecount="0"/>
      <line num="124" count="3" type="stmt"/>
      <line num="126" count="3" type="stmt"/>
      <line num="127" count="5" type="cond" truecount="2" falsecount="0"/>
      <line num="128" count="1" type="stmt"/>
      <line num="132" count="2" type="stmt"/>
      <line num="139" count="1" type="stmt"/>
      <line num="141" count="39" type="stmt"/>
      <line num="146" count="39" type="stmt"/>
      <line num="150" count="9" type="stmt"/>
      <line num="151" count="9" type="stmt"/>
      <line num="155" count="8" type="stmt"/>
      <line num="158" count="8" type="cond" truecount="2" falsecount="0"/>
      <line num="159" count="3" type="stmt"/>
      <line num="160" count="3" type="stmt"/>
      <line num="163" count="5" type="stmt"/>
      <line num="164" count="11" type="cond" truecount="2" falsecount="0"/>
      <line num="165" count="5" type="stmt"/>
      <line num="168" count="6" type="stmt"/>
      <line num="171" count="5" type="stmt"/>
      <line num="172" count="5" type="stmt"/>
      <line num="173" count="5" type="stmt"/>
      <line num="177" count="29" type="stmt"/>
      <line num="178" count="102" type="stmt"/>
      <line num="184" count="29" type="stmt"/>
      <line num="186" count="29" type="stmt"/>
      <line num="187" count="102" type="stmt"/>
      <line num="188" count="102" type="stmt"/>
      <line num="189" count="102" type="stmt"/>
      <line num="192" count="29" type="stmt"/>
      <line num="196" count="9" type="cond" truecount="5" falsecount="0"/>
      <line num="197" count="3" type="stmt"/>
      <line num="200" count="6" type="stmt"/>
      <line num="201" count="12" type="stmt"/>
      <line num="207" count="6" type="stmt"/>
      <line num="209" count="6" type="cond" truecount="2" falsecount="0"/>
      <line num="210" count="1" type="stmt"/>
      <line num="213" count="5" type="stmt"/>
      <line num="215" count="5" type="stmt"/>
      <line num="216" count="11" type="stmt"/>
      <line num="217" count="11" type="stmt"/>
      <line num="218" count="11" type="stmt"/>
      <line num="221" count="5" type="stmt"/>
      <line num="222" count="5" type="stmt"/>
      <line num="226" count="5" type="stmt"/>
      <line num="228" count="5" type="stmt"/>
      <line num="230" count="5" type="cond" truecount="2" falsecount="0"/>
      <line num="231" count="1" type="stmt"/>
      <line num="234" count="4" type="stmt"/>
      <line num="235" count="13" type="stmt"/>
      <line num="236" count="13" type="stmt"/>
      <line num="239" count="4" type="stmt"/>
      <line num="243" count="11" type="cond" truecount="2" falsecount="0"/>
      <line num="245" count="10" type="stmt"/>
      <line num="247" count="10" type="cond" truecount="2" falsecount="0"/>
      <line num="248" count="4" type="cond" truecount="2" falsecount="0"/>
      <line num="249" count="1" type="stmt"/>
      <line num="252" count="3" type="stmt"/>
      <line num="253" count="3" type="stmt"/>
      <line num="256" count="6" type="stmt"/>
      <line num="257" count="17" type="cond" truecount="2" falsecount="0"/>
      <line num="258" count="4" type="stmt"/>
      <line num="259" count="4" type="stmt"/>
      <line num="262" count="13" type="stmt"/>
      <line num="265" count="2" type="stmt"/>
      <line num="269" count="13" type="cond" truecount="4" falsecount="0"/>
      <line num="271" count="12" type="cond" truecount="2" falsecount="0"/>
      <line num="272" count="8" type="cond" truecount="2" falsecount="0"/>
      <line num="273" count="2" type="stmt"/>
      <line num="275" count="6" type="stmt"/>
      <line num="278" count="8" type="stmt"/>
      <line num="281" count="4" type="stmt"/>
      <line num="282" count="4" type="stmt"/>
      <line num="284" count="4" type="stmt"/>
      <line num="285" count="6" type="cond" truecount="2" falsecount="0"/>
      <line num="286" count="3" type="cond" truecount="2" falsecount="0"/>
      <line num="287" count="1" type="stmt"/>
      <line num="289" count="2" type="stmt"/>
      <line num="292" count="3" type="stmt"/>
      <line num="295" count="3" type="stmt"/>
      <line num="296" count="3" type="stmt"/>
      <line num="301" count="47" type="cond" truecount="4" falsecount="0"/>
      <line num="303" count="45" type="stmt"/>
      <line num="305" count="45" type="stmt"/>
      <line num="306" count="116" type="cond" truecount="2" falsecount="0"/>
      <line num="307" count="4" type="stmt"/>
      <line num="309" count="112" type="stmt"/>
      <line num="313" count="41" type="stmt"/>
      <line num="317" count="11" type="cond" truecount="2" falsecount="0"/>
      <line num="318" count="1" type="stmt"/>
      <line num="321" count="10" type="cond" truecount="2" falsecount="0"/>
      <line num="322" count="1" type="stmt"/>
      <line num="325" count="9" type="stmt"/>
      <line num="326" count="9" type="stmt"/>
      <line num="328" count="9" type="stmt"/>
      <line num="329" count="31" type="cond" truecount="2" falsecount="0"/>
      <line num="330" count="4" type="stmt"/>
      <line num="336" count="27" type="stmt"/>
      <line num="337" count="27" type="stmt"/>
      <line num="340" count="5" type="stmt"/>
      <line num="344" count="4" type="stmt"/>
      <line num="345" count="4" type="stmt"/>
      <line num="347" count="4" type="stmt"/>
      <line num="348" count="20" type="stmt"/>
      <line num="349" count="20" type="stmt"/>
      <line num="352" count="4" type="stmt"/>
      <line num="356" count="20" type="stmt"/>
      <line num="357" count="20" type="stmt"/>
      <line num="359" count="20" type="stmt"/>
      <line num="360" count="61" type="stmt"/>
      <line num="361" count="61" type="stmt"/>
      <line num="364" count="20" type="stmt"/>
      <line num="368" count="61" type="stmt"/>
      <line num="370" count="61" type="cond" truecount="2" falsecount="0"/>
      <line num="371" count="30" type="stmt"/>
      <line num="374" count="31" type="stmt"/>
      <line num="375" count="104" type="stmt"/>
      <line num="378" count="31" type="stmt"/>
      <line num="382" count="6" type="cond" truecount="5" falsecount="0"/>
      <line num="383" count="2" type="stmt"/>
      <line num="386" count="4" type="stmt"/>
      <line num="388" count="4" type="cond" truecount="2" falsecount="0"/>
      <line num="390" count="3" type="stmt"/>
      <line num="391" count="3" type="stmt"/>
      <line num="395" count="3" type="stmt"/>
      <line num="396" count="3" type="stmt"/>
      <line num="397" count="3" type="stmt"/>
      <line num="399" count="3" type="stmt"/>
      <line num="400" count="17" type="stmt"/>
      <line num="401" count="17" type="stmt"/>
      <line num="402" count="17" type="stmt"/>
      <line num="403" count="17" type="stmt"/>
      <line num="406" count="3" type="stmt"/>
      <line num="407" count="3" type="stmt"/>
      <line num="411" count="3" type="stmt"/>
      <line num="412" count="3" type="stmt"/>
      <line num="414" count="9" type="stmt"/>
      <line num="416" count="3" type="stmt"/>
      <line num="417" count="22" type="cond" truecount="2" falsecount="0"/>
      <line num="418" count="16" type="stmt"/>
      <line num="421" count="22" type="stmt"/>
      <line num="424" count="3" type="stmt"/>
      <line num="428" count="4" type="stmt"/>
      <line num="429" count="4" type="stmt"/>
      <line num="431" count="4" type="stmt"/>
      <line num="432" count="9" type="cond" truecount="2" falsecount="0"/>
      <line num="433" count="4" type="stmt"/>
      <line num="436" count="9" type="stmt"/>
      <line num="439" count="4" type="stmt"/>
      <line num="443" count="2" type="stmt"/>
      <line num="448" count="2" type="stmt"/>
      <line num="452" count="6" type="stmt"/>
      <line num="454" count="6" type="stmt"/>
      <line num="455" count="20" type="cond" truecount="2" falsecount="0"/>
      <line num="456" count="4" type="stmt"/>
      <line num="459" count="16" type="stmt"/>
      <line num="462" count="2" type="stmt"/>
      <line num="468" count="1" type="stmt"/>
      <line num="470" count="49" type="stmt"/>
      <line num="471" count="617" type="cond" truecount="2" falsecount="0"/>
      <line num="472" count="284" type="stmt"/>
      <line num="473" count="284" type="stmt"/>
      <line num="475" count="284" type="stmt"/>
      <line num="476" count="284" type="stmt"/>
      <line num="479" count="617" type="stmt"/>
      <line num="482" count="49" type="stmt"/>
      <line num="486" count="9" type="cond" truecount="2" falsecount="0"/>
      <line num="487" count="1" type="stmt"/>
      <line num="490" count="8" type="stmt"/>
      <line num="491" count="8" type="stmt"/>
      <line num="496" count="8" type="stmt"/>
      <line num="498" count="8" type="stmt"/>
      <line num="499" count="20" type="stmt"/>
      <line num="500" count="20" type="stmt"/>
      <line num="502" count="20" type="stmt"/>
      <line num="503" count="24" type="stmt"/>
      <line num="505" count="24" type="cond" truecount="4" falsecount="0"/>
      <line num="506" count="10" type="stmt"/>
      <line num="509" count="24" type="cond" truecount="4" falsecount="0"/>
      <line num="510" count="6" type="stmt"/>
      <line num="514" count="20" type="stmt"/>
      <line num="515" count="20" type="stmt"/>
      <line num="518" count="8" type="stmt"/>
      <line num="522" count="5" type="cond" truecount="2" falsecount="0"/>
      <line num="523" count="1" type="stmt"/>
      <line num="524" count="4" type="cond" truecount="4" falsecount="0"/>
      <line num="525" count="1" type="stmt"/>
      <line num="528" count="3" type="stmt"/>
      <line num="529" count="3" type="stmt"/>
      <line num="534" count="3" type="stmt"/>
      <line num="536" count="3" type="stmt"/>
      <line num="537" count="13" type="stmt"/>
      <line num="538" count="13" type="stmt"/>
      <line num="540" count="13" type="stmt"/>
      <line num="541" count="20" type="stmt"/>
      <line num="543" count="20" type="cond" truecount="4" falsecount="0"/>
      <line num="544" count="10" type="stmt"/>
      <line num="547" count="20" type="cond" truecount="4" falsecount="0"/>
      <line num="548" count="7" type="stmt"/>
      <line num="552" count="13" type="stmt"/>
      <line num="553" count="13" type="stmt"/>
      <line num="556" count="3" type="stmt"/>
      <line num="560" count="34" type="stmt"/>
      <line num="561" count="34" type="stmt"/>
      <line num="562" count="149" type="cond" truecount="4" falsecount="0"/>
      <line num="563" count="30" type="stmt"/>
      <line num="566" count="119" type="cond" truecount="2" falsecount="0"/>
      <line num="568" count="119" type="cond" truecount="2" falsecount="0"/>
      <line num="569" count="64" type="stmt"/>
      <line num="572" count="119" type="cond" truecount="2" falsecount="0"/>
      <line num="574" count="119" type="cond" truecount="2" falsecount="0"/>
      <line num="575" count="52" type="stmt"/>
      <line num="578" count="119" type="cond" truecount="2" falsecount="0"/>
      <line num="581" count="34" type="cond" truecount="2" falsecount="0"/>
      <line num="583" count="33" type="stmt"/>
      <line num="584" count="33" type="stmt"/>
      <line num="585" count="33" type="stmt"/>
      <line num="589" count="17" type="stmt"/>
      <line num="590" count="17" type="stmt"/>
      <line num="591" count="83" type="cond" truecount="4" falsecount="0"/>
      <line num="592" count="3" type="stmt"/>
      <line num="595" count="80" type="cond" truecount="2" falsecount="0"/>
      <line num="597" count="80" type="cond" truecount="2" falsecount="0"/>
      <line num="598" count="40" type="stmt"/>
      <line num="601" count="80" type="cond" truecount="2" falsecount="0"/>
      <line num="603" count="80" type="cond" truecount="2" falsecount="0"/>
      <line num="604" count="30" type="stmt"/>
      <line num="607" count="80" type="cond" truecount="2" falsecount="0"/>
      <line num="610" count="17" type="stmt"/>
      <line num="611" count="17" type="cond" truecount="2" falsecount="0"/>
      <line num="614" count="17" type="cond" truecount="4" falsecount="0"/>
      <line num="615" count="4" type="stmt"/>
      <line num="618" count="13" type="stmt"/>
      <line num="619" count="13" type="stmt"/>
      <line num="623" count="13" type="cond" truecount="2" falsecount="0"/>
      <line num="624" count="2" type="stmt"/>
      <line num="627" count="11" type="stmt"/>
      <line num="632" count="11" type="stmt"/>
      <line num="634" count="11" type="stmt"/>
      <line num="635" count="23" type="stmt"/>
      <line num="636" count="23" type="stmt"/>
      <line num="638" count="23" type="stmt"/>
      <line num="639" count="40" type="stmt"/>
      <line num="641" count="40" type="cond" truecount="2" falsecount="0"/>
      <line num="642" count="5" type="stmt"/>
      <line num="645" count="35" type="cond" truecount="2" falsecount="0"/>
      <line num="646" count="10" type="stmt"/>
      <line num="649" count="25" type="stmt"/>
      <line num="650" count="25" type="stmt"/>
      <line num="653" count="13" type="stmt"/>
      <line num="656" count="1" type="stmt"/>
      <line num="660" count="8" type="cond" truecount="2" falsecount="0"/>
      <line num="661" count="1" type="stmt"/>
      <line num="662" count="1" type="stmt"/>
      <line num="663" count="7" type="cond" truecount="2" falsecount="0"/>
      <line num="664" count="1" type="stmt"/>
      <line num="665" count="1" type="stmt"/>
      <line num="668" count="6" type="stmt"/>
      <line num="669" count="6" type="stmt"/>
      <line num="674" count="6" type="stmt"/>
      <line num="675" count="6" type="stmt"/>
      <line num="677" count="6" type="stmt"/>
      <line num="678" count="14" type="stmt"/>
      <line num="679" count="14" type="stmt"/>
      <line num="681" count="14" type="stmt"/>
      <line num="682" count="32" type="stmt"/>
      <line num="684" count="32" type="cond" truecount="2" falsecount="0"/>
      <line num="685" count="1" type="stmt"/>
      <line num="686" count="1" type="stmt"/>
      <line num="689" count="31" type="cond" truecount="2" falsecount="0"/>
      <line num="690" count="5" type="stmt"/>
      <line num="691" count="5" type="stmt"/>
      <line num="694" count="26" type="stmt"/>
      <line num="695" count="26" type="stmt"/>
      <line num="698" count="8" type="stmt"/>
      <line num="703" count="10" type="cond" truecount="2" falsecount="0"/>
      <line num="704" count="1" type="stmt"/>
      <line num="707" count="9" type="stmt"/>
      <line num="708" count="9" type="stmt"/>
      <line num="715" count="9" type="stmt"/>
      <line num="717" count="9" type="stmt"/>
      <line num="718" count="26" type="stmt"/>
      <line num="719" count="26" type="stmt"/>
      <line num="721" count="26" type="stmt"/>
      <line num="722" count="55" type="stmt"/>
      <line num="724" count="55" type="cond" truecount="4" falsecount="0"/>
      <line num="725" count="7" type="stmt"/>
      <line num="726" count="7" type="stmt"/>
      <line num="729" count="55" type="cond" truecount="2" falsecount="0"/>
      <line num="730" count="48" type="stmt"/>
      <line num="733" count="55" type="cond" truecount="2" falsecount="0"/>
      <line num="734" count="24" type="stmt"/>
      <line num="737" count="55" type="cond" truecount="2" falsecount="0"/>
      <line num="738" count="22" type="stmt"/>
      <line num="742" count="26" type="stmt"/>
      <line num="745" count="9" type="cond" truecount="4" falsecount="0"/>
      <line num="746" count="6" type="stmt"/>
      <line num="747" count="6" type="stmt"/>
      <line num="750" count="9" type="stmt"/>
      <line num="756" count="1" type="stmt"/>
      <line num="758" count="495" type="stmt"/>
      <line num="759" count="495" type="stmt"/>
      <line num="760" count="495" type="stmt"/>
      <line num="761" count="495" type="stmt"/>
      <line num="765" count="896" type="cond" truecount="2" falsecount="0"/>
      <line num="766" count="371" type="stmt"/>
      <line num="769" count="525" type="stmt"/>
      <line num="773" count="909" type="cond" truecount="2" falsecount="0"/>
      <line num="774" count="324" type="stmt"/>
      <line num="777" count="585" type="stmt"/>
      <line num="781" count="38" type="stmt"/>
      <line num="782" count="38" type="stmt"/>
      <line num="783" count="38" type="stmt"/>
      <line num="785" count="38" type="stmt"/>
      <line num="786" count="38" type="stmt"/>
      <line num="787" count="38" type="stmt"/>
      <line num="791" count="51" type="stmt"/>
      <line num="792" count="51" type="stmt"/>
      <line num="793" count="51" type="stmt"/>
      <line num="795" count="51" type="stmt"/>
      <line num="796" count="51" type="stmt"/>
      <line num="797" count="51" type="stmt"/>
      <line num="803" count="1" type="stmt"/>
      <line num="805" count="59" type="stmt"/>
      <line num="806" count="59" type="stmt"/>
      <line num="807" count="59" type="stmt"/>
      <line num="809" count="59" type="cond" truecount="2" falsecount="0"/>
      <line num="810" count="59" type="stmt"/>
      <line num="811" count="59" type="cond" truecount="2" falsecount="0"/>
      <line num="812" count="1" type="stmt"/>
      <line num="815" count="58" type="cond" truecount="2" falsecount="0"/>
      <line num="816" count="1" type="stmt"/>
      <line num="819" count="57" type="stmt"/>
      <line num="821" count="59" type="stmt"/>
      <line num="822" count="57" type="stmt"/>
      <line num="823" count="57" type="stmt"/>
      <line num="824" count="57" type="stmt"/>
      <line num="825" count="40" type="cond" truecount="2" falsecount="0"/>
      <line num="826" count="31" type="stmt"/>
      <line num="829" count="9" type="stmt"/>
      <line num="831" count="9" type="stmt"/>
      <line num="832" count="9" type="cond" truecount="2" falsecount="0"/>
      <line num="833" count="3" type="stmt"/>
      <line num="837" count="6" type="cond" truecount="4" falsecount="0"/>
      <line num="838" count="3" type="stmt"/>
      <line num="841" count="3" type="stmt"/>
      <line num="844" count="57" type="stmt"/>
      <line num="845" count="17" type="stmt"/>
      <line num="847" count="17" type="cond" truecount="2" falsecount="0"/>
      <line num="848" count="1" type="stmt"/>
      <line num="851" count="16" type="stmt"/>
      <line num="853" count="16" type="stmt"/>
      <line num="854" count="40" type="cond" truecount="2" falsecount="0"/>
      <line num="855" count="1" type="stmt"/>
      <line num="859" count="15" type="cond" truecount="4" falsecount="0"/>
      <line num="860" count="1" type="stmt"/>
      <line num="863" count="14" type="cond" truecount="4" falsecount="0"/>
      <line num="864" count="2" type="stmt"/>
      <line num="867" count="12" type="cond" truecount="4" falsecount="0"/>
      <line num="868" count="2" type="stmt"/>
      <line num="871" count="10" type="stmt"/>
      <line num="874" count="57" type="cond" truecount="2" falsecount="0"/>
      <line num="877" count="59" type="stmt"/>
      <line num="878" count="57" type="stmt"/>
      <line num="880" count="44" type="cond" truecount="2" falsecount="0"/>
      <line num="881" count="31" type="stmt"/>
      <line num="884" count="44" type="stmt"/>
      <line num="885" count="44" type="cond" truecount="2" falsecount="0"/>
      <line num="886" count="44" type="stmt"/>
      <line num="887" count="44" type="stmt"/>
      <line num="888" count="44" type="stmt"/>
      <line num="889" count="44" type="stmt"/>
      <line num="890" count="44" type="stmt"/>
      <line num="894" count="38" type="stmt"/>
      <line num="896" count="38" type="cond" truecount="2" falsecount="0"/>
      <line num="897" count="1" type="stmt"/>
      <line num="898" count="37" type="cond" truecount="2" falsecount="0"/>
      <line num="899" count="154" type="stmt"/>
      <line num="901" count="6" type="stmt"/>
      <line num="906" count="37" type="stmt"/>
      <line num="907" count="160" type="stmt"/>
      <line num="909" count="160" type="cond" truecount="4" falsecount="0"/>
      <line num="910" count="157" type="stmt"/>
      <line num="911" count="157" type="stmt"/>
      <line num="915" count="37" type="stmt"/>
      <line num="919" count="433" type="cond" truecount="2" falsecount="0"/>
      <line num="920" count="157" type="stmt"/>
      <line num="921" count="157" type="stmt"/>
      <line num="924" count="276" type="cond" truecount="2" falsecount="0"/>
      <line num="925" count="116" type="stmt"/>
      <line num="927" count="160" type="stmt"/>
      <line num="930" count="276" type="stmt"/>
      <line num="931" count="276" type="stmt"/>
      <line num="933" count="276" type="cond" truecount="2" falsecount="0"/>
      <line num="934" count="22" type="cond" truecount="2" falsecount="0"/>
      <line num="935" count="13" type="stmt"/>
      <line num="937" count="9" type="stmt"/>
      <line num="938" count="9" type="stmt"/>
      <line num="940" count="254" type="cond" truecount="2" falsecount="0"/>
      <line num="941" count="32" type="cond" truecount="2" falsecount="0"/>
      <line num="942" count="7" type="stmt"/>
      <line num="943" count="7" type="stmt"/>
      <line num="945" count="25" type="stmt"/>
      <line num="949" count="260" type="stmt"/>
      <line num="953" count="22" type="stmt"/>
      <line num="955" count="22" type="cond" truecount="2" falsecount="0"/>
      <line num="956" count="1" type="stmt"/>
      <line num="957" count="21" type="cond" truecount="2" falsecount="0"/>
      <line num="958" count="39" type="stmt"/>
      <line num="960" count="15" type="stmt"/>
      <line num="965" count="21" type="stmt"/>
      <line num="966" count="54" type="stmt"/>
      <line num="968" count="54" type="cond" truecount="2" falsecount="0"/>
      <line num="969" count="52" type="stmt"/>
      <line num="973" count="21" type="stmt"/>
      <line num="977" count="126" type="cond" truecount="2" falsecount="0"/>
      <line num="978" count="1" type="stmt"/>
      <line num="981" count="125" type="cond" truecount="2" falsecount="0"/>
      <line num="984" count="64" type="cond" truecount="4" falsecount="0"/>
      <line num="985" count="35" type="stmt"/>
      <line num="986" count="29" type="cond" truecount="4" falsecount="0"/>
      <line num="987" count="8" type="stmt"/>
      <line num="988" count="21" type="cond" truecount="4" falsecount="0"/>
      <line num="989" count="8" type="stmt"/>
      <line num="991" count="13" type="stmt"/>
      <line num="992" count="13" type="stmt"/>
      <line num="993" count="13" type="stmt"/>
      <line num="996" count="64" type="cond" truecount="2" falsecount="0"/>
      <line num="997" count="3" type="stmt"/>
      <line num="999" count="61" type="stmt"/>
      <line num="1002" count="64" type="stmt"/>
      <line num="1003" count="61" type="cond" truecount="2" falsecount="0"/>
      <line num="1004" count="34" type="stmt"/>
      <line num="1006" count="27" type="stmt"/>
      <line num="1009" count="125" type="cond" truecount="2" falsecount="0"/>
      <line num="1010" count="35" type="stmt"/>
      <line num="1013" count="90" type="stmt"/>
      <line num="1014" count="90" type="stmt"/>
      <line num="1016" count="90" type="cond" truecount="2" falsecount="0"/>
      <line num="1017" count="5" type="cond" truecount="4" falsecount="0"/>
      <line num="1018" count="4" type="stmt"/>
      <line num="1021" count="5" type="cond" truecount="2" falsecount="0"/>
      <line num="1022" count="1" type="stmt"/>
      <line num="1023" count="1" type="stmt"/>
      <line num="1027" count="89" type="cond" truecount="2" falsecount="0"/>
      <line num="1028" count="8" type="cond" truecount="4" falsecount="0"/>
      <line num="1029" count="5" type="stmt"/>
      <line num="1032" count="8" type="cond" truecount="2" falsecount="0"/>
      <line num="1033" count="4" type="stmt"/>
      <line num="1034" count="4" type="stmt"/>
      <line num="1038" count="85" type="stmt"/>
      <line num="1042" count="403" type="stmt"/>
      <line num="1044" count="403" type="cond" truecount="5" falsecount="0"/>
      <line num="1046" count="40" type="stmt"/>
      <line num="1048" count="144" type="stmt"/>
      <line num="1050" count="110" type="stmt"/>
      <line num="1052" count="27" type="stmt"/>
      <line num="1054" count="82" type="stmt"/>
      <line num="1059" count="18" type="stmt"/>
      <line num="1061" count="18" type="stmt"/>
      <line num="1062" count="11" type="stmt"/>
      <line num="1065" count="18" type="stmt"/>
      <line num="1069" count="4" type="stmt"/>
      <line num="1071" count="4" type="stmt"/>
      <line num="1072" count="5" type="stmt"/>
      <line num="1075" count="4" type="stmt"/>
      <line num="1079" count="19" type="cond" truecount="2" falsecount="0"/>
      <line num="1080" count="1" type="stmt"/>
      <line num="1083" count="18" type="cond" truecount="4" falsecount="0"/>
      <line num="1084" count="9" type="stmt"/>
      <line num="1087" count="9" type="cond" truecount="2" falsecount="0"/>
      <line num="1088" count="4" type="stmt"/>
      <line num="1090" count="5" type="stmt"/>
      <line num="1095" count="6" type="stmt"/>
      <line num="1099" count="9" type="cond" truecount="2" falsecount="0"/>
      <line num="1100" count="2" type="cond" truecount="2" falsecount="0"/>
      <line num="1103" count="7" type="cond" truecount="2" falsecount="0"/>
      <line num="1107" count="234" type="cond" truecount="4" falsecount="0"/>
      <line num="1109" count="29" type="stmt"/>
      <line num="1111" count="16" type="stmt"/>
      <line num="1113" count="146" type="stmt"/>
      <line num="1115" count="43" type="stmt"/>
      <line num="1120" count="28" type="stmt"/>
      <line num="1121" count="28" type="stmt"/>
      <line num="1122" count="107" type="cond" truecount="2" falsecount="0"/>
      <line num="1123" count="1" type="stmt"/>
      <line num="1126" count="106" type="cond" truecount="2" falsecount="0"/>
      <line num="1128" count="106" type="cond" truecount="2" falsecount="0"/>
      <line num="1129" count="37" type="stmt"/>
      <line num="1132" count="106" type="cond" truecount="2" falsecount="0"/>
      <line num="1134" count="106" type="cond" truecount="2" falsecount="0"/>
      <line num="1135" count="43" type="stmt"/>
      <line num="1138" count="106" type="cond" truecount="2" falsecount="0"/>
      <line num="1141" count="28" type="cond" truecount="2" falsecount="0"/>
      <line num="1143" count="27" type="stmt"/>
      <line num="1144" count="27" type="stmt"/>
      <line num="1145" count="27" type="stmt"/>
      <line num="1149" count="11" type="stmt"/>
      <line num="1155" count="1" type="stmt"/>
    </file>
    <file name="utility-methods.js" path="/home/jordan/github/plus/utility-methods.js">
      <metrics statements="18" coveredstatements="18" conditionals="11" coveredconditionals="11" methods="6" coveredmethods="6"/>
      <line num="1" count="1" type="stmt"/>
      <line num="2" count="16" type="stmt"/>
      <line num="5" count="1" type="stmt"/>
      <line num="6" count="29" type="stmt"/>
      <line num="9" count="1" type="stmt"/>
      <line num="10" count="146" type="stmt"/>
      <line num="13" count="1" type="stmt"/>
      <line num="14" count="43" type="cond" truecount="2" falsecount="0"/>
      <line num="15" count="1" type="stmt"/>
      <line num="18" count="42" type="cond" truecount="3" falsecount="0"/>
      <line num="21" count="1" type="stmt"/>
      <line num="22" count="328" type="stmt"/>
      <line num="25" count="1" type="stmt"/>
      <line num="26" count="142" type="cond" truecount="4" falsecount="0"/>
      <line num="27" count="124" type="stmt"/>
      <line num="28" count="18" type="cond" truecount="2" falsecount="0"/>
      <line num="29" count="8" type="stmt"/>
      <line num="31" count="10" type="stmt"/>
    </file>
  </project>
</coverage>
