{"/home/jordan/github/plus/app.js": {"path":"/home/jordan/github/plus/app.js","statementMap":{"0":{"start":{"line":3,"column":13},"end":{"line":3,"column":44}},"1":{"start":{"line":5,"column":11},"end":{"line":5,"column":13}},"2":{"start":{"line":9,"column":0},"end":{"line":68,"column":2}},"3":{"start":{"line":11,"column":4},"end":{"line":16,"column":5}},"4":{"start":{"line":12,"column":6},"end":{"line":12,"column":45}},"5":{"start":{"line":13,"column":6},"end":{"line":13,"column":21}},"6":{"start":{"line":15,"column":6},"end":{"line":15,"column":21}},"7":{"start":{"line":20,"column":4},"end":{"line":24,"column":5}},"8":{"start":{"line":21,"column":6},"end":{"line":21,"column":56}},"9":{"start":{"line":23,"column":6},"end":{"line":23,"column":60}},"10":{"start":{"line":23,"column":35},"end":{"line":23,"column":58}},"11":{"start":{"line":26,"column":4},"end":{"line":26,"column":13}},"12":{"start":{"line":30,"column":4},"end":{"line":38,"column":5}},"13":{"start":{"line":31,"column":6},"end":{"line":31,"column":40}},"14":{"start":{"line":33,"column":6},"end":{"line":37,"column":7}},"15":{"start":{"line":34,"column":8},"end":{"line":34,"column":33}},"16":{"start":{"line":36,"column":8},"end":{"line":36,"column":20}},"17":{"start":{"line":42,"column":4},"end":{"line":42,"column":51}},"18":{"start":{"line":46,"column":4},"end":{"line":46,"column":72}},"19":{"start":{"line":50,"column":4},"end":{"line":52,"column":5}},"20":{"start":{"line":51,"column":6},"end":{"line":51,"column":18}},"21":{"start":{"line":54,"column":15},"end":{"line":54,"column":19}},"22":{"start":{"line":56,"column":4},"end":{"line":66,"column":5}},"23":{"start":{"line":57,"column":6},"end":{"line":57,"column":50}},"24":{"start":{"line":59,"column":6},"end":{"line":63,"column":7}},"25":{"start":{"line":59,"column":19},"end":{"line":59,"column":20}},"26":{"start":{"line":60,"column":8},"end":{"line":62,"column":9}},"27":{"start":{"line":61,"column":10},"end":{"line":61,"column":42}},"28":{"start":{"line":65,"column":6},"end":{"line":65,"column":18}},"29":{"start":{"line":72,"column":0},"end":{"line":135,"column":2}},"30":{"start":{"line":74,"column":4},"end":{"line":79,"column":5}},"31":{"start":{"line":75,"column":6},"end":{"line":75,"column":45}},"32":{"start":{"line":76,"column":6},"end":{"line":76,"column":21}},"33":{"start":{"line":78,"column":6},"end":{"line":78,"column":21}},"34":{"start":{"line":83,"column":4},"end":{"line":87,"column":5}},"35":{"start":{"line":84,"column":6},"end":{"line":84,"column":49}},"36":{"start":{"line":86,"column":6},"end":{"line":86,"column":48}},"37":{"start":{"line":86,"column":29},"end":{"line":86,"column":46}},"38":{"start":{"line":89,"column":4},"end":{"line":89,"column":13}},"39":{"start":{"line":93,"column":4},"end":{"line":97,"column":5}},"40":{"start":{"line":94,"column":6},"end":{"line":94,"column":38}},"41":{"start":{"line":96,"column":6},"end":{"line":96,"column":29}},"42":{"start":{"line":101,"column":4},"end":{"line":105,"column":5}},"43":{"start":{"line":102,"column":6},"end":{"line":102,"column":30}},"44":{"start":{"line":104,"column":6},"end":{"line":104,"column":45}},"45":{"start":{"line":109,"column":4},"end":{"line":113,"column":5}},"46":{"start":{"line":110,"column":6},"end":{"line":110,"column":37}},"47":{"start":{"line":112,"column":6},"end":{"line":112,"column":49}},"48":{"start":{"line":117,"column":4},"end":{"line":119,"column":5}},"49":{"start":{"line":118,"column":6},"end":{"line":118,"column":18}},"50":{"start":{"line":121,"column":15},"end":{"line":121,"column":19}},"51":{"start":{"line":123,"column":4},"end":{"line":133,"column":5}},"52":{"start":{"line":124,"column":6},"end":{"line":124,"column":50}},"53":{"start":{"line":126,"column":6},"end":{"line":130,"column":7}},"54":{"start":{"line":126,"column":19},"end":{"line":126,"column":20}},"55":{"start":{"line":127,"column":8},"end":{"line":129,"column":9}},"56":{"start":{"line":128,"column":10},"end":{"line":128,"column":42}},"57":{"start":{"line":132,"column":6},"end":{"line":132,"column":18}},"58":{"start":{"line":139,"column":0},"end":{"line":492,"column":2}},"59":{"start":{"line":141,"column":19},"end":{"line":144,"column":5}},"60":{"start":{"line":146,"column":4},"end":{"line":146,"column":25}},"61":{"start":{"line":147,"column":4},"end":{"line":147,"column":18}},"62":{"start":{"line":151,"column":4},"end":{"line":151,"column":26}},"63":{"start":{"line":152,"column":4},"end":{"line":152,"column":13}},"64":{"start":{"line":156,"column":19},"end":{"line":156,"column":28}},"65":{"start":{"line":159,"column":4},"end":{"line":162,"column":5}},"66":{"start":{"line":160,"column":6},"end":{"line":160,"column":23}},"67":{"start":{"line":161,"column":6},"end":{"line":161,"column":23}},"68":{"start":{"line":164,"column":4},"end":{"line":170,"column":5}},"69":{"start":{"line":165,"column":6},"end":{"line":167,"column":7}},"70":{"start":{"line":166,"column":8},"end":{"line":166,"column":14}},"71":{"start":{"line":169,"column":6},"end":{"line":169,"column":31}},"72":{"start":{"line":172,"column":4},"end":{"line":172,"column":37}},"73":{"start":{"line":173,"column":4},"end":{"line":173,"column":25}},"74":{"start":{"line":174,"column":4},"end":{"line":174,"column":19}},"75":{"start":{"line":175,"column":4},"end":{"line":175,"column":24}},"76":{"start":{"line":179,"column":16},"end":{"line":184,"column":6}},"77":{"start":{"line":180,"column":6},"end":{"line":183,"column":8}},"78":{"start":{"line":186,"column":15},"end":{"line":186,"column":26}},"79":{"start":{"line":188,"column":4},"end":{"line":193,"column":5}},"80":{"start":{"line":189,"column":6},"end":{"line":189,"column":21}},"81":{"start":{"line":190,"column":6},"end":{"line":190,"column":27}},"82":{"start":{"line":191,"column":6},"end":{"line":191,"column":23}},"83":{"start":{"line":192,"column":6},"end":{"line":192,"column":20}},"84":{"start":{"line":195,"column":4},"end":{"line":195,"column":16}},"85":{"start":{"line":199,"column":4},"end":{"line":201,"column":5}},"86":{"start":{"line":200,"column":6},"end":{"line":200,"column":18}},"87":{"start":{"line":203,"column":16},"end":{"line":208,"column":6}},"88":{"start":{"line":204,"column":6},"end":{"line":207,"column":8}},"89":{"start":{"line":210,"column":15},"end":{"line":210,"column":41}},"90":{"start":{"line":212,"column":4},"end":{"line":214,"column":5}},"91":{"start":{"line":213,"column":6},"end":{"line":213,"column":18}},"92":{"start":{"line":216,"column":19},"end":{"line":216,"column":28}},"93":{"start":{"line":218,"column":4},"end":{"line":223,"column":5}},"94":{"start":{"line":219,"column":6},"end":{"line":219,"column":21}},"95":{"start":{"line":220,"column":6},"end":{"line":220,"column":27}},"96":{"start":{"line":221,"column":6},"end":{"line":221,"column":23}},"97":{"start":{"line":222,"column":6},"end":{"line":222,"column":20}},"98":{"start":{"line":225,"column":4},"end":{"line":225,"column":25}},"99":{"start":{"line":226,"column":4},"end":{"line":226,"column":16}},"100":{"start":{"line":230,"column":17},"end":{"line":230,"column":19}},"101":{"start":{"line":232,"column":19},"end":{"line":232,"column":28}},"102":{"start":{"line":234,"column":4},"end":{"line":236,"column":5}},"103":{"start":{"line":235,"column":6},"end":{"line":235,"column":20}},"104":{"start":{"line":238,"column":4},"end":{"line":241,"column":5}},"105":{"start":{"line":239,"column":6},"end":{"line":239,"column":32}},"106":{"start":{"line":240,"column":6},"end":{"line":240,"column":31}},"107":{"start":{"line":243,"column":4},"end":{"line":243,"column":18}},"108":{"start":{"line":247,"column":4},"end":{"line":247,"column":29}},"109":{"start":{"line":247,"column":18},"end":{"line":247,"column":27}},"110":{"start":{"line":249,"column":19},"end":{"line":249,"column":28}},"111":{"start":{"line":252,"column":4},"end":{"line":262,"column":5}},"112":{"start":{"line":253,"column":6},"end":{"line":256,"column":7}},"113":{"start":{"line":254,"column":8},"end":{"line":254,"column":23}},"114":{"start":{"line":255,"column":8},"end":{"line":255,"column":20}},"115":{"start":{"line":258,"column":6},"end":{"line":258,"column":26}},"116":{"start":{"line":259,"column":6},"end":{"line":259,"column":33}},"117":{"start":{"line":260,"column":6},"end":{"line":260,"column":21}},"118":{"start":{"line":261,"column":6},"end":{"line":261,"column":17}},"119":{"start":{"line":264,"column":4},"end":{"line":273,"column":5}},"120":{"start":{"line":265,"column":6},"end":{"line":270,"column":7}},"121":{"start":{"line":266,"column":8},"end":{"line":266,"column":23}},"122":{"start":{"line":267,"column":8},"end":{"line":267,"column":32}},"123":{"start":{"line":268,"column":8},"end":{"line":268,"column":43}},"124":{"start":{"line":269,"column":8},"end":{"line":269,"column":19}},"125":{"start":{"line":272,"column":6},"end":{"line":272,"column":31}},"126":{"start":{"line":275,"column":4},"end":{"line":275,"column":16}},"127":{"start":{"line":279,"column":4},"end":{"line":279,"column":87}},"128":{"start":{"line":279,"column":73},"end":{"line":279,"column":85}},"129":{"start":{"line":283,"column":4},"end":{"line":294,"column":5}},"130":{"start":{"line":284,"column":6},"end":{"line":284,"column":26}},"131":{"start":{"line":286,"column":6},"end":{"line":290,"column":7}},"132":{"start":{"line":287,"column":8},"end":{"line":287,"column":25}},"133":{"start":{"line":289,"column":8},"end":{"line":289,"column":35}},"134":{"start":{"line":292,"column":6},"end":{"line":292,"column":21}},"135":{"start":{"line":293,"column":6},"end":{"line":293,"column":17}},"136":{"start":{"line":296,"column":19},"end":{"line":296,"column":28}},"137":{"start":{"line":297,"column":12},"end":{"line":297,"column":13}},"138":{"start":{"line":299,"column":4},"end":{"line":315,"column":5}},"139":{"start":{"line":300,"column":6},"end":{"line":311,"column":7}},"140":{"start":{"line":301,"column":8},"end":{"line":301,"column":33}},"141":{"start":{"line":303,"column":8},"end":{"line":307,"column":9}},"142":{"start":{"line":304,"column":10},"end":{"line":304,"column":31}},"143":{"start":{"line":306,"column":10},"end":{"line":306,"column":45}},"144":{"start":{"line":309,"column":8},"end":{"line":309,"column":23}},"145":{"start":{"line":310,"column":8},"end":{"line":310,"column":19}},"146":{"start":{"line":313,"column":6},"end":{"line":313,"column":31}},"147":{"start":{"line":314,"column":6},"end":{"line":314,"column":13}},"148":{"start":{"line":319,"column":4},"end":{"line":319,"column":64}},"149":{"start":{"line":319,"column":50},"end":{"line":319,"column":62}},"150":{"start":{"line":321,"column":19},"end":{"line":321,"column":28}},"151":{"start":{"line":323,"column":4},"end":{"line":329,"column":5}},"152":{"start":{"line":323,"column":17},"end":{"line":323,"column":18}},"153":{"start":{"line":324,"column":6},"end":{"line":328,"column":7}},"154":{"start":{"line":325,"column":8},"end":{"line":325,"column":20}},"155":{"start":{"line":327,"column":8},"end":{"line":327,"column":33}},"156":{"start":{"line":331,"column":4},"end":{"line":331,"column":20}},"157":{"start":{"line":335,"column":4},"end":{"line":337,"column":5}},"158":{"start":{"line":336,"column":6},"end":{"line":336,"column":18}},"159":{"start":{"line":339,"column":4},"end":{"line":341,"column":5}},"160":{"start":{"line":340,"column":6},"end":{"line":340,"column":23}},"161":{"start":{"line":343,"column":19},"end":{"line":343,"column":28}},"162":{"start":{"line":344,"column":12},"end":{"line":344,"column":13}},"163":{"start":{"line":346,"column":4},"end":{"line":356,"column":5}},"164":{"start":{"line":347,"column":6},"end":{"line":352,"column":7}},"165":{"start":{"line":348,"column":8},"end":{"line":351,"column":10}},"166":{"start":{"line":354,"column":6},"end":{"line":354,"column":31}},"167":{"start":{"line":355,"column":6},"end":{"line":355,"column":13}},"168":{"start":{"line":358,"column":4},"end":{"line":358,"column":16}},"169":{"start":{"line":362,"column":19},"end":{"line":362,"column":28}},"170":{"start":{"line":363,"column":16},"end":{"line":363,"column":18}},"171":{"start":{"line":365,"column":4},"end":{"line":368,"column":5}},"172":{"start":{"line":366,"column":6},"end":{"line":366,"column":27}},"173":{"start":{"line":367,"column":6},"end":{"line":367,"column":31}},"174":{"start":{"line":370,"column":4},"end":{"line":370,"column":52}},"175":{"start":{"line":374,"column":4},"end":{"line":374,"column":22}},"176":{"start":{"line":375,"column":4},"end":{"line":375,"column":21}},"177":{"start":{"line":379,"column":19},"end":{"line":379,"column":28}},"178":{"start":{"line":381,"column":4},"end":{"line":383,"column":5}},"179":{"start":{"line":382,"column":6},"end":{"line":382,"column":22}},"180":{"start":{"line":385,"column":4},"end":{"line":387,"column":5}},"181":{"start":{"line":386,"column":6},"end":{"line":386,"column":31}},"182":{"start":{"line":389,"column":4},"end":{"line":389,"column":20}},"183":{"start":{"line":393,"column":4},"end":{"line":395,"column":5}},"184":{"start":{"line":394,"column":6},"end":{"line":394,"column":18}},"185":{"start":{"line":397,"column":15},"end":{"line":397,"column":41}},"186":{"start":{"line":399,"column":4},"end":{"line":399,"column":39}},"187":{"start":{"line":399,"column":25},"end":{"line":399,"column":37}},"188":{"start":{"line":401,"column":4},"end":{"line":401,"column":21}},"189":{"start":{"line":402,"column":4},"end":{"line":402,"column":16}},"190":{"start":{"line":406,"column":15},"end":{"line":406,"column":19}},"191":{"start":{"line":407,"column":15},"end":{"line":407,"column":19}},"192":{"start":{"line":408,"column":19},"end":{"line":408,"column":28}},"193":{"start":{"line":410,"column":4},"end":{"line":415,"column":5}},"194":{"start":{"line":411,"column":6},"end":{"line":411,"column":27}},"195":{"start":{"line":412,"column":6},"end":{"line":412,"column":27}},"196":{"start":{"line":413,"column":6},"end":{"line":413,"column":22}},"197":{"start":{"line":414,"column":6},"end":{"line":414,"column":22}},"198":{"start":{"line":417,"column":4},"end":{"line":417,"column":21}},"199":{"start":{"line":418,"column":4},"end":{"line":418,"column":16}},"200":{"start":{"line":422,"column":17},"end":{"line":422,"column":19}},"201":{"start":{"line":423,"column":19},"end":{"line":423,"column":28}},"202":{"start":{"line":425,"column":4},"end":{"line":429,"column":7}},"203":{"start":{"line":426,"column":6},"end":{"line":428,"column":7}},"204":{"start":{"line":427,"column":8},"end":{"line":427,"column":28}},"205":{"start":{"line":431,"column":4},"end":{"line":437,"column":5}},"206":{"start":{"line":432,"column":6},"end":{"line":434,"column":7}},"207":{"start":{"line":433,"column":8},"end":{"line":433,"column":34}},"208":{"start":{"line":436,"column":6},"end":{"line":436,"column":31}},"209":{"start":{"line":439,"column":4},"end":{"line":439,"column":18}},"210":{"start":{"line":443,"column":4},"end":{"line":445,"column":5}},"211":{"start":{"line":444,"column":6},"end":{"line":444,"column":18}},"212":{"start":{"line":447,"column":16},"end":{"line":447,"column":17}},"213":{"start":{"line":448,"column":19},"end":{"line":448,"column":28}},"214":{"start":{"line":450,"column":4},"end":{"line":456,"column":5}},"215":{"start":{"line":451,"column":6},"end":{"line":453,"column":7}},"216":{"start":{"line":452,"column":8},"end":{"line":452,"column":19}},"217":{"start":{"line":455,"column":6},"end":{"line":455,"column":31}},"218":{"start":{"line":458,"column":4},"end":{"line":458,"column":17}},"219":{"start":{"line":462,"column":4},"end":{"line":465,"column":6}},"220":{"start":{"line":467,"column":4},"end":{"line":467,"column":18}},"221":{"start":{"line":468,"column":4},"end":{"line":468,"column":16}},"222":{"start":{"line":472,"column":19},"end":{"line":472,"column":28}},"223":{"start":{"line":474,"column":4},"end":{"line":480,"column":5}},"224":{"start":{"line":475,"column":6},"end":{"line":477,"column":7}},"225":{"start":{"line":476,"column":8},"end":{"line":476,"column":20}},"226":{"start":{"line":479,"column":6},"end":{"line":479,"column":31}},"227":{"start":{"line":482,"column":4},"end":{"line":482,"column":17}},"228":{"start":{"line":486,"column":4},"end":{"line":488,"column":5}},"229":{"start":{"line":487,"column":6},"end":{"line":487,"column":20}},"230":{"start":{"line":490,"column":4},"end":{"line":490,"column":11}},"231":{"start":{"line":496,"column":0},"end":{"line":780,"column":2}},"232":{"start":{"line":498,"column":29},"end":{"line":508,"column":5}},"233":{"start":{"line":499,"column":6},"end":{"line":505,"column":7}},"234":{"start":{"line":500,"column":19},"end":{"line":500,"column":50}},"235":{"start":{"line":501,"column":8},"end":{"line":501,"column":20}},"236":{"start":{"line":503,"column":8},"end":{"line":503,"column":70}},"237":{"start":{"line":504,"column":8},"end":{"line":504,"column":72}},"238":{"start":{"line":507,"column":6},"end":{"line":507,"column":18}},"239":{"start":{"line":510,"column":4},"end":{"line":510,"column":64}},"240":{"start":{"line":514,"column":4},"end":{"line":516,"column":5}},"241":{"start":{"line":515,"column":6},"end":{"line":515,"column":39}},"242":{"start":{"line":518,"column":16},"end":{"line":518,"column":32}},"243":{"start":{"line":519,"column":4},"end":{"line":519,"column":26}},"244":{"start":{"line":524,"column":12},"end":{"line":524,"column":14}},"245":{"start":{"line":526,"column":4},"end":{"line":544,"column":5}},"246":{"start":{"line":527,"column":6},"end":{"line":527,"column":33}},"247":{"start":{"line":528,"column":6},"end":{"line":528,"column":20}},"248":{"start":{"line":530,"column":6},"end":{"line":540,"column":7}},"249":{"start":{"line":530,"column":19},"end":{"line":530,"column":20}},"250":{"start":{"line":531,"column":8},"end":{"line":531,"column":34}},"251":{"start":{"line":533,"column":8},"end":{"line":535,"column":9}},"252":{"start":{"line":534,"column":10},"end":{"line":534,"column":42}},"253":{"start":{"line":537,"column":8},"end":{"line":539,"column":9}},"254":{"start":{"line":538,"column":10},"end":{"line":538,"column":43}},"255":{"start":{"line":542,"column":6},"end":{"line":542,"column":30}},"256":{"start":{"line":543,"column":6},"end":{"line":543,"column":13}},"257":{"start":{"line":546,"column":4},"end":{"line":546,"column":13}},"258":{"start":{"line":550,"column":4},"end":{"line":554,"column":5}},"259":{"start":{"line":551,"column":6},"end":{"line":551,"column":15}},"260":{"start":{"line":552,"column":11},"end":{"line":554,"column":5}},"261":{"start":{"line":553,"column":6},"end":{"line":553,"column":15}},"262":{"start":{"line":556,"column":16},"end":{"line":556,"column":32}},"263":{"start":{"line":557,"column":4},"end":{"line":557,"column":31}},"264":{"start":{"line":562,"column":12},"end":{"line":562,"column":13}},"265":{"start":{"line":564,"column":4},"end":{"line":582,"column":5}},"266":{"start":{"line":565,"column":6},"end":{"line":565,"column":33}},"267":{"start":{"line":566,"column":6},"end":{"line":566,"column":20}},"268":{"start":{"line":568,"column":6},"end":{"line":578,"column":7}},"269":{"start":{"line":568,"column":19},"end":{"line":568,"column":20}},"270":{"start":{"line":569,"column":8},"end":{"line":569,"column":34}},"271":{"start":{"line":571,"column":8},"end":{"line":573,"column":9}},"272":{"start":{"line":572,"column":10},"end":{"line":572,"column":42}},"273":{"start":{"line":575,"column":8},"end":{"line":577,"column":9}},"274":{"start":{"line":576,"column":10},"end":{"line":576,"column":43}},"275":{"start":{"line":580,"column":6},"end":{"line":580,"column":30}},"276":{"start":{"line":581,"column":6},"end":{"line":581,"column":13}},"277":{"start":{"line":584,"column":4},"end":{"line":584,"column":13}},"278":{"start":{"line":588,"column":23},"end":{"line":588,"column":44}},"279":{"start":{"line":589,"column":21},"end":{"line":607,"column":5}},"280":{"start":{"line":590,"column":6},"end":{"line":592,"column":7}},"281":{"start":{"line":591,"column":8},"end":{"line":591,"column":15}},"282":{"start":{"line":594,"column":6},"end":{"line":594,"column":50}},"283":{"start":{"line":594,"column":28},"end":{"line":594,"column":48}},"284":{"start":{"line":596,"column":6},"end":{"line":598,"column":7}},"285":{"start":{"line":597,"column":8},"end":{"line":597,"column":28}},"286":{"start":{"line":600,"column":6},"end":{"line":600,"column":49}},"287":{"start":{"line":600,"column":27},"end":{"line":600,"column":47}},"288":{"start":{"line":602,"column":6},"end":{"line":604,"column":7}},"289":{"start":{"line":603,"column":8},"end":{"line":603,"column":29}},"290":{"start":{"line":606,"column":6},"end":{"line":606,"column":51}},"291":{"start":{"line":606,"column":29},"end":{"line":606,"column":49}},"292":{"start":{"line":609,"column":4},"end":{"line":609,"column":49}},"293":{"start":{"line":609,"column":38},"end":{"line":609,"column":47}},"294":{"start":{"line":611,"column":15},"end":{"line":611,"column":17}},"295":{"start":{"line":612,"column":4},"end":{"line":612,"column":24}},"296":{"start":{"line":613,"column":4},"end":{"line":613,"column":16}},"297":{"start":{"line":617,"column":23},"end":{"line":617,"column":44}},"298":{"start":{"line":618,"column":21},"end":{"line":636,"column":5}},"299":{"start":{"line":619,"column":6},"end":{"line":621,"column":7}},"300":{"start":{"line":620,"column":8},"end":{"line":620,"column":15}},"301":{"start":{"line":623,"column":6},"end":{"line":623,"column":41}},"302":{"start":{"line":623,"column":28},"end":{"line":623,"column":39}},"303":{"start":{"line":625,"column":6},"end":{"line":627,"column":7}},"304":{"start":{"line":626,"column":8},"end":{"line":626,"column":28}},"305":{"start":{"line":629,"column":6},"end":{"line":629,"column":40}},"306":{"start":{"line":629,"column":27},"end":{"line":629,"column":38}},"307":{"start":{"line":631,"column":6},"end":{"line":633,"column":7}},"308":{"start":{"line":632,"column":8},"end":{"line":632,"column":29}},"309":{"start":{"line":635,"column":6},"end":{"line":635,"column":42}},"310":{"start":{"line":635,"column":29},"end":{"line":635,"column":40}},"311":{"start":{"line":638,"column":23},"end":{"line":640,"column":5}},"312":{"start":{"line":639,"column":6},"end":{"line":639,"column":90}},"313":{"start":{"line":642,"column":4},"end":{"line":644,"column":5}},"314":{"start":{"line":643,"column":6},"end":{"line":643,"column":15}},"315":{"start":{"line":646,"column":4},"end":{"line":646,"column":24}},"316":{"start":{"line":647,"column":4},"end":{"line":647,"column":16}},"317":{"start":{"line":651,"column":4},"end":{"line":653,"column":5}},"318":{"start":{"line":652,"column":6},"end":{"line":652,"column":15}},"319":{"start":{"line":655,"column":16},"end":{"line":655,"column":32}},"320":{"start":{"line":660,"column":4},"end":{"line":660,"column":31}},"321":{"start":{"line":662,"column":4},"end":{"line":682,"column":5}},"322":{"start":{"line":663,"column":6},"end":{"line":663,"column":33}},"323":{"start":{"line":664,"column":6},"end":{"line":664,"column":20}},"324":{"start":{"line":666,"column":6},"end":{"line":679,"column":7}},"325":{"start":{"line":666,"column":19},"end":{"line":666,"column":20}},"326":{"start":{"line":667,"column":8},"end":{"line":667,"column":27}},"327":{"start":{"line":669,"column":8},"end":{"line":671,"column":9}},"328":{"start":{"line":670,"column":10},"end":{"line":670,"column":19}},"329":{"start":{"line":673,"column":8},"end":{"line":675,"column":9}},"330":{"start":{"line":674,"column":10},"end":{"line":674,"column":22}},"331":{"start":{"line":677,"column":8},"end":{"line":677,"column":33}},"332":{"start":{"line":678,"column":8},"end":{"line":678,"column":34}},"333":{"start":{"line":681,"column":6},"end":{"line":681,"column":30}},"334":{"start":{"line":684,"column":4},"end":{"line":684,"column":13}},"335":{"start":{"line":688,"column":4},"end":{"line":694,"column":5}},"336":{"start":{"line":689,"column":6},"end":{"line":689,"column":28}},"337":{"start":{"line":690,"column":6},"end":{"line":690,"column":18}},"338":{"start":{"line":691,"column":11},"end":{"line":694,"column":5}},"339":{"start":{"line":692,"column":6},"end":{"line":692,"column":48}},"340":{"start":{"line":693,"column":6},"end":{"line":693,"column":18}},"341":{"start":{"line":696,"column":16},"end":{"line":696,"column":32}},"342":{"start":{"line":697,"column":21},"end":{"line":697,"column":37}},"343":{"start":{"line":702,"column":4},"end":{"line":702,"column":53}},"344":{"start":{"line":703,"column":4},"end":{"line":703,"column":30}},"345":{"start":{"line":705,"column":4},"end":{"line":727,"column":5}},"346":{"start":{"line":706,"column":6},"end":{"line":706,"column":33}},"347":{"start":{"line":707,"column":6},"end":{"line":707,"column":20}},"348":{"start":{"line":709,"column":6},"end":{"line":724,"column":7}},"349":{"start":{"line":709,"column":19},"end":{"line":709,"column":20}},"350":{"start":{"line":710,"column":8},"end":{"line":710,"column":27}},"351":{"start":{"line":712,"column":8},"end":{"line":715,"column":9}},"352":{"start":{"line":713,"column":10},"end":{"line":713,"column":57}},"353":{"start":{"line":714,"column":10},"end":{"line":714,"column":22}},"354":{"start":{"line":717,"column":8},"end":{"line":720,"column":9}},"355":{"start":{"line":718,"column":10},"end":{"line":718,"column":42}},"356":{"start":{"line":719,"column":10},"end":{"line":719,"column":22}},"357":{"start":{"line":722,"column":8},"end":{"line":722,"column":33}},"358":{"start":{"line":723,"column":8},"end":{"line":723,"column":34}},"359":{"start":{"line":726,"column":6},"end":{"line":726,"column":30}},"360":{"start":{"line":731,"column":4},"end":{"line":733,"column":5}},"361":{"start":{"line":732,"column":6},"end":{"line":732,"column":15}},"362":{"start":{"line":735,"column":16},"end":{"line":735,"column":32}},"363":{"start":{"line":736,"column":21},"end":{"line":736,"column":26}},"364":{"start":{"line":743,"column":4},"end":{"line":743,"column":31}},"365":{"start":{"line":745,"column":4},"end":{"line":771,"column":5}},"366":{"start":{"line":746,"column":6},"end":{"line":746,"column":33}},"367":{"start":{"line":747,"column":6},"end":{"line":747,"column":20}},"368":{"start":{"line":749,"column":6},"end":{"line":768,"column":7}},"369":{"start":{"line":749,"column":19},"end":{"line":749,"column":20}},"370":{"start":{"line":750,"column":8},"end":{"line":750,"column":27}},"371":{"start":{"line":752,"column":8},"end":{"line":755,"column":9}},"372":{"start":{"line":753,"column":10},"end":{"line":753,"column":28}},"373":{"start":{"line":754,"column":10},"end":{"line":754,"column":28}},"374":{"start":{"line":757,"column":8},"end":{"line":759,"column":9}},"375":{"start":{"line":758,"column":10},"end":{"line":758,"column":26}},"376":{"start":{"line":761,"column":8},"end":{"line":763,"column":9}},"377":{"start":{"line":762,"column":10},"end":{"line":762,"column":35}},"378":{"start":{"line":765,"column":8},"end":{"line":767,"column":9}},"379":{"start":{"line":766,"column":10},"end":{"line":766,"column":36}},"380":{"start":{"line":770,"column":6},"end":{"line":770,"column":30}},"381":{"start":{"line":773,"column":4},"end":{"line":776,"column":5}},"382":{"start":{"line":774,"column":6},"end":{"line":774,"column":36}},"383":{"start":{"line":775,"column":6},"end":{"line":775,"column":26}},"384":{"start":{"line":778,"column":4},"end":{"line":778,"column":16}},"385":{"start":{"line":784,"column":0},"end":{"line":827,"column":2}},"386":{"start":{"line":786,"column":4},"end":{"line":786,"column":19}},"387":{"start":{"line":787,"column":4},"end":{"line":787,"column":21}},"388":{"start":{"line":788,"column":4},"end":{"line":788,"column":22}},"389":{"start":{"line":789,"column":4},"end":{"line":789,"column":20}},"390":{"start":{"line":793,"column":4},"end":{"line":795,"column":5}},"391":{"start":{"line":794,"column":6},"end":{"line":794,"column":16}},"392":{"start":{"line":797,"column":4},"end":{"line":797,"column":28}},"393":{"start":{"line":801,"column":4},"end":{"line":803,"column":5}},"394":{"start":{"line":802,"column":6},"end":{"line":802,"column":16}},"395":{"start":{"line":805,"column":4},"end":{"line":805,"column":29}},"396":{"start":{"line":809,"column":15},"end":{"line":809,"column":24}},"397":{"start":{"line":810,"column":4},"end":{"line":810,"column":27}},"398":{"start":{"line":811,"column":4},"end":{"line":811,"column":22}},"399":{"start":{"line":813,"column":4},"end":{"line":813,"column":70}},"400":{"start":{"line":814,"column":4},"end":{"line":814,"column":63}},"401":{"start":{"line":815,"column":4},"end":{"line":815,"column":16}},"402":{"start":{"line":819,"column":15},"end":{"line":819,"column":25}},"403":{"start":{"line":820,"column":4},"end":{"line":820,"column":27}},"404":{"start":{"line":821,"column":4},"end":{"line":821,"column":21}},"405":{"start":{"line":823,"column":4},"end":{"line":823,"column":70}},"406":{"start":{"line":824,"column":4},"end":{"line":824,"column":64}},"407":{"start":{"line":825,"column":4},"end":{"line":825,"column":16}},"408":{"start":{"line":831,"column":0},"end":{"line":1179,"column":2}},"409":{"start":{"line":833,"column":28},"end":{"line":833,"column":66}},"410":{"start":{"line":834,"column":36},"end":{"line":834,"column":73}},"411":{"start":{"line":835,"column":39},"end":{"line":835,"column":58}},"412":{"start":{"line":837,"column":23},"end":{"line":837,"column":132}},"413":{"start":{"line":837,"column":46},"end":{"line":837,"column":130}},"414":{"start":{"line":838,"column":26},"end":{"line":848,"column":5}},"415":{"start":{"line":839,"column":6},"end":{"line":841,"column":7}},"416":{"start":{"line":840,"column":8},"end":{"line":840,"column":85}},"417":{"start":{"line":843,"column":6},"end":{"line":845,"column":7}},"418":{"start":{"line":844,"column":8},"end":{"line":844,"column":101}},"419":{"start":{"line":847,"column":6},"end":{"line":847,"column":18}},"420":{"start":{"line":849,"column":33},"end":{"line":903,"column":5}},"421":{"start":{"line":850,"column":25},"end":{"line":850,"column":53}},"422":{"start":{"line":851,"column":26},"end":{"line":851,"column":87}},"423":{"start":{"line":851,"column":42},"end":{"line":851,"column":85}},"424":{"start":{"line":852,"column":37},"end":{"line":870,"column":7}},"425":{"start":{"line":853,"column":8},"end":{"line":855,"column":9}},"426":{"start":{"line":854,"column":10},"end":{"line":854,"column":22}},"427":{"start":{"line":857,"column":19},"end":{"line":857,"column":39}},"428":{"start":{"line":859,"column":8},"end":{"line":863,"column":9}},"429":{"start":{"line":859,"column":21},"end":{"line":859,"column":22}},"430":{"start":{"line":860,"column":10},"end":{"line":862,"column":11}},"431":{"start":{"line":861,"column":12},"end":{"line":861,"column":111}},"432":{"start":{"line":865,"column":8},"end":{"line":867,"column":9}},"433":{"start":{"line":866,"column":10},"end":{"line":866,"column":67}},"434":{"start":{"line":869,"column":8},"end":{"line":869,"column":20}},"435":{"start":{"line":872,"column":34},"end":{"line":900,"column":7}},"436":{"start":{"line":873,"column":30},"end":{"line":873,"column":58}},"437":{"start":{"line":875,"column":8},"end":{"line":877,"column":9}},"438":{"start":{"line":876,"column":10},"end":{"line":876,"column":87}},"439":{"start":{"line":879,"column":19},"end":{"line":879,"column":39}},"440":{"start":{"line":881,"column":8},"end":{"line":885,"column":9}},"441":{"start":{"line":881,"column":21},"end":{"line":881,"column":22}},"442":{"start":{"line":882,"column":10},"end":{"line":884,"column":11}},"443":{"start":{"line":883,"column":12},"end":{"line":883,"column":111}},"444":{"start":{"line":887,"column":8},"end":{"line":889,"column":9}},"445":{"start":{"line":888,"column":10},"end":{"line":888,"column":85}},"446":{"start":{"line":891,"column":8},"end":{"line":893,"column":9}},"447":{"start":{"line":892,"column":10},"end":{"line":892,"column":93}},"448":{"start":{"line":895,"column":8},"end":{"line":897,"column":9}},"449":{"start":{"line":896,"column":10},"end":{"line":896,"column":113}},"450":{"start":{"line":899,"column":8},"end":{"line":899,"column":20}},"451":{"start":{"line":902,"column":6},"end":{"line":902,"column":100}},"452":{"start":{"line":905,"column":4},"end":{"line":905,"column":28}},"453":{"start":{"line":906,"column":4},"end":{"line":906,"column":44}},"454":{"start":{"line":908,"column":4},"end":{"line":910,"column":5}},"455":{"start":{"line":909,"column":6},"end":{"line":909,"column":19}},"456":{"start":{"line":912,"column":4},"end":{"line":912,"column":25}},"457":{"start":{"line":913,"column":4},"end":{"line":913,"column":77}},"458":{"start":{"line":914,"column":4},"end":{"line":914,"column":27}},"459":{"start":{"line":915,"column":4},"end":{"line":915,"column":35}},"460":{"start":{"line":916,"column":4},"end":{"line":916,"column":25}},"461":{"start":{"line":917,"column":4},"end":{"line":917,"column":21}},"462":{"start":{"line":918,"column":4},"end":{"line":918,"column":18}},"463":{"start":{"line":922,"column":16},"end":{"line":922,"column":32}},"464":{"start":{"line":924,"column":4},"end":{"line":930,"column":5}},"465":{"start":{"line":925,"column":6},"end":{"line":925,"column":13}},"466":{"start":{"line":926,"column":11},"end":{"line":930,"column":5}},"467":{"start":{"line":927,"column":6},"end":{"line":927,"column":50}},"468":{"start":{"line":927,"column":30},"end":{"line":927,"column":48}},"469":{"start":{"line":929,"column":6},"end":{"line":929,"column":28}},"470":{"start":{"line":934,"column":4},"end":{"line":941,"column":5}},"471":{"start":{"line":935,"column":6},"end":{"line":935,"column":37}},"472":{"start":{"line":937,"column":6},"end":{"line":940,"column":7}},"473":{"start":{"line":938,"column":8},"end":{"line":938,"column":63}},"474":{"start":{"line":939,"column":8},"end":{"line":939,"column":23}},"475":{"start":{"line":943,"column":4},"end":{"line":943,"column":16}},"476":{"start":{"line":947,"column":4},"end":{"line":950,"column":5}},"477":{"start":{"line":948,"column":6},"end":{"line":948,"column":52}},"478":{"start":{"line":949,"column":6},"end":{"line":949,"column":38}},"479":{"start":{"line":952,"column":4},"end":{"line":956,"column":5}},"480":{"start":{"line":953,"column":6},"end":{"line":953,"column":54}},"481":{"start":{"line":955,"column":6},"end":{"line":955,"column":56}},"482":{"start":{"line":958,"column":4},"end":{"line":958,"column":70}},"483":{"start":{"line":959,"column":18},"end":{"line":959,"column":34}},"484":{"start":{"line":961,"column":4},"end":{"line":975,"column":5}},"485":{"start":{"line":962,"column":6},"end":{"line":967,"column":7}},"486":{"start":{"line":963,"column":8},"end":{"line":963,"column":34}},"487":{"start":{"line":965,"column":8},"end":{"line":965,"column":43}},"488":{"start":{"line":966,"column":8},"end":{"line":966,"column":34}},"489":{"start":{"line":968,"column":11},"end":{"line":975,"column":5}},"490":{"start":{"line":969,"column":6},"end":{"line":974,"column":7}},"491":{"start":{"line":970,"column":8},"end":{"line":970,"column":46}},"492":{"start":{"line":971,"column":8},"end":{"line":971,"column":33}},"493":{"start":{"line":973,"column":8},"end":{"line":973,"column":33}},"494":{"start":{"line":977,"column":4},"end":{"line":977,"column":16}},"495":{"start":{"line":981,"column":16},"end":{"line":981,"column":32}},"496":{"start":{"line":983,"column":4},"end":{"line":989,"column":5}},"497":{"start":{"line":984,"column":6},"end":{"line":984,"column":13}},"498":{"start":{"line":985,"column":11},"end":{"line":989,"column":5}},"499":{"start":{"line":986,"column":6},"end":{"line":986,"column":50}},"500":{"start":{"line":986,"column":30},"end":{"line":986,"column":48}},"501":{"start":{"line":988,"column":6},"end":{"line":988,"column":28}},"502":{"start":{"line":993,"column":4},"end":{"line":999,"column":5}},"503":{"start":{"line":994,"column":6},"end":{"line":994,"column":37}},"504":{"start":{"line":996,"column":6},"end":{"line":998,"column":7}},"505":{"start":{"line":997,"column":8},"end":{"line":997,"column":63}},"506":{"start":{"line":1001,"column":4},"end":{"line":1001,"column":16}},"507":{"start":{"line":1005,"column":4},"end":{"line":1007,"column":5}},"508":{"start":{"line":1006,"column":6},"end":{"line":1006,"column":18}},"509":{"start":{"line":1009,"column":4},"end":{"line":1035,"column":5}},"510":{"start":{"line":1012,"column":6},"end":{"line":1022,"column":7}},"511":{"start":{"line":1013,"column":8},"end":{"line":1013,"column":20}},"512":{"start":{"line":1014,"column":13},"end":{"line":1022,"column":7}},"513":{"start":{"line":1015,"column":8},"end":{"line":1015,"column":25}},"514":{"start":{"line":1016,"column":13},"end":{"line":1022,"column":7}},"515":{"start":{"line":1017,"column":8},"end":{"line":1017,"column":26}},"516":{"start":{"line":1019,"column":8},"end":{"line":1019,"column":45}},"517":{"start":{"line":1020,"column":8},"end":{"line":1020,"column":33}},"518":{"start":{"line":1021,"column":8},"end":{"line":1021,"column":64}},"519":{"start":{"line":1024,"column":6},"end":{"line":1028,"column":7}},"520":{"start":{"line":1025,"column":8},"end":{"line":1025,"column":55}},"521":{"start":{"line":1027,"column":8},"end":{"line":1027,"column":39}},"522":{"start":{"line":1030,"column":6},"end":{"line":1030,"column":21}},"523":{"start":{"line":1031,"column":11},"end":{"line":1035,"column":5}},"524":{"start":{"line":1032,"column":6},"end":{"line":1032,"column":54}},"525":{"start":{"line":1034,"column":6},"end":{"line":1034,"column":56}},"526":{"start":{"line":1037,"column":4},"end":{"line":1039,"column":5}},"527":{"start":{"line":1038,"column":6},"end":{"line":1038,"column":18}},"528":{"start":{"line":1041,"column":4},"end":{"line":1041,"column":70}},"529":{"start":{"line":1042,"column":18},"end":{"line":1042,"column":34}},"530":{"start":{"line":1044,"column":4},"end":{"line":1053,"column":5}},"531":{"start":{"line":1045,"column":6},"end":{"line":1047,"column":7}},"532":{"start":{"line":1046,"column":8},"end":{"line":1046,"column":34}},"533":{"start":{"line":1049,"column":6},"end":{"line":1052,"column":7}},"534":{"start":{"line":1050,"column":8},"end":{"line":1050,"column":43}},"535":{"start":{"line":1051,"column":8},"end":{"line":1051,"column":34}},"536":{"start":{"line":1055,"column":4},"end":{"line":1064,"column":5}},"537":{"start":{"line":1056,"column":6},"end":{"line":1058,"column":7}},"538":{"start":{"line":1057,"column":8},"end":{"line":1057,"column":33}},"539":{"start":{"line":1060,"column":6},"end":{"line":1063,"column":7}},"540":{"start":{"line":1061,"column":8},"end":{"line":1061,"column":46}},"541":{"start":{"line":1062,"column":8},"end":{"line":1062,"column":33}},"542":{"start":{"line":1066,"column":4},"end":{"line":1066,"column":16}},"543":{"start":{"line":1070,"column":17},"end":{"line":1070,"column":55}},"544":{"start":{"line":1072,"column":4},"end":{"line":1083,"column":5}},"545":{"start":{"line":1074,"column":8},"end":{"line":1074,"column":17}},"546":{"start":{"line":1076,"column":8},"end":{"line":1076,"column":17}},"547":{"start":{"line":1078,"column":8},"end":{"line":1078,"column":17}},"548":{"start":{"line":1080,"column":8},"end":{"line":1080,"column":17}},"549":{"start":{"line":1082,"column":8},"end":{"line":1082,"column":17}},"550":{"start":{"line":1087,"column":18},"end":{"line":1087,"column":22}},"551":{"start":{"line":1089,"column":4},"end":{"line":1091,"column":5}},"552":{"start":{"line":1090,"column":6},"end":{"line":1090,"column":30}},"553":{"start":{"line":1093,"column":4},"end":{"line":1093,"column":19}},"554":{"start":{"line":1097,"column":18},"end":{"line":1097,"column":22}},"555":{"start":{"line":1099,"column":4},"end":{"line":1101,"column":5}},"556":{"start":{"line":1100,"column":6},"end":{"line":1100,"column":29}},"557":{"start":{"line":1103,"column":4},"end":{"line":1103,"column":19}},"558":{"start":{"line":1107,"column":4},"end":{"line":1109,"column":5}},"559":{"start":{"line":1108,"column":6},"end":{"line":1108,"column":18}},"560":{"start":{"line":1111,"column":4},"end":{"line":1113,"column":5}},"561":{"start":{"line":1112,"column":6},"end":{"line":1112,"column":18}},"562":{"start":{"line":1115,"column":4},"end":{"line":1119,"column":5}},"563":{"start":{"line":1116,"column":6},"end":{"line":1116,"column":43}},"564":{"start":{"line":1118,"column":6},"end":{"line":1118,"column":44}},"565":{"start":{"line":1123,"column":4},"end":{"line":1123,"column":21}},"566":{"start":{"line":1127,"column":4},"end":{"line":1129,"column":5}},"567":{"start":{"line":1128,"column":6},"end":{"line":1128,"column":81}},"568":{"start":{"line":1131,"column":4},"end":{"line":1131,"column":63}},"569":{"start":{"line":1135,"column":4},"end":{"line":1144,"column":5}},"570":{"start":{"line":1137,"column":8},"end":{"line":1137,"column":36}},"571":{"start":{"line":1139,"column":8},"end":{"line":1139,"column":34}},"572":{"start":{"line":1141,"column":8},"end":{"line":1141,"column":36}},"573":{"start":{"line":1143,"column":8},"end":{"line":1143,"column":47}},"574":{"start":{"line":1148,"column":23},"end":{"line":1148,"column":44}},"575":{"start":{"line":1149,"column":21},"end":{"line":1167,"column":5}},"576":{"start":{"line":1150,"column":6},"end":{"line":1152,"column":7}},"577":{"start":{"line":1151,"column":8},"end":{"line":1151,"column":15}},"578":{"start":{"line":1154,"column":6},"end":{"line":1154,"column":50}},"579":{"start":{"line":1154,"column":28},"end":{"line":1154,"column":48}},"580":{"start":{"line":1156,"column":6},"end":{"line":1158,"column":7}},"581":{"start":{"line":1157,"column":8},"end":{"line":1157,"column":28}},"582":{"start":{"line":1160,"column":6},"end":{"line":1160,"column":49}},"583":{"start":{"line":1160,"column":27},"end":{"line":1160,"column":47}},"584":{"start":{"line":1162,"column":6},"end":{"line":1164,"column":7}},"585":{"start":{"line":1163,"column":8},"end":{"line":1163,"column":29}},"586":{"start":{"line":1166,"column":6},"end":{"line":1166,"column":51}},"587":{"start":{"line":1166,"column":29},"end":{"line":1166,"column":49}},"588":{"start":{"line":1169,"column":4},"end":{"line":1169,"column":49}},"589":{"start":{"line":1169,"column":38},"end":{"line":1169,"column":47}},"590":{"start":{"line":1171,"column":15},"end":{"line":1171,"column":17}},"591":{"start":{"line":1172,"column":4},"end":{"line":1172,"column":24}},"592":{"start":{"line":1173,"column":4},"end":{"line":1173,"column":16}},"593":{"start":{"line":1177,"column":4},"end":{"line":1177,"column":30}},"594":{"start":{"line":1183,"column":0},"end":{"line":1183,"column":22}}},"fnMap":{"0":{"name":"(anonymous_0)","decl":{"start":{"line":10,"column":2},"end":{"line":10,"column":3}},"loc":{"start":{"line":10,"column":25},"end":{"line":17,"column":3}},"line":10},"1":{"name":"(anonymous_1)","decl":{"start":{"line":19,"column":2},"end":{"line":19,"column":3}},"loc":{"start":{"line":19,"column":22},"end":{"line":27,"column":3}},"line":19},"2":{"name":"(anonymous_2)","decl":{"start":{"line":23,"column":22},"end":{"line":23,"column":23}},"loc":{"start":{"line":23,"column":35},"end":{"line":23,"column":58}},"line":23},"3":{"name":"(anonymous_3)","decl":{"start":{"line":29,"column":2},"end":{"line":29,"column":3}},"loc":{"start":{"line":29,"column":12},"end":{"line":39,"column":3}},"line":29},"4":{"name":"(anonymous_4)","decl":{"start":{"line":41,"column":2},"end":{"line":41,"column":3}},"loc":{"start":{"line":41,"column":10},"end":{"line":43,"column":3}},"line":41},"5":{"name":"(anonymous_5)","decl":{"start":{"line":45,"column":2},"end":{"line":45,"column":3}},"loc":{"start":{"line":45,"column":9},"end":{"line":47,"column":3}},"line":45},"6":{"name":"(anonymous_6)","decl":{"start":{"line":49,"column":2},"end":{"line":49,"column":3}},"loc":{"start":{"line":49,"column":16},"end":{"line":67,"column":3}},"line":49},"7":{"name":"(anonymous_7)","decl":{"start":{"line":73,"column":2},"end":{"line":73,"column":3}},"loc":{"start":{"line":73,"column":25},"end":{"line":80,"column":3}},"line":73},"8":{"name":"(anonymous_8)","decl":{"start":{"line":82,"column":2},"end":{"line":82,"column":3}},"loc":{"start":{"line":82,"column":19},"end":{"line":90,"column":3}},"line":82},"9":{"name":"(anonymous_9)","decl":{"start":{"line":86,"column":22},"end":{"line":86,"column":23}},"loc":{"start":{"line":86,"column":29},"end":{"line":86,"column":46}},"line":86},"10":{"name":"(anonymous_10)","decl":{"start":{"line":92,"column":2},"end":{"line":92,"column":3}},"loc":{"start":{"line":92,"column":8},"end":{"line":98,"column":3}},"line":92},"11":{"name":"(anonymous_11)","decl":{"start":{"line":100,"column":2},"end":{"line":100,"column":3}},"loc":{"start":{"line":100,"column":9},"end":{"line":106,"column":3}},"line":100},"12":{"name":"(anonymous_12)","decl":{"start":{"line":108,"column":2},"end":{"line":108,"column":3}},"loc":{"start":{"line":108,"column":12},"end":{"line":114,"column":3}},"line":108},"13":{"name":"(anonymous_13)","decl":{"start":{"line":116,"column":2},"end":{"line":116,"column":3}},"loc":{"start":{"line":116,"column":16},"end":{"line":134,"column":3}},"line":116},"14":{"name":"(anonymous_14)","decl":{"start":{"line":140,"column":2},"end":{"line":140,"column":3}},"loc":{"start":{"line":140,"column":21},"end":{"line":148,"column":3}},"line":140},"15":{"name":"(anonymous_15)","decl":{"start":{"line":150,"column":2},"end":{"line":150,"column":3}},"loc":{"start":{"line":150,"column":32},"end":{"line":153,"column":3}},"line":150},"16":{"name":"(anonymous_16)","decl":{"start":{"line":155,"column":2},"end":{"line":155,"column":3}},"loc":{"start":{"line":155,"column":17},"end":{"line":176,"column":3}},"line":155},"17":{"name":"(anonymous_17)","decl":{"start":{"line":178,"column":2},"end":{"line":178,"column":3}},"loc":{"start":{"line":178,"column":21},"end":{"line":196,"column":3}},"line":178},"18":{"name":"(anonymous_18)","decl":{"start":{"line":179,"column":28},"end":{"line":179,"column":29}},"loc":{"start":{"line":179,"column":43},"end":{"line":184,"column":5}},"line":179},"19":{"name":"(anonymous_19)","decl":{"start":{"line":198,"column":2},"end":{"line":198,"column":3}},"loc":{"start":{"line":198,"column":35},"end":{"line":227,"column":3}},"line":198},"20":{"name":"(anonymous_20)","decl":{"start":{"line":203,"column":28},"end":{"line":203,"column":29}},"loc":{"start":{"line":203,"column":43},"end":{"line":208,"column":5}},"line":203},"21":{"name":"(anonymous_21)","decl":{"start":{"line":229,"column":2},"end":{"line":229,"column":3}},"loc":{"start":{"line":229,"column":12},"end":{"line":244,"column":3}},"line":229},"22":{"name":"(anonymous_22)","decl":{"start":{"line":246,"column":2},"end":{"line":246,"column":3}},"loc":{"start":{"line":246,"column":23},"end":{"line":276,"column":3}},"line":246},"23":{"name":"(anonymous_23)","decl":{"start":{"line":278,"column":2},"end":{"line":278,"column":3}},"loc":{"start":{"line":278,"column":23},"end":{"line":316,"column":3}},"line":278},"24":{"name":"(anonymous_24)","decl":{"start":{"line":318,"column":2},"end":{"line":318,"column":3}},"loc":{"start":{"line":318,"column":24},"end":{"line":332,"column":3}},"line":318},"25":{"name":"(anonymous_25)","decl":{"start":{"line":334,"column":2},"end":{"line":334,"column":3}},"loc":{"start":{"line":334,"column":29},"end":{"line":359,"column":3}},"line":334},"26":{"name":"(anonymous_26)","decl":{"start":{"line":361,"column":2},"end":{"line":361,"column":3}},"loc":{"start":{"line":361,"column":18},"end":{"line":371,"column":3}},"line":361},"27":{"name":"(anonymous_27)","decl":{"start":{"line":373,"column":2},"end":{"line":373,"column":3}},"loc":{"start":{"line":373,"column":11},"end":{"line":376,"column":3}},"line":373},"28":{"name":"(anonymous_28)","decl":{"start":{"line":378,"column":2},"end":{"line":378,"column":3}},"loc":{"start":{"line":378,"column":9},"end":{"line":390,"column":3}},"line":378},"29":{"name":"(anonymous_29)","decl":{"start":{"line":392,"column":2},"end":{"line":392,"column":3}},"loc":{"start":{"line":392,"column":35},"end":{"line":403,"column":3}},"line":392},"30":{"name":"(anonymous_30)","decl":{"start":{"line":405,"column":2},"end":{"line":405,"column":3}},"loc":{"start":{"line":405,"column":12},"end":{"line":419,"column":3}},"line":405},"31":{"name":"(anonymous_31)","decl":{"start":{"line":421,"column":2},"end":{"line":421,"column":3}},"loc":{"start":{"line":421,"column":27},"end":{"line":440,"column":3}},"line":421},"32":{"name":"(anonymous_32)","decl":{"start":{"line":425,"column":19},"end":{"line":425,"column":20}},"loc":{"start":{"line":425,"column":38},"end":{"line":429,"column":5}},"line":425},"33":{"name":"(anonymous_33)","decl":{"start":{"line":442,"column":2},"end":{"line":442,"column":3}},"loc":{"start":{"line":442,"column":22},"end":{"line":459,"column":3}},"line":442},"34":{"name":"(anonymous_34)","decl":{"start":{"line":461,"column":2},"end":{"line":461,"column":3}},"loc":{"start":{"line":461,"column":10},"end":{"line":469,"column":3}},"line":461},"35":{"name":"(anonymous_35)","decl":{"start":{"line":471,"column":2},"end":{"line":471,"column":3}},"loc":{"start":{"line":471,"column":18},"end":{"line":483,"column":3}},"line":471},"36":{"name":"(anonymous_36)","decl":{"start":{"line":485,"column":2},"end":{"line":485,"column":3}},"loc":{"start":{"line":485,"column":15},"end":{"line":491,"column":3}},"line":485},"37":{"name":"(anonymous_37)","decl":{"start":{"line":497,"column":2},"end":{"line":497,"column":3}},"loc":{"start":{"line":497,"column":21},"end":{"line":511,"column":3}},"line":497},"38":{"name":"(anonymous_38)","decl":{"start":{"line":498,"column":29},"end":{"line":498,"column":30}},"loc":{"start":{"line":498,"column":53},"end":{"line":508,"column":5}},"line":498},"39":{"name":"(anonymous_39)","decl":{"start":{"line":513,"column":2},"end":{"line":513,"column":3}},"loc":{"start":{"line":513,"column":19},"end":{"line":547,"column":3}},"line":513},"40":{"name":"(anonymous_40)","decl":{"start":{"line":549,"column":2},"end":{"line":549,"column":3}},"loc":{"start":{"line":549,"column":17},"end":{"line":585,"column":3}},"line":549},"41":{"name":"(anonymous_41)","decl":{"start":{"line":587,"column":2},"end":{"line":587,"column":3}},"loc":{"start":{"line":587,"column":36},"end":{"line":614,"column":3}},"line":587},"42":{"name":"(anonymous_42)","decl":{"start":{"line":589,"column":21},"end":{"line":589,"column":22}},"loc":{"start":{"line":589,"column":31},"end":{"line":607,"column":5}},"line":589},"43":{"name":"(anonymous_43)","decl":{"start":{"line":616,"column":2},"end":{"line":616,"column":3}},"loc":{"start":{"line":616,"column":43},"end":{"line":648,"column":3}},"line":616},"44":{"name":"(anonymous_44)","decl":{"start":{"line":618,"column":21},"end":{"line":618,"column":22}},"loc":{"start":{"line":618,"column":31},"end":{"line":636,"column":5}},"line":618},"45":{"name":"(anonymous_45)","decl":{"start":{"line":638,"column":23},"end":{"line":638,"column":24}},"loc":{"start":{"line":638,"column":44},"end":{"line":640,"column":5}},"line":638},"46":{"name":"(anonymous_46)","decl":{"start":{"line":650,"column":2},"end":{"line":650,"column":3}},"loc":{"start":{"line":650,"column":17},"end":{"line":685,"column":3}},"line":650},"47":{"name":"(anonymous_47)","decl":{"start":{"line":687,"column":2},"end":{"line":687,"column":3}},"loc":{"start":{"line":687,"column":16},"end":{"line":728,"column":3}},"line":687},"48":{"name":"(anonymous_48)","decl":{"start":{"line":730,"column":2},"end":{"line":730,"column":3}},"loc":{"start":{"line":730,"column":16},"end":{"line":779,"column":3}},"line":730},"49":{"name":"(anonymous_49)","decl":{"start":{"line":785,"column":2},"end":{"line":785,"column":3}},"loc":{"start":{"line":785,"column":39},"end":{"line":790,"column":3}},"line":785},"50":{"name":"(anonymous_50)","decl":{"start":{"line":792,"column":2},"end":{"line":792,"column":3}},"loc":{"start":{"line":792,"column":15},"end":{"line":798,"column":3}},"line":792},"51":{"name":"(anonymous_51)","decl":{"start":{"line":800,"column":2},"end":{"line":800,"column":3}},"loc":{"start":{"line":800,"column":16},"end":{"line":806,"column":3}},"line":800},"52":{"name":"(anonymous_52)","decl":{"start":{"line":808,"column":2},"end":{"line":808,"column":3}},"loc":{"start":{"line":808,"column":16},"end":{"line":816,"column":3}},"line":808},"53":{"name":"(anonymous_53)","decl":{"start":{"line":818,"column":2},"end":{"line":818,"column":3}},"loc":{"start":{"line":818,"column":15},"end":{"line":826,"column":3}},"line":818},"54":{"name":"(anonymous_54)","decl":{"start":{"line":832,"column":2},"end":{"line":832,"column":3}},"loc":{"start":{"line":832,"column":33},"end":{"line":919,"column":3}},"line":832},"55":{"name":"(anonymous_55)","decl":{"start":{"line":837,"column":23},"end":{"line":837,"column":24}},"loc":{"start":{"line":837,"column":44},"end":{"line":837,"column":132}},"line":837},"56":{"name":"(anonymous_56)","decl":{"start":{"line":838,"column":26},"end":{"line":838,"column":27}},"loc":{"start":{"line":838,"column":40},"end":{"line":848,"column":5}},"line":838},"57":{"name":"(anonymous_57)","decl":{"start":{"line":849,"column":33},"end":{"line":849,"column":34}},"loc":{"start":{"line":849,"column":56},"end":{"line":903,"column":5}},"line":849},"58":{"name":"(anonymous_58)","decl":{"start":{"line":851,"column":26},"end":{"line":851,"column":27}},"loc":{"start":{"line":851,"column":40},"end":{"line":851,"column":87}},"line":851},"59":{"name":"(anonymous_59)","decl":{"start":{"line":852,"column":37},"end":{"line":852,"column":38}},"loc":{"start":{"line":852,"column":50},"end":{"line":870,"column":7}},"line":852},"60":{"name":"(anonymous_60)","decl":{"start":{"line":872,"column":34},"end":{"line":872,"column":35}},"loc":{"start":{"line":872,"column":47},"end":{"line":900,"column":7}},"line":872},"61":{"name":"(anonymous_61)","decl":{"start":{"line":921,"column":2},"end":{"line":921,"column":3}},"loc":{"start":{"line":921,"column":17},"end":{"line":944,"column":3}},"line":921},"62":{"name":"(anonymous_62)","decl":{"start":{"line":927,"column":21},"end":{"line":927,"column":22}},"loc":{"start":{"line":927,"column":30},"end":{"line":927,"column":48}},"line":927},"63":{"name":"(anonymous_63)","decl":{"start":{"line":946,"column":2},"end":{"line":946,"column":3}},"loc":{"start":{"line":946,"column":28},"end":{"line":978,"column":3}},"line":946},"64":{"name":"(anonymous_64)","decl":{"start":{"line":980,"column":2},"end":{"line":980,"column":3}},"loc":{"start":{"line":980,"column":17},"end":{"line":1002,"column":3}},"line":980},"65":{"name":"(anonymous_65)","decl":{"start":{"line":986,"column":21},"end":{"line":986,"column":22}},"loc":{"start":{"line":986,"column":30},"end":{"line":986,"column":48}},"line":986},"66":{"name":"(anonymous_66)","decl":{"start":{"line":1004,"column":2},"end":{"line":1004,"column":3}},"loc":{"start":{"line":1004,"column":28},"end":{"line":1067,"column":3}},"line":1004},"67":{"name":"(anonymous_67)","decl":{"start":{"line":1069,"column":2},"end":{"line":1069,"column":3}},"loc":{"start":{"line":1069,"column":14},"end":{"line":1084,"column":3}},"line":1069},"68":{"name":"(anonymous_68)","decl":{"start":{"line":1086,"column":2},"end":{"line":1086,"column":3}},"loc":{"start":{"line":1086,"column":29},"end":{"line":1094,"column":3}},"line":1086},"69":{"name":"(anonymous_69)","decl":{"start":{"line":1096,"column":2},"end":{"line":1096,"column":3}},"loc":{"start":{"line":1096,"column":29},"end":{"line":1104,"column":3}},"line":1096},"70":{"name":"(anonymous_70)","decl":{"start":{"line":1106,"column":2},"end":{"line":1106,"column":3}},"loc":{"start":{"line":1106,"column":34},"end":{"line":1120,"column":3}},"line":1106},"71":{"name":"(anonymous_71)","decl":{"start":{"line":1122,"column":2},"end":{"line":1122,"column":3}},"loc":{"start":{"line":1122,"column":11},"end":{"line":1124,"column":3}},"line":1122},"72":{"name":"(anonymous_72)","decl":{"start":{"line":1126,"column":2},"end":{"line":1126,"column":3}},"loc":{"start":{"line":1126,"column":18},"end":{"line":1132,"column":3}},"line":1126},"73":{"name":"(anonymous_73)","decl":{"start":{"line":1134,"column":2},"end":{"line":1134,"column":3}},"loc":{"start":{"line":1134,"column":19},"end":{"line":1145,"column":3}},"line":1134},"74":{"name":"(anonymous_74)","decl":{"start":{"line":1147,"column":2},"end":{"line":1147,"column":3}},"loc":{"start":{"line":1147,"column":36},"end":{"line":1174,"column":3}},"line":1147},"75":{"name":"(anonymous_75)","decl":{"start":{"line":1149,"column":21},"end":{"line":1149,"column":22}},"loc":{"start":{"line":1149,"column":31},"end":{"line":1167,"column":5}},"line":1149},"76":{"name":"(anonymous_76)","decl":{"start":{"line":1176,"column":2},"end":{"line":1176,"column":3}},"loc":{"start":{"line":1176,"column":12},"end":{"line":1178,"column":3}},"line":1176}},"branchMap":{"0":{"loc":{"start":{"line":11,"column":4},"end":{"line":16,"column":5}},"type":"if","locations":[{"start":{"line":11,"column":4},"end":{"line":16,"column":5}},{"start":{"line":11,"column":4},"end":{"line":16,"column":5}}],"line":11},"1":{"loc":{"start":{"line":20,"column":4},"end":{"line":24,"column":5}},"type":"if","locations":[{"start":{"line":20,"column":4},"end":{"line":24,"column":5}},{"start":{"line":20,"column":4},"end":{"line":24,"column":5}}],"line":20},"2":{"loc":{"start":{"line":30,"column":4},"end":{"line":38,"column":5}},"type":"if","locations":[{"start":{"line":30,"column":4},"end":{"line":38,"column":5}},{"start":{"line":30,"column":4},"end":{"line":38,"column":5}}],"line":30},"3":{"loc":{"start":{"line":33,"column":6},"end":{"line":37,"column":7}},"type":"if","locations":[{"start":{"line":33,"column":6},"end":{"line":37,"column":7}},{"start":{"line":33,"column":6},"end":{"line":37,"column":7}}],"line":33},"4":{"loc":{"start":{"line":42,"column":11},"end":{"line":42,"column":50}},"type":"cond-expr","locations":[{"start":{"line":42,"column":21},"end":{"line":42,"column":35}},{"start":{"line":42,"column":38},"end":{"line":42,"column":50}}],"line":42},"5":{"loc":{"start":{"line":46,"column":11},"end":{"line":46,"column":71}},"type":"cond-expr","locations":[{"start":{"line":46,"column":21},"end":{"line":46,"column":37}},{"start":{"line":46,"column":40},"end":{"line":46,"column":71}}],"line":46},"6":{"loc":{"start":{"line":50,"column":4},"end":{"line":52,"column":5}},"type":"if","locations":[{"start":{"line":50,"column":4},"end":{"line":52,"column":5}},{"start":{"line":50,"column":4},"end":{"line":52,"column":5}}],"line":50},"7":{"loc":{"start":{"line":56,"column":4},"end":{"line":66,"column":5}},"type":"if","locations":[{"start":{"line":56,"column":4},"end":{"line":66,"column":5}},{"start":{"line":56,"column":4},"end":{"line":66,"column":5}}],"line":56},"8":{"loc":{"start":{"line":60,"column":8},"end":{"line":62,"column":9}},"type":"if","locations":[{"start":{"line":60,"column":8},"end":{"line":62,"column":9}},{"start":{"line":60,"column":8},"end":{"line":62,"column":9}}],"line":60},"9":{"loc":{"start":{"line":74,"column":4},"end":{"line":79,"column":5}},"type":"if","locations":[{"start":{"line":74,"column":4},"end":{"line":79,"column":5}},{"start":{"line":74,"column":4},"end":{"line":79,"column":5}}],"line":74},"10":{"loc":{"start":{"line":83,"column":4},"end":{"line":87,"column":5}},"type":"if","locations":[{"start":{"line":83,"column":4},"end":{"line":87,"column":5}},{"start":{"line":83,"column":4},"end":{"line":87,"column":5}}],"line":83},"11":{"loc":{"start":{"line":93,"column":4},"end":{"line":97,"column":5}},"type":"if","locations":[{"start":{"line":93,"column":4},"end":{"line":97,"column":5}},{"start":{"line":93,"column":4},"end":{"line":97,"column":5}}],"line":93},"12":{"loc":{"start":{"line":101,"column":4},"end":{"line":105,"column":5}},"type":"if","locations":[{"start":{"line":101,"column":4},"end":{"line":105,"column":5}},{"start":{"line":101,"column":4},"end":{"line":105,"column":5}}],"line":101},"13":{"loc":{"start":{"line":109,"column":4},"end":{"line":113,"column":5}},"type":"if","locations":[{"start":{"line":109,"column":4},"end":{"line":113,"column":5}},{"start":{"line":109,"column":4},"end":{"line":113,"column":5}}],"line":109},"14":{"loc":{"start":{"line":112,"column":13},"end":{"line":112,"column":48}},"type":"cond-expr","locations":[{"start":{"line":112,"column":36},"end":{"line":112,"column":41}},{"start":{"line":112,"column":44},"end":{"line":112,"column":48}}],"line":112},"15":{"loc":{"start":{"line":117,"column":4},"end":{"line":119,"column":5}},"type":"if","locations":[{"start":{"line":117,"column":4},"end":{"line":119,"column":5}},{"start":{"line":117,"column":4},"end":{"line":119,"column":5}}],"line":117},"16":{"loc":{"start":{"line":123,"column":4},"end":{"line":133,"column":5}},"type":"if","locations":[{"start":{"line":123,"column":4},"end":{"line":133,"column":5}},{"start":{"line":123,"column":4},"end":{"line":133,"column":5}}],"line":123},"17":{"loc":{"start":{"line":127,"column":8},"end":{"line":129,"column":9}},"type":"if","locations":[{"start":{"line":127,"column":8},"end":{"line":129,"column":9}},{"start":{"line":127,"column":8},"end":{"line":129,"column":9}}],"line":127},"18":{"loc":{"start":{"line":150,"column":18},"end":{"line":150,"column":30}},"type":"default-arg","locations":[{"start":{"line":150,"column":26},"end":{"line":150,"column":30}}],"line":150},"19":{"loc":{"start":{"line":159,"column":4},"end":{"line":162,"column":5}},"type":"if","locations":[{"start":{"line":159,"column":4},"end":{"line":162,"column":5}},{"start":{"line":159,"column":4},"end":{"line":162,"column":5}}],"line":159},"20":{"loc":{"start":{"line":165,"column":6},"end":{"line":167,"column":7}},"type":"if","locations":[{"start":{"line":165,"column":6},"end":{"line":167,"column":7}},{"start":{"line":165,"column":6},"end":{"line":167,"column":7}}],"line":165},"21":{"loc":{"start":{"line":199,"column":4},"end":{"line":201,"column":5}},"type":"if","locations":[{"start":{"line":199,"column":4},"end":{"line":201,"column":5}},{"start":{"line":199,"column":4},"end":{"line":201,"column":5}}],"line":199},"22":{"loc":{"start":{"line":199,"column":8},"end":{"line":199,"column":69}},"type":"binary-expr","locations":[{"start":{"line":199,"column":8},"end":{"line":199,"column":27}},{"start":{"line":199,"column":31},"end":{"line":199,"column":56}},{"start":{"line":199,"column":60},"end":{"line":199,"column":69}}],"line":199},"23":{"loc":{"start":{"line":212,"column":4},"end":{"line":214,"column":5}},"type":"if","locations":[{"start":{"line":212,"column":4},"end":{"line":214,"column":5}},{"start":{"line":212,"column":4},"end":{"line":214,"column":5}}],"line":212},"24":{"loc":{"start":{"line":234,"column":4},"end":{"line":236,"column":5}},"type":"if","locations":[{"start":{"line":234,"column":4},"end":{"line":236,"column":5}},{"start":{"line":234,"column":4},"end":{"line":236,"column":5}}],"line":234},"25":{"loc":{"start":{"line":247,"column":4},"end":{"line":247,"column":29}},"type":"if","locations":[{"start":{"line":247,"column":4},"end":{"line":247,"column":29}},{"start":{"line":247,"column":4},"end":{"line":247,"column":29}}],"line":247},"26":{"loc":{"start":{"line":252,"column":4},"end":{"line":262,"column":5}},"type":"if","locations":[{"start":{"line":252,"column":4},"end":{"line":262,"column":5}},{"start":{"line":252,"column":4},"end":{"line":262,"column":5}}],"line":252},"27":{"loc":{"start":{"line":253,"column":6},"end":{"line":256,"column":7}},"type":"if","locations":[{"start":{"line":253,"column":6},"end":{"line":256,"column":7}},{"start":{"line":253,"column":6},"end":{"line":256,"column":7}}],"line":253},"28":{"loc":{"start":{"line":265,"column":6},"end":{"line":270,"column":7}},"type":"if","locations":[{"start":{"line":265,"column":6},"end":{"line":270,"column":7}},{"start":{"line":265,"column":6},"end":{"line":270,"column":7}}],"line":265},"29":{"loc":{"start":{"line":279,"column":4},"end":{"line":279,"column":87}},"type":"if","locations":[{"start":{"line":279,"column":4},"end":{"line":279,"column":87}},{"start":{"line":279,"column":4},"end":{"line":279,"column":87}}],"line":279},"30":{"loc":{"start":{"line":279,"column":8},"end":{"line":279,"column":69}},"type":"binary-expr","locations":[{"start":{"line":279,"column":8},"end":{"line":279,"column":27}},{"start":{"line":279,"column":31},"end":{"line":279,"column":56}},{"start":{"line":279,"column":60},"end":{"line":279,"column":69}}],"line":279},"31":{"loc":{"start":{"line":283,"column":4},"end":{"line":294,"column":5}},"type":"if","locations":[{"start":{"line":283,"column":4},"end":{"line":294,"column":5}},{"start":{"line":283,"column":4},"end":{"line":294,"column":5}}],"line":283},"32":{"loc":{"start":{"line":286,"column":6},"end":{"line":290,"column":7}},"type":"if","locations":[{"start":{"line":286,"column":6},"end":{"line":290,"column":7}},{"start":{"line":286,"column":6},"end":{"line":290,"column":7}}],"line":286},"33":{"loc":{"start":{"line":300,"column":6},"end":{"line":311,"column":7}},"type":"if","locations":[{"start":{"line":300,"column":6},"end":{"line":311,"column":7}},{"start":{"line":300,"column":6},"end":{"line":311,"column":7}}],"line":300},"34":{"loc":{"start":{"line":303,"column":8},"end":{"line":307,"column":9}},"type":"if","locations":[{"start":{"line":303,"column":8},"end":{"line":307,"column":9}},{"start":{"line":303,"column":8},"end":{"line":307,"column":9}}],"line":303},"35":{"loc":{"start":{"line":319,"column":4},"end":{"line":319,"column":64}},"type":"if","locations":[{"start":{"line":319,"column":4},"end":{"line":319,"column":64}},{"start":{"line":319,"column":4},"end":{"line":319,"column":64}}],"line":319},"36":{"loc":{"start":{"line":319,"column":8},"end":{"line":319,"column":46}},"type":"binary-expr","locations":[{"start":{"line":319,"column":8},"end":{"line":319,"column":33}},{"start":{"line":319,"column":37},"end":{"line":319,"column":46}}],"line":319},"37":{"loc":{"start":{"line":324,"column":6},"end":{"line":328,"column":7}},"type":"if","locations":[{"start":{"line":324,"column":6},"end":{"line":328,"column":7}},{"start":{"line":324,"column":6},"end":{"line":328,"column":7}}],"line":324},"38":{"loc":{"start":{"line":335,"column":4},"end":{"line":337,"column":5}},"type":"if","locations":[{"start":{"line":335,"column":4},"end":{"line":337,"column":5}},{"start":{"line":335,"column":4},"end":{"line":337,"column":5}}],"line":335},"39":{"loc":{"start":{"line":339,"column":4},"end":{"line":341,"column":5}},"type":"if","locations":[{"start":{"line":339,"column":4},"end":{"line":341,"column":5}},{"start":{"line":339,"column":4},"end":{"line":341,"column":5}}],"line":339},"40":{"loc":{"start":{"line":347,"column":6},"end":{"line":352,"column":7}},"type":"if","locations":[{"start":{"line":347,"column":6},"end":{"line":352,"column":7}},{"start":{"line":347,"column":6},"end":{"line":352,"column":7}}],"line":347},"41":{"loc":{"start":{"line":381,"column":4},"end":{"line":383,"column":5}},"type":"if","locations":[{"start":{"line":381,"column":4},"end":{"line":383,"column":5}},{"start":{"line":381,"column":4},"end":{"line":383,"column":5}}],"line":381},"42":{"loc":{"start":{"line":393,"column":4},"end":{"line":395,"column":5}},"type":"if","locations":[{"start":{"line":393,"column":4},"end":{"line":395,"column":5}},{"start":{"line":393,"column":4},"end":{"line":395,"column":5}}],"line":393},"43":{"loc":{"start":{"line":393,"column":8},"end":{"line":393,"column":69}},"type":"binary-expr","locations":[{"start":{"line":393,"column":8},"end":{"line":393,"column":27}},{"start":{"line":393,"column":31},"end":{"line":393,"column":56}},{"start":{"line":393,"column":60},"end":{"line":393,"column":69}}],"line":393},"44":{"loc":{"start":{"line":399,"column":4},"end":{"line":399,"column":39}},"type":"if","locations":[{"start":{"line":399,"column":4},"end":{"line":399,"column":39}},{"start":{"line":399,"column":4},"end":{"line":399,"column":39}}],"line":399},"45":{"loc":{"start":{"line":426,"column":6},"end":{"line":428,"column":7}},"type":"if","locations":[{"start":{"line":426,"column":6},"end":{"line":428,"column":7}},{"start":{"line":426,"column":6},"end":{"line":428,"column":7}}],"line":426},"46":{"loc":{"start":{"line":426,"column":10},"end":{"line":426,"column":70}},"type":"binary-expr","locations":[{"start":{"line":426,"column":10},"end":{"line":426,"column":38}},{"start":{"line":426,"column":42},"end":{"line":426,"column":70}}],"line":426},"47":{"loc":{"start":{"line":432,"column":6},"end":{"line":434,"column":7}},"type":"if","locations":[{"start":{"line":432,"column":6},"end":{"line":434,"column":7}},{"start":{"line":432,"column":6},"end":{"line":434,"column":7}}],"line":432},"48":{"loc":{"start":{"line":442,"column":8},"end":{"line":442,"column":20}},"type":"default-arg","locations":[{"start":{"line":442,"column":16},"end":{"line":442,"column":20}}],"line":442},"49":{"loc":{"start":{"line":443,"column":4},"end":{"line":445,"column":5}},"type":"if","locations":[{"start":{"line":443,"column":4},"end":{"line":445,"column":5}},{"start":{"line":443,"column":4},"end":{"line":445,"column":5}}],"line":443},"50":{"loc":{"start":{"line":443,"column":8},"end":{"line":443,"column":45}},"type":"binary-expr","locations":[{"start":{"line":443,"column":8},"end":{"line":443,"column":27}},{"start":{"line":443,"column":31},"end":{"line":443,"column":45}}],"line":443},"51":{"loc":{"start":{"line":451,"column":6},"end":{"line":453,"column":7}},"type":"if","locations":[{"start":{"line":451,"column":6},"end":{"line":453,"column":7}},{"start":{"line":451,"column":6},"end":{"line":453,"column":7}}],"line":451},"52":{"loc":{"start":{"line":475,"column":6},"end":{"line":477,"column":7}},"type":"if","locations":[{"start":{"line":475,"column":6},"end":{"line":477,"column":7}},{"start":{"line":475,"column":6},"end":{"line":477,"column":7}}],"line":475},"53":{"loc":{"start":{"line":486,"column":4},"end":{"line":488,"column":5}},"type":"if","locations":[{"start":{"line":486,"column":4},"end":{"line":488,"column":5}},{"start":{"line":486,"column":4},"end":{"line":488,"column":5}}],"line":486},"54":{"loc":{"start":{"line":499,"column":6},"end":{"line":505,"column":7}},"type":"if","locations":[{"start":{"line":499,"column":6},"end":{"line":505,"column":7}},{"start":{"line":499,"column":6},"end":{"line":505,"column":7}}],"line":499},"55":{"loc":{"start":{"line":514,"column":4},"end":{"line":516,"column":5}},"type":"if","locations":[{"start":{"line":514,"column":4},"end":{"line":516,"column":5}},{"start":{"line":514,"column":4},"end":{"line":516,"column":5}}],"line":514},"56":{"loc":{"start":{"line":533,"column":8},"end":{"line":535,"column":9}},"type":"if","locations":[{"start":{"line":533,"column":8},"end":{"line":535,"column":9}},{"start":{"line":533,"column":8},"end":{"line":535,"column":9}}],"line":533},"57":{"loc":{"start":{"line":533,"column":12},"end":{"line":533,"column":52}},"type":"binary-expr","locations":[{"start":{"line":533,"column":12},"end":{"line":533,"column":28}},{"start":{"line":533,"column":32},"end":{"line":533,"column":52}}],"line":533},"58":{"loc":{"start":{"line":537,"column":8},"end":{"line":539,"column":9}},"type":"if","locations":[{"start":{"line":537,"column":8},"end":{"line":539,"column":9}},{"start":{"line":537,"column":8},"end":{"line":539,"column":9}}],"line":537},"59":{"loc":{"start":{"line":537,"column":12},"end":{"line":537,"column":54}},"type":"binary-expr","locations":[{"start":{"line":537,"column":12},"end":{"line":537,"column":29}},{"start":{"line":537,"column":33},"end":{"line":537,"column":54}}],"line":537},"60":{"loc":{"start":{"line":550,"column":4},"end":{"line":554,"column":5}},"type":"if","locations":[{"start":{"line":550,"column":4},"end":{"line":554,"column":5}},{"start":{"line":550,"column":4},"end":{"line":554,"column":5}}],"line":550},"61":{"loc":{"start":{"line":552,"column":11},"end":{"line":554,"column":5}},"type":"if","locations":[{"start":{"line":552,"column":11},"end":{"line":554,"column":5}},{"start":{"line":552,"column":11},"end":{"line":554,"column":5}}],"line":552},"62":{"loc":{"start":{"line":552,"column":15},"end":{"line":552,"column":50}},"type":"binary-expr","locations":[{"start":{"line":552,"column":15},"end":{"line":552,"column":30}},{"start":{"line":552,"column":34},"end":{"line":552,"column":50}}],"line":552},"63":{"loc":{"start":{"line":571,"column":8},"end":{"line":573,"column":9}},"type":"if","locations":[{"start":{"line":571,"column":8},"end":{"line":573,"column":9}},{"start":{"line":571,"column":8},"end":{"line":573,"column":9}}],"line":571},"64":{"loc":{"start":{"line":571,"column":12},"end":{"line":571,"column":52}},"type":"binary-expr","locations":[{"start":{"line":571,"column":12},"end":{"line":571,"column":28}},{"start":{"line":571,"column":32},"end":{"line":571,"column":52}}],"line":571},"65":{"loc":{"start":{"line":575,"column":8},"end":{"line":577,"column":9}},"type":"if","locations":[{"start":{"line":575,"column":8},"end":{"line":577,"column":9}},{"start":{"line":575,"column":8},"end":{"line":577,"column":9}}],"line":575},"66":{"loc":{"start":{"line":575,"column":12},"end":{"line":575,"column":54}},"type":"binary-expr","locations":[{"start":{"line":575,"column":12},"end":{"line":575,"column":29}},{"start":{"line":575,"column":33},"end":{"line":575,"column":54}}],"line":575},"67":{"loc":{"start":{"line":587,"column":21},"end":{"line":587,"column":34}},"type":"default-arg","locations":[{"start":{"line":587,"column":28},"end":{"line":587,"column":34}}],"line":587},"68":{"loc":{"start":{"line":590,"column":6},"end":{"line":592,"column":7}},"type":"if","locations":[{"start":{"line":590,"column":6},"end":{"line":592,"column":7}},{"start":{"line":590,"column":6},"end":{"line":592,"column":7}}],"line":590},"69":{"loc":{"start":{"line":590,"column":10},"end":{"line":590,"column":49}},"type":"binary-expr","locations":[{"start":{"line":590,"column":10},"end":{"line":590,"column":28}},{"start":{"line":590,"column":32},"end":{"line":590,"column":49}}],"line":590},"70":{"loc":{"start":{"line":594,"column":6},"end":{"line":594,"column":50}},"type":"if","locations":[{"start":{"line":594,"column":6},"end":{"line":594,"column":50}},{"start":{"line":594,"column":6},"end":{"line":594,"column":50}}],"line":594},"71":{"loc":{"start":{"line":596,"column":6},"end":{"line":598,"column":7}},"type":"if","locations":[{"start":{"line":596,"column":6},"end":{"line":598,"column":7}},{"start":{"line":596,"column":6},"end":{"line":598,"column":7}}],"line":596},"72":{"loc":{"start":{"line":600,"column":6},"end":{"line":600,"column":49}},"type":"if","locations":[{"start":{"line":600,"column":6},"end":{"line":600,"column":49}},{"start":{"line":600,"column":6},"end":{"line":600,"column":49}}],"line":600},"73":{"loc":{"start":{"line":602,"column":6},"end":{"line":604,"column":7}},"type":"if","locations":[{"start":{"line":602,"column":6},"end":{"line":604,"column":7}},{"start":{"line":602,"column":6},"end":{"line":604,"column":7}}],"line":602},"74":{"loc":{"start":{"line":606,"column":6},"end":{"line":606,"column":51}},"type":"if","locations":[{"start":{"line":606,"column":6},"end":{"line":606,"column":51}},{"start":{"line":606,"column":6},"end":{"line":606,"column":51}}],"line":606},"75":{"loc":{"start":{"line":609,"column":4},"end":{"line":609,"column":49}},"type":"if","locations":[{"start":{"line":609,"column":4},"end":{"line":609,"column":49}},{"start":{"line":609,"column":4},"end":{"line":609,"column":49}}],"line":609},"76":{"loc":{"start":{"line":616,"column":28},"end":{"line":616,"column":41}},"type":"default-arg","locations":[{"start":{"line":616,"column":35},"end":{"line":616,"column":41}}],"line":616},"77":{"loc":{"start":{"line":619,"column":6},"end":{"line":621,"column":7}},"type":"if","locations":[{"start":{"line":619,"column":6},"end":{"line":621,"column":7}},{"start":{"line":619,"column":6},"end":{"line":621,"column":7}}],"line":619},"78":{"loc":{"start":{"line":619,"column":10},"end":{"line":619,"column":49}},"type":"binary-expr","locations":[{"start":{"line":619,"column":10},"end":{"line":619,"column":28}},{"start":{"line":619,"column":32},"end":{"line":619,"column":49}}],"line":619},"79":{"loc":{"start":{"line":623,"column":6},"end":{"line":623,"column":41}},"type":"if","locations":[{"start":{"line":623,"column":6},"end":{"line":623,"column":41}},{"start":{"line":623,"column":6},"end":{"line":623,"column":41}}],"line":623},"80":{"loc":{"start":{"line":625,"column":6},"end":{"line":627,"column":7}},"type":"if","locations":[{"start":{"line":625,"column":6},"end":{"line":627,"column":7}},{"start":{"line":625,"column":6},"end":{"line":627,"column":7}}],"line":625},"81":{"loc":{"start":{"line":629,"column":6},"end":{"line":629,"column":40}},"type":"if","locations":[{"start":{"line":629,"column":6},"end":{"line":629,"column":40}},{"start":{"line":629,"column":6},"end":{"line":629,"column":40}}],"line":629},"82":{"loc":{"start":{"line":631,"column":6},"end":{"line":633,"column":7}},"type":"if","locations":[{"start":{"line":631,"column":6},"end":{"line":633,"column":7}},{"start":{"line":631,"column":6},"end":{"line":633,"column":7}}],"line":631},"83":{"loc":{"start":{"line":635,"column":6},"end":{"line":635,"column":42}},"type":"if","locations":[{"start":{"line":635,"column":6},"end":{"line":635,"column":42}},{"start":{"line":635,"column":6},"end":{"line":635,"column":42}}],"line":635},"84":{"loc":{"start":{"line":639,"column":13},"end":{"line":639,"column":89}},"type":"binary-expr","locations":[{"start":{"line":639,"column":13},"end":{"line":639,"column":28}},{"start":{"line":639,"column":32},"end":{"line":639,"column":89}}],"line":639},"85":{"loc":{"start":{"line":642,"column":4},"end":{"line":644,"column":5}},"type":"if","locations":[{"start":{"line":642,"column":4},"end":{"line":644,"column":5}},{"start":{"line":642,"column":4},"end":{"line":644,"column":5}}],"line":642},"86":{"loc":{"start":{"line":642,"column":8},"end":{"line":642,"column":55}},"type":"binary-expr","locations":[{"start":{"line":642,"column":8},"end":{"line":642,"column":25}},{"start":{"line":642,"column":29},"end":{"line":642,"column":55}}],"line":642},"87":{"loc":{"start":{"line":651,"column":4},"end":{"line":653,"column":5}},"type":"if","locations":[{"start":{"line":651,"column":4},"end":{"line":653,"column":5}},{"start":{"line":651,"column":4},"end":{"line":653,"column":5}}],"line":651},"88":{"loc":{"start":{"line":669,"column":8},"end":{"line":671,"column":9}},"type":"if","locations":[{"start":{"line":669,"column":8},"end":{"line":671,"column":9}},{"start":{"line":669,"column":8},"end":{"line":671,"column":9}}],"line":669},"89":{"loc":{"start":{"line":673,"column":8},"end":{"line":675,"column":9}},"type":"if","locations":[{"start":{"line":673,"column":8},"end":{"line":675,"column":9}},{"start":{"line":673,"column":8},"end":{"line":675,"column":9}}],"line":673},"90":{"loc":{"start":{"line":688,"column":4},"end":{"line":694,"column":5}},"type":"if","locations":[{"start":{"line":688,"column":4},"end":{"line":694,"column":5}},{"start":{"line":688,"column":4},"end":{"line":694,"column":5}}],"line":688},"91":{"loc":{"start":{"line":691,"column":11},"end":{"line":694,"column":5}},"type":"if","locations":[{"start":{"line":691,"column":11},"end":{"line":694,"column":5}},{"start":{"line":691,"column":11},"end":{"line":694,"column":5}}],"line":691},"92":{"loc":{"start":{"line":712,"column":8},"end":{"line":715,"column":9}},"type":"if","locations":[{"start":{"line":712,"column":8},"end":{"line":715,"column":9}},{"start":{"line":712,"column":8},"end":{"line":715,"column":9}}],"line":712},"93":{"loc":{"start":{"line":717,"column":8},"end":{"line":720,"column":9}},"type":"if","locations":[{"start":{"line":717,"column":8},"end":{"line":720,"column":9}},{"start":{"line":717,"column":8},"end":{"line":720,"column":9}}],"line":717},"94":{"loc":{"start":{"line":731,"column":4},"end":{"line":733,"column":5}},"type":"if","locations":[{"start":{"line":731,"column":4},"end":{"line":733,"column":5}},{"start":{"line":731,"column":4},"end":{"line":733,"column":5}}],"line":731},"95":{"loc":{"start":{"line":752,"column":8},"end":{"line":755,"column":9}},"type":"if","locations":[{"start":{"line":752,"column":8},"end":{"line":755,"column":9}},{"start":{"line":752,"column":8},"end":{"line":755,"column":9}}],"line":752},"96":{"loc":{"start":{"line":752,"column":12},"end":{"line":752,"
[...]
n":49}}],"line":1016},"144":{"loc":{"start":{"line":1024,"column":6},"end":{"line":1028,"column":7}},"type":"if","locations":[{"start":{"line":1024,"column":6},"end":{"line":1028,"column":7}},{"start":{"line":1024,"column":6},"end":{"line":1028,"column":7}}],"line":1024},"145":{"loc":{"start":{"line":1031,"column":11},"end":{"line":1035,"column":5}},"type":"if","locations":[{"start":{"line":1031,"column":11},"end":{"line":1035,"column":5}},{"start":{"line":1031,"column":11},"end":{"line":1035,"column":5}}],"line":1031},"146":{"loc":{"start":{"line":1037,"column":4},"end":{"line":1039,"column":5}},"type":"if","locations":[{"start":{"line":1037,"column":4},"end":{"line":1039,"column":5}},{"start":{"line":1037,"column":4},"end":{"line":1039,"column":5}}],"line":1037},"147":{"loc":{"start":{"line":1044,"column":4},"end":{"line":1053,"column":5}},"type":"if","locations":[{"start":{"line":1044,"column":4},"end":{"line":1053,"column":5}},{"start":{"line":1044,"column":4},"end":{"line":1053,"column":5}}],"line":1044},"148":{"loc":{"start":{"line":1045,"column":6},"end":{"line":1047,"column":7}},"type":"if","locations":[{"start":{"line":1045,"column":6},"end":{"line":1047,"column":7}},{"start":{"line":1045,"column":6},"end":{"line":1047,"column":7}}],"line":1045},"149":{"loc":{"start":{"line":1045,"column":10},"end":{"line":1045,"column":68}},"type":"binary-expr","locations":[{"start":{"line":1045,"column":10},"end":{"line":1045,"column":37}},{"start":{"line":1045,"column":41},"end":{"line":1045,"column":68}}],"line":1045},"150":{"loc":{"start":{"line":1049,"column":6},"end":{"line":1052,"column":7}},"type":"if","locations":[{"start":{"line":1049,"column":6},"end":{"line":1052,"column":7}},{"start":{"line":1049,"column":6},"end":{"line":1052,"column":7}}],"line":1049},"151":{"loc":{"start":{"line":1055,"column":4},"end":{"line":1064,"column":5}},"type":"if","locations":[{"start":{"line":1055,"column":4},"end":{"line":1064,"column":5}},{"start":{"line":1055,"column":4},"end":{"line":1064,"column":5}}],"line":1055},"152":{"loc":{"start":{"line":1056,"column":6},"end":{"line":1058,"column":7}},"type":"if","locations":[{"start":{"line":1056,"column":6},"end":{"line":1058,"column":7}},{"start":{"line":1056,"column":6},"end":{"line":1058,"column":7}}],"line":1056},"153":{"loc":{"start":{"line":1056,"column":10},"end":{"line":1056,"column":70}},"type":"binary-expr","locations":[{"start":{"line":1056,"column":10},"end":{"line":1056,"column":38}},{"start":{"line":1056,"column":42},"end":{"line":1056,"column":70}}],"line":1056},"154":{"loc":{"start":{"line":1060,"column":6},"end":{"line":1063,"column":7}},"type":"if","locations":[{"start":{"line":1060,"column":6},"end":{"line":1063,"column":7}},{"start":{"line":1060,"column":6},"end":{"line":1063,"column":7}}],"line":1060},"155":{"loc":{"start":{"line":1072,"column":4},"end":{"line":1083,"column":5}},"type":"switch","locations":[{"start":{"line":1073,"column":6},"end":{"line":1074,"column":17}},{"start":{"line":1075,"column":6},"end":{"line":1076,"column":17}},{"start":{"line":1077,"column":6},"end":{"line":1078,"column":17}},{"start":{"line":1079,"column":6},"end":{"line":1080,"column":17}},{"start":{"line":1081,"column":6},"end":{"line":1082,"column":17}}],"line":1072},"156":{"loc":{"start":{"line":1086,"column":11},"end":{"line":1086,"column":27}},"type":"default-arg","locations":[{"start":{"line":1086,"column":18},"end":{"line":1086,"column":27}}],"line":1086},"157":{"loc":{"start":{"line":1096,"column":11},"end":{"line":1096,"column":27}},"type":"default-arg","locations":[{"start":{"line":1096,"column":18},"end":{"line":1096,"column":27}}],"line":1096},"158":{"loc":{"start":{"line":1106,"column":16},"end":{"line":1106,"column":32}},"type":"default-arg","locations":[{"start":{"line":1106,"column":23},"end":{"line":1106,"column":32}}],"line":1106},"159":{"loc":{"start":{"line":1107,"column":4},"end":{"line":1109,"column":5}},"type":"if","locations":[{"start":{"line":1107,"column":4},"end":{"line":1109,"column":5}},{"start":{"line":1107,"column":4},"end":{"line":1109,"column":5}}],"line":1107},"160":{"loc":{"start":{"line":1111,"column":4},"end":{"line":1113,"column":5}},"type":"if","locations":[{"start":{"line":1111,"column":4},"end":{"line":1113,"column":5}},{"start":{"line":1111,"column":4},"end":{"line":1113,"column":5}}],"line":1111},"161":{"loc":{"start":{"line":1111,"column":8},"end":{"line":1111,"column":70}},"type":"binary-expr","locations":[{"start":{"line":1111,"column":8},"end":{"line":1111,"column":21}},{"start":{"line":1111,"column":25},"end":{"line":1111,"column":70}}],"line":1111},"162":{"loc":{"start":{"line":1115,"column":4},"end":{"line":1119,"column":5}},"type":"if","locations":[{"start":{"line":1115,"column":4},"end":{"line":1119,"column":5}},{"start":{"line":1115,"column":4},"end":{"line":1119,"column":5}}],"line":1115},"163":{"loc":{"start":{"line":1127,"column":4},"end":{"line":1129,"column":5}},"type":"if","locations":[{"start":{"line":1127,"column":4},"end":{"line":1129,"column":5}},{"start":{"line":1127,"column":4},"end":{"line":1129,"column":5}}],"line":1127},"164":{"loc":{"start":{"line":1128,"column":13},"end":{"line":1128,"column":80}},"type":"cond-expr","locations":[{"start":{"line":1128,"column":68},"end":{"line":1128,"column":73}},{"start":{"line":1128,"column":76},"end":{"line":1128,"column":80}}],"line":1128},"165":{"loc":{"start":{"line":1131,"column":11},"end":{"line":1131,"column":62}},"type":"cond-expr","locations":[{"start":{"line":1131,"column":50},"end":{"line":1131,"column":55}},{"start":{"line":1131,"column":58},"end":{"line":1131,"column":62}}],"line":1131},"166":{"loc":{"start":{"line":1135,"column":4},"end":{"line":1144,"column":5}},"type":"switch","locations":[{"start":{"line":1136,"column":6},"end":{"line":1137,"column":36}},{"start":{"line":1138,"column":6},"end":{"line":1139,"column":34}},{"start":{"line":1140,"column":6},"end":{"line":1141,"column":36}},{"start":{"line":1142,"column":6},"end":{"line":1143,"column":47}}],"line":1135},"167":{"loc":{"start":{"line":1147,"column":21},"end":{"line":1147,"column":34}},"type":"default-arg","locations":[{"start":{"line":1147,"column":28},"end":{"line":1147,"column":34}}],"line":1147},"168":{"loc":{"start":{"line":1150,"column":6},"end":{"line":1152,"column":7}},"type":"if","locations":[{"start":{"line":1150,"column":6},"end":{"line":1152,"column":7}},{"start":{"line":1150,"column":6},"end":{"line":1152,"column":7}}],"line":1150},"169":{"loc":{"start":{"line":1154,"column":6},"end":{"line":1154,"column":50}},"type":"if","locations":[{"start":{"line":1154,"column":6},"end":{"line":1154,"column":50}},{"start":{"line":1154,"column":6},"end":{"line":1154,"column":50}}],"line":1154},"170":{"loc":{"start":{"line":1156,"column":6},"end":{"line":1158,"column":7}},"type":"if","locations":[{"start":{"line":1156,"column":6},"end":{"line":1158,"column":7}},{"start":{"line":1156,"column":6},"end":{"line":1158,"column":7}}],"line":1156},"171":{"loc":{"start":{"line":1160,"column":6},"end":{"line":1160,"column":49}},"type":"if","locations":[{"start":{"line":1160,"column":6},"end":{"line":1160,"column":49}},{"start":{"line":1160,"column":6},"end":{"line":1160,"column":49}}],"line":1160},"172":{"loc":{"start":{"line":1162,"column":6},"end":{"line":1164,"column":7}},"type":"if","locations":[{"start":{"line":1162,"column":6},"end":{"line":1164,"column":7}},{"start":{"line":1162,"column":6},"end":{"line":1164,"column":7}}],"line":1162},"173":{"loc":{"start":{"line":1166,"column":6},"end":{"line":1166,"column":51}},"type":"if","locations":[{"start":{"line":1166,"column":6},"end":{"line":1166,"column":51}},{"start":{"line":1166,"column":6},"end":{"line":1166,"column":51}}],"line":1166},"174":{"loc":{"start":{"line":1169,"column":4},"end":{"line":1169,"column":49}},"type":"if","locations":[{"start":{"line":1169,"column":4},"end":{"line":1169,"column":49}},{"start":{"line":1169,"column":4},"end":{"line":1169,"column":49}}],"line":1169}},"s":{"0":1,"1":1,"2":1,"3":117,"4":7,"5":7,"6":110,"7":349,"8":5,"9":344,"10":356,"11":344,"12":327,"13":5,"14":322,"15":321,"16":1,"17":5,"18":3,"19":8,"20":2,"21":6,"22":6,"23":3,"24":3,"25":3,"26":5,"27":1,"28":2,"29":1,"30":17,"31":10,"32":10,"33":7,"34":11,"35":5,"36":6,"37":21,"38":11,"39":12,"40":4,"41":8,"42":11,"43":7,"44":4,"45":6,"46":3,"47":3,"48":8,"49":2,"50":6,"51":6,"52":3,"53":3,"54":3,"55":5,"56":1,"57":2,"58":1,"59":40,"60":40,"61":40,"62":10,"63":10,"64":8,"65":8,"66":3,"67":3,"68":5,"69":11,"70":5,"71":6,"72":5,"73":5,"74":5,"75":5,"76":30,"77":105,"78":30,"79":30,"80":105,"81":105,"82":105,"83":105,"84":30,"85":9,"86":3,"87":6,"88":12,"89":6,"90":6,"91":1,"92":5,"93":5,"94":11,"95":11,"96":11,"97":11,"98":5,"99":5,"100":5,"101":5,"102":5,"103":1,"104":4,"105":13,"106":13,"107":4,"108":15,"109":1,"110":14,"111":14,"112":8,"113":2,"114":2,"115":6,"116":6,"117":6,"118":6,"119":6,"120":17,"121":4,"122":4,"123":4,"124":4,"125":13,"126":2,"127":13,"128":1,"129":12,"130":8,"131":8,"132":2,"133":6,"134":8,"135":8,"136":4,"137":4,"138":4,"139":6,"140":3,"141":3,"142":1,"143":2,"144":3,"145":3,"146":3,"147":3,"148":47,"149":2,"150":45,"151":45,"152":45,"153":116,"154":4,"155":112,"156":41,"157":11,"158":1,"159":10,"160":1,"161":9,"162":9,"163":9,"164":31,"165":4,"166":27,"167":27,"168":5,"169":4,"170":4,"171":4,"172":20,"173":20,"174":4,"175":26,"176":26,"177":62,"178":62,"179":31,"180":31,"181":104,"182":31,"183":6,"184":2,"185":4,"186":4,"187":1,"188":3,"189":3,"190":3,"191":3,"192":3,"193":3,"194":17,"195":17,"196":17,"197":17,"198":3,"199":3,"200":3,"201":3,"202":3,"203":11,"204":9,"205":3,"206":22,"207":16,"208":22,"209":3,"210":5,"211":1,"212":4,"213":4,"214":4,"215":9,"216":4,"217":9,"218":4,"219":2,"220":2,"221":2,"222":6,"223":6,"224":20,"225":4,"226":16,"227":2,"228":26,"229":2,"230":26,"231":1,"232":49,"233":617,"234":284,"235":284,"236":284,"237":284,"238":617,"239":49,"240":9,"241":1,"242":8,"243":8,"244":8,"245":8,"246":20,"247":20,"248":20,"249":20,"250":24,"251":24,"252":10,"253":24,"254":6,"255":20,"256":20,"257":8,"258":5,"259":1,"260":4,"261":1,"262":3,"263":3,"264":3,"265":3,"266":13,"267":13,"268":13,"269":13,"270":20,"271":20,"272":10,"273":20,"274":7,"275":13,"276":13,"277":3,"278":34,"279":34,"280":149,"281":30,"282":119,"283":36,"284":119,"285":64,"286":119,"287":51,"288":119,"289":52,"290":119,"291":32,"292":34,"293":1,"294":33,"295":33,"296":33,"297":17,"298":17,"299":83,"300":3,"301":80,"302":32,"303":80,"304":40,"305":80,"306":24,"307":80,"308":30,"309":80,"310":24,"311":17,"312":17,"313":17,"314":4,"315":13,"316":13,"317":13,"318":2,"319":11,"320":11,"321":11,"322":23,"323":23,"324":23,"325":23,"326":40,"327":40,"328":5,"329":35,"330":10,"331":25,"332":25,"333":13,"334":1,"335":8,"336":1,"337":1,"338":7,"339":1,"340":1,"341":6,"342":6,"343":6,"344":6,"345":6,"346":14,"347":14,"348":14,"349":14,"350":32,"351":32,"352":1,"353":1,"354":31,"355":5,"356":5,"357":26,"358":26,"359":8,"360":10,"361":1,"362":9,"363":9,"364":9,"365":9,"366":26,"367":26,"368":26,"369":26,"370":55,"371":55,"372":7,"373":7,"374":55,"375":48,"376":55,"377":24,"378":55,"379":22,"380":26,"381":9,"382":6,"383":6,"384":9,"385":1,"386":495,"387":495,"388":495,"389":495,"390":896,"391":371,"392":525,"393":909,"394":324,"395":585,"396":38,"397":38,"398":38,"399":38,"400":38,"401":38,"402":51,"403":51,"404":51,"405":51,"406":51,"407":51,"408":1,"409":59,"410":59,"411":59,"412":59,"413":21,"414":59,"415":59,"416":1,"417":58,"418":1,"419":57,"420":59,"421":57,"422":57,"423":57,"424":57,"425":40,"426":31,"427":9,"428":9,"429":9,"430":9,"431":3,"432":6,"433":3,"434":3,"435":57,"436":17,"437":17,"438":1,"439":16,"440":16,"441":16,"442":40,"443":1,"444":15,"445":1,"446":14,"447":2,"448":12,"449":2,"450":10,"451":57,"452":59,"453":57,"454":44,"455":31,"456":44,"457":44,"458":44,"459":44,"460":44,"461":44,"462":44,"463":38,"464":38,"465":1,"466":37,"467":31,"468":154,"469":6,"470":37,"471":160,"472":160,"473":157,"474":157,"475":37,"476":433,"477":157,"478":157,"479":276,"480":116,"481":160,"482":276,"483":276,"484":276,"485":22,"486":13,"487":9,"488":9,"489":254,"490":32,"491":7,"492":7,"493":25,"494":260,"495":22,"496":22,"497":1,"498":21,"499":6,"500":39,"501":15,"502":21,"503":54,"504":54,"505":52,"506":21,"507":126,"508":1,"509":125,"510":64,"511":35,"512":29,"513":8,"514":21,"515":8,"516":13,"517":13,"518":13,"519":64,"520":3,"521":61,"522":64,"523":61,"524":34,"525":27,"526":125,"527":35,"528":90,"529":90,"530":90,"531":5,"532":4,"533":5,"534":1,"535":1,"536":89,"537":8,"538":5,"539":8,"540":4,"541":4,"542":85,"543":403,"544":403,"545":40,"546":144,"547":110,"548":27,"549":82,"550":18,"551":18,"552":11,"553":18,"554":4,"555":4,"556":5,"557":4,"558":19,"559":1,"560":18,"561":9,"562":9,"563":4,"564":5,"565":6,"566":9,"567":2,"568":7,"569":234,"570":29,"571":16,"572":146,"573":43,"574":28,"575":28,"576":107,"577":1,"578":106,"579":7,"580":106,"581":37,"582":106,"583":7,"584":106,"585":43,"586":106,"587":92,"588":28,"589":1,"590":27,"591":27,"592":27,"593":11,"594":1},"f":{"0":117,"1":349,"2":356,"3":327,"4":5,"5":3,"6":8,"7":17,"8":11,"9":21,"10":12,"11":11,"12":6,"13":8,"14":40,"15":10,"16":8,"17":30,"18":105,"19":9,"20":12,"21":5,"22":15,"23":13,"24":47,"25":11,"26":4,"27":26,"28":62,"29":6,"30":3,"31":3,"32":11,"33":5,"34":2,"35":6,"36":26,"37":49,"38":617,"39":9,"40":5,"41":34,"42":149,"43":17,"44":83,"45":17,"46":13,"47":8,"48":10,"49":495,"50":896,"51":909,"52":38,"53":51,"54":59,"55":21,"56":59,"57":57,"58":57,"59":40,"60":17,"61":38,"62":154,"63":433,"64":22,"65":39,"66":126,"67":403,"68":18,"69":4,"70":19,"71":6,"72":9,"73":234,"74":28,"75":107,"76":11},"b":{"0":[7,110],"1":[5,344],"2":[5,322],"3":[321,1],"4":[3,2],"5":[2,1],"6":[2,6],"7":[3,3],"8":[1,4],"9":[10,7],"10":[5,6],"11":[4,8],"12":[7,4],"13":[3,3],"14":[1,2],"15":[2,6],"16":[3,3],"17":[1,4],"18":[1],"19":[3,5],"20":[5,6],"21":[3,6],"22":[9,8,7],"23":[1,5],"24":[1,4],"25":[1,14],"26":[8,6],"27":[2,6],"28":[4,13],"29":[1,12],"30":[13,13,12],"31":[8,4],"32":[2,6],"33":[3,3],"34":[1,2],"35":[2,45],"36":[47,46],"37":[4,112],"38":[1,10],"39":[1,9],"40":[4,27],"41":[31,31],"42":[2,4],"43":[6,6,5],"44":[1,3],"45":[9,2],"46":[11,4],"47":[16,6],"48":[1],"49":[1,4],"50":[5,5],"51":[4,5],"52":[4,16],"53":[2,24],"54":[284,333],"55":[1,8],"56":[10,14],"57":[24,16],"58":[6,18],"59":[24,16],"60":[1,4],"61":[1,3],"62":[4,1],"63":[10,10],"64":[20,12],"65":[7,13],"66":[20,10],"67":[8],"68":[30,119],"69":[149,149],"70":[36,83],"71":[64,55],"72":[51,68],"73":[52,67],"74":[32,87],"75":[1,33],"76":[6],"77":[3,80],"78":[83,83],"79":[32,48],"80":[40,40],"81":[24,56],"82":[30,50],"83":[24,56],"84":[17,16],"85":[4,13],"86":[17,13],"87":[2,11],"88":[5,35],"89":[10,25],"90":[1,7],"91":[1,6],"92":[1,31],"93":[5,26],"94":[1,9],"95":[7,48],"96":[55,7],"97":[48,7],"98":[24,31],"99":[22,33],"100":[6,3],"101":[9,7],"102":[139],"103":[371,525],"104":[324,585],"105":[21,21],"106":[1,58],"107":[1,57],"108":[31,9],"109":[3,6],"110":[3,3],"111":[6,6],"112":[1,16],"113":[1,39],"114":[1,14],"115":[15,15],"116":[2,12],"117":[14,13],"118":[2,10],"119":[12,11],"120":[40,17],"121":[31,13],"122":[44,31],"123":[1,37],"124":[31,6],"125":[157,3],"126":[160,160],"127":[157,276],"128":[116,160],"129":[22,254],"130":[13,9],"131":[32,222],"132":[7,25],"133":[1,21],"134":[6,15],"135":[52,2],"136":[1,125],"137":[64,61],"138":[35,29],"139":[64,43],"140":[8,21],"141":[29,21],"142":[8,13],"143":[21,8],"144":[3,61],"145":[34,27],"146":[35,90],"147":[5,85],"148":[4,1],"149":[5,4],"150":[1,4],"151":[8,81],"152":[5,3],"153":[8,7],"154":[4,4],"155":[40,144,110,27,82],"156":[2],"157":[2],"158":[10],"159":[1,18],"160":[9,9],"161":[18,17],"162":[4,5],"163":[2,7],"164":[1,1],"165":[2,5],"166":[29,16,146,43],"167":[25],"168":[1,106],"169":[7,99],"170":[37,69],"171":[7,99],"172":[43,63],"173":[92,14],"174":[1,27]},"_coverageSchema":"1a1c01bbd47fc00a2c39e90264f33305004495a9","hash":"412326d0a4f84c8aba217f5abf8bc5caa5bab126"}
,"/home/jordan/github/plus/utility-methods.js": {"path":"/home/jordan/github/plus/utility-methods.js","statementMap":{"0":{"start":{"line":1,"column":0},"end":{"line":3,"column":2}},"1":{"start":{"line":2,"column":2},"end":{"line":2,"column":67}},"2":{"start":{"line":5,"column":0},"end":{"line":7,"column":2}},"3":{"start":{"line":6,"column":2},"end":{"line":6,"column":35}},"4":{"start":{"line":9,"column":0},"end":{"line":11,"column":2}},"5":{"start":{"line":10,"column":2},"end":{"line":10,"column":35}},"6":{"start":{"line":13,"column":0},"end":{"line":19,"column":2}},"7":{"start":{"line":14,"column":2},"end":{"line":16,"column":3}},"8":{"start":{"line":15,"column":4},"end":{"line":15,"column":17}},"9":{"start":{"line":18,"column":2},"end":{"line":18,"column":103}},"10":{"start":{"line":21,"column":0},"end":{"line":23,"column":2}},"11":{"start":{"line":22,"column":2},"end":{"line":22,"column":42}},"12":{"start":{"line":25,"column":0},"end":{"line":33,"column":2}},"13":{"start":{"line":26,"column":2},"end":{"line":32,"column":3}},"14":{"start":{"line":27,"column":4},"end":{"line":27,"column":31}},"15":{"start":{"line":28,"column":9},"end":{"line":32,"column":3}},"16":{"start":{"line":29,"column":4},"end":{"line":29,"column":53}},"17":{"start":{"line":31,"column":4},"end":{"line":31,"column":63}}},"fnMap":{"0":{"name":"(anonymous_0)","decl":{"start":{"line":1,"column":17},"end":{"line":1,"column":18}},"loc":{"start":{"line":1,"column":28},"end":{"line":3,"column":1}},"line":1},"1":{"name":"(anonymous_1)","decl":{"start":{"line":5,"column":19},"end":{"line":5,"column":20}},"loc":{"start":{"line":5,"column":30},"end":{"line":7,"column":1}},"line":5},"2":{"name":"(anonymous_2)","decl":{"start":{"line":9,"column":19},"end":{"line":9,"column":20}},"loc":{"start":{"line":9,"column":30},"end":{"line":11,"column":1}},"line":9},"3":{"name":"(anonymous_3)","decl":{"start":{"line":13,"column":19},"end":{"line":13,"column":20}},"loc":{"start":{"line":13,"column":35},"end":{"line":19,"column":1}},"line":13},"4":{"name":"(anonymous_4)","decl":{"start":{"line":21,"column":28},"end":{"line":21,"column":29}},"loc":{"start":{"line":21,"column":70},"end":{"line":23,"column":1}},"line":21},"5":{"name":"(anonymous_5)","decl":{"start":{"line":25,"column":23},"end":{"line":25,"column":24}},"loc":{"start":{"line":25,"column":61},"end":{"line":33,"column":1}},"line":25}},"branchMap":{"0":{"loc":{"start":{"line":14,"column":2},"end":{"line":16,"column":3}},"type":"if","locations":[{"start":{"line":14,"column":2},"end":{"line":16,"column":3}},{"start":{"line":14,"column":2},"end":{"line":16,"column":3}}],"line":14},"1":{"loc":{"start":{"line":18,"column":9},"end":{"line":18,"column":102}},"type":"binary-expr","locations":[{"start":{"line":18,"column":9},"end":{"line":18,"column":34}},{"start":{"line":18,"column":38},"end":{"line":18,"column":59}},{"start":{"line":18,"column":63},"end":{"line":18,"column":102}}],"line":18},"2":{"loc":{"start":{"line":26,"column":2},"end":{"line":32,"column":3}},"type":"if","locations":[{"start":{"line":26,"column":2},"end":{"line":32,"column":3}},{"start":{"line":26,"column":2},"end":{"line":32,"column":3}}],"line":26},"3":{"loc":{"start":{"line":26,"column":6},"end":{"line":26,"column":44}},"type":"binary-expr","locations":[{"start":{"line":26,"column":6},"end":{"line":26,"column":23}},{"start":{"line":26,"column":27},"end":{"line":26,"column":44}}],"line":26},"4":{"loc":{"start":{"line":28,"column":9},"end":{"line":32,"column":3}},"type":"if","locations":[{"start":{"line":28,"column":9},"end":{"line":32,"column":3}},{"start":{"line":28,"column":9},"end":{"line":32,"column":3}}],"line":28}},"s":{"0":1,"1":16,"2":1,"3":29,"4":1,"5":146,"6":1,"7":43,"8":1,"9":42,"10":1,"11":328,"12":1,"13":142,"14":124,"15":18,"16":8,"17":10},"f":{"0":16,"1":29,"2":146,"3":43,"4":328,"5":142},"b":{"0":[1,42],"1":[42,38,37],"2":[124,18],"3":[142,31],"4":[8,10]},"_coverageSchema":"1a1c01bbd47fc00a2c39e90264f33305004495a9","hash":"fb96bfd88ed622e2fc965f93a9f29c2e01033249"}
}
