{"/home/jordan/github/plus/app.js": {"path":"/home/jordan/github/plus/app.js","statementMap":{"0":{"start":{"line":3,"column":13},"end":{"line":3,"column":44}},"1":{"start":{"line":5,"column":11},"end":{"line":5,"column":13}},"2":{"start":{"line":9,"column":0},"end":{"line":68,"column":2}},"3":{"start":{"line":11,"column":4},"end":{"line":16,"column":5}},"4":{"start":{"line":12,"column":6},"end":{"line":12,"column":45}},"5":{"start":{"line":13,"column":6},"end":{"line":13,"column":21}},"6":{"start":{"line":15,"column":6},"end":{"line":15,"column":21}},"7":{"start":{"line":20,"column":4},"end":{"line":24,"column":5}},"8":{"start":{"line":21,"column":6},"end":{"line":21,"column":56}},"9":{"start":{"line":23,"column":6},"end":{"line":23,"column":60}},"10":{"start":{"line":23,"column":35},"end":{"line":23,"column":58}},"11":{"start":{"line":26,"column":4},"end":{"line":26,"column":13}},"12":{"start":{"line":30,"column":4},"end":{"line":38,"column":5}},"13":{"start":{"line":31,"column":6},"end":{"line":31,"column":40}},"14":{"start":{"line":33,"column":6},"end":{"line":37,"column":7}},"15":{"start":{"line":34,"column":8},"end":{"line":34,"column":33}},"16":{"start":{"line":36,"column":8},"end":{"line":36,"column":20}},"17":{"start":{"line":42,"column":4},"end":{"line":42,"column":51}},"18":{"start":{"line":46,"column":4},"end":{"line":46,"column":72}},"19":{"start":{"line":50,"column":4},"end":{"line":52,"column":5}},"20":{"start":{"line":51,"column":6},"end":{"line":51,"column":18}},"21":{"start":{"line":54,"column":15},"end":{"line":54,"column":19}},"22":{"start":{"line":56,"column":4},"end":{"line":66,"column":5}},"23":{"start":{"line":57,"column":6},"end":{"line":57,"column":50}},"24":{"start":{"line":59,"column":6},"end":{"line":63,"column":7}},"25":{"start":{"line":59,"column":19},"end":{"line":59,"column":20}},"26":{"start":{"line":60,"column":8},"end":{"line":62,"column":9}},"27":{"start":{"line":61,"column":10},"end":{"line":61,"column":42}},"28":{"start":{"line":65,"column":6},"end":{"line":65,"column":18}},"29":{"start":{"line":72,"column":0},"end":{"line":135,"column":2}},"30":{"start":{"line":74,"column":4},"end":{"line":79,"column":5}},"31":{"start":{"line":75,"column":6},"end":{"line":75,"column":45}},"32":{"start":{"line":76,"column":6},"end":{"line":76,"column":21}},"33":{"start":{"line":78,"column":6},"end":{"line":78,"column":21}},"34":{"start":{"line":83,"column":4},"end":{"line":87,"column":5}},"35":{"start":{"line":84,"column":6},"end":{"line":84,"column":49}},"36":{"start":{"line":86,"column":6},"end":{"line":86,"column":48}},"37":{"start":{"line":86,"column":29},"end":{"line":86,"column":46}},"38":{"start":{"line":89,"column":4},"end":{"line":89,"column":13}},"39":{"start":{"line":93,"column":4},"end":{"line":97,"column":5}},"40":{"start":{"line":94,"column":6},"end":{"line":94,"column":38}},"41":{"start":{"line":96,"column":6},"end":{"line":96,"column":29}},"42":{"start":{"line":101,"column":4},"end":{"line":105,"column":5}},"43":{"start":{"line":102,"column":6},"end":{"line":102,"column":30}},"44":{"start":{"line":104,"column":6},"end":{"line":104,"column":45}},"45":{"start":{"line":109,"column":4},"end":{"line":113,"column":5}},"46":{"start":{"line":110,"column":6},"end":{"line":110,"column":37}},"47":{"start":{"line":112,"column":6},"end":{"line":112,"column":49}},"48":{"start":{"line":117,"column":4},"end":{"line":119,"column":5}},"49":{"start":{"line":118,"column":6},"end":{"line":118,"column":18}},"50":{"start":{"line":121,"column":15},"end":{"line":121,"column":19}},"51":{"start":{"line":123,"column":4},"end":{"line":133,"column":5}},"52":{"start":{"line":124,"column":6},"end":{"line":124,"column":50}},"53":{"start":{"line":126,"column":6},"end":{"line":130,"column":7}},"54":{"start":{"line":126,"column":19},"end":{"line":126,"column":20}},"55":{"start":{"line":127,"column":8},"end":{"line":129,"column":9}},"56":{"start":{"line":128,"column":10},"end":{"line":128,"column":42}},"57":{"start":{"line":132,"column":6},"end":{"line":132,"column":18}},"58":{"start":{"line":139,"column":0},"end":{"line":473,"column":2}},"59":{"start":{"line":141,"column":19},"end":{"line":144,"column":5}},"60":{"start":{"line":146,"column":4},"end":{"line":146,"column":25}},"61":{"start":{"line":150,"column":4},"end":{"line":150,"column":26}},"62":{"start":{"line":151,"column":4},"end":{"line":151,"column":13}},"63":{"start":{"line":155,"column":19},"end":{"line":155,"column":28}},"64":{"start":{"line":158,"column":4},"end":{"line":161,"column":5}},"65":{"start":{"line":159,"column":6},"end":{"line":159,"column":23}},"66":{"start":{"line":160,"column":6},"end":{"line":160,"column":23}},"67":{"start":{"line":163,"column":4},"end":{"line":169,"column":5}},"68":{"start":{"line":164,"column":6},"end":{"line":166,"column":7}},"69":{"start":{"line":165,"column":8},"end":{"line":165,"column":14}},"70":{"start":{"line":168,"column":6},"end":{"line":168,"column":31}},"71":{"start":{"line":171,"column":4},"end":{"line":171,"column":37}},"72":{"start":{"line":172,"column":4},"end":{"line":172,"column":25}},"73":{"start":{"line":173,"column":4},"end":{"line":173,"column":24}},"74":{"start":{"line":177,"column":16},"end":{"line":182,"column":6}},"75":{"start":{"line":178,"column":6},"end":{"line":181,"column":8}},"76":{"start":{"line":184,"column":15},"end":{"line":184,"column":26}},"77":{"start":{"line":186,"column":4},"end":{"line":190,"column":5}},"78":{"start":{"line":187,"column":6},"end":{"line":187,"column":27}},"79":{"start":{"line":188,"column":6},"end":{"line":188,"column":23}},"80":{"start":{"line":189,"column":6},"end":{"line":189,"column":20}},"81":{"start":{"line":192,"column":4},"end":{"line":192,"column":16}},"82":{"start":{"line":196,"column":4},"end":{"line":198,"column":5}},"83":{"start":{"line":197,"column":6},"end":{"line":197,"column":18}},"84":{"start":{"line":200,"column":16},"end":{"line":205,"column":6}},"85":{"start":{"line":201,"column":6},"end":{"line":204,"column":8}},"86":{"start":{"line":207,"column":15},"end":{"line":207,"column":41}},"87":{"start":{"line":209,"column":4},"end":{"line":211,"column":5}},"88":{"start":{"line":210,"column":6},"end":{"line":210,"column":18}},"89":{"start":{"line":213,"column":19},"end":{"line":213,"column":28}},"90":{"start":{"line":215,"column":4},"end":{"line":219,"column":5}},"91":{"start":{"line":216,"column":6},"end":{"line":216,"column":27}},"92":{"start":{"line":217,"column":6},"end":{"line":217,"column":23}},"93":{"start":{"line":218,"column":6},"end":{"line":218,"column":20}},"94":{"start":{"line":221,"column":4},"end":{"line":221,"column":25}},"95":{"start":{"line":222,"column":4},"end":{"line":222,"column":16}},"96":{"start":{"line":226,"column":17},"end":{"line":226,"column":19}},"97":{"start":{"line":228,"column":19},"end":{"line":228,"column":28}},"98":{"start":{"line":230,"column":4},"end":{"line":232,"column":5}},"99":{"start":{"line":231,"column":6},"end":{"line":231,"column":20}},"100":{"start":{"line":234,"column":4},"end":{"line":237,"column":5}},"101":{"start":{"line":235,"column":6},"end":{"line":235,"column":32}},"102":{"start":{"line":236,"column":6},"end":{"line":236,"column":31}},"103":{"start":{"line":239,"column":4},"end":{"line":239,"column":18}},"104":{"start":{"line":243,"column":4},"end":{"line":243,"column":29}},"105":{"start":{"line":243,"column":18},"end":{"line":243,"column":27}},"106":{"start":{"line":245,"column":19},"end":{"line":245,"column":28}},"107":{"start":{"line":248,"column":4},"end":{"line":256,"column":5}},"108":{"start":{"line":249,"column":6},"end":{"line":251,"column":7}},"109":{"start":{"line":250,"column":8},"end":{"line":250,"column":20}},"110":{"start":{"line":253,"column":6},"end":{"line":253,"column":26}},"111":{"start":{"line":254,"column":6},"end":{"line":254,"column":33}},"112":{"start":{"line":255,"column":6},"end":{"line":255,"column":17}},"113":{"start":{"line":258,"column":4},"end":{"line":266,"column":5}},"114":{"start":{"line":259,"column":6},"end":{"line":263,"column":7}},"115":{"start":{"line":260,"column":8},"end":{"line":260,"column":32}},"116":{"start":{"line":261,"column":8},"end":{"line":261,"column":43}},"117":{"start":{"line":262,"column":8},"end":{"line":262,"column":19}},"118":{"start":{"line":265,"column":6},"end":{"line":265,"column":31}},"119":{"start":{"line":268,"column":4},"end":{"line":268,"column":16}},"120":{"start":{"line":272,"column":4},"end":{"line":272,"column":87}},"121":{"start":{"line":272,"column":73},"end":{"line":272,"column":85}},"122":{"start":{"line":276,"column":4},"end":{"line":286,"column":5}},"123":{"start":{"line":277,"column":6},"end":{"line":277,"column":26}},"124":{"start":{"line":279,"column":6},"end":{"line":283,"column":7}},"125":{"start":{"line":280,"column":8},"end":{"line":280,"column":25}},"126":{"start":{"line":282,"column":8},"end":{"line":282,"column":35}},"127":{"start":{"line":285,"column":6},"end":{"line":285,"column":17}},"128":{"start":{"line":288,"column":19},"end":{"line":288,"column":28}},"129":{"start":{"line":289,"column":12},"end":{"line":289,"column":13}},"130":{"start":{"line":291,"column":4},"end":{"line":306,"column":5}},"131":{"start":{"line":292,"column":6},"end":{"line":302,"column":7}},"132":{"start":{"line":293,"column":8},"end":{"line":293,"column":33}},"133":{"start":{"line":295,"column":8},"end":{"line":299,"column":9}},"134":{"start":{"line":296,"column":10},"end":{"line":296,"column":31}},"135":{"start":{"line":298,"column":10},"end":{"line":298,"column":45}},"136":{"start":{"line":301,"column":8},"end":{"line":301,"column":19}},"137":{"start":{"line":304,"column":6},"end":{"line":304,"column":31}},"138":{"start":{"line":305,"column":6},"end":{"line":305,"column":13}},"139":{"start":{"line":310,"column":4},"end":{"line":310,"column":64}},"140":{"start":{"line":310,"column":50},"end":{"line":310,"column":62}},"141":{"start":{"line":312,"column":19},"end":{"line":312,"column":28}},"142":{"start":{"line":314,"column":4},"end":{"line":320,"column":5}},"143":{"start":{"line":314,"column":17},"end":{"line":314,"column":18}},"144":{"start":{"line":315,"column":6},"end":{"line":319,"column":7}},"145":{"start":{"line":316,"column":8},"end":{"line":316,"column":20}},"146":{"start":{"line":318,"column":8},"end":{"line":318,"column":33}},"147":{"start":{"line":322,"column":4},"end":{"line":322,"column":20}},"148":{"start":{"line":326,"column":4},"end":{"line":328,"column":5}},"149":{"start":{"line":327,"column":6},"end":{"line":327,"column":18}},"150":{"start":{"line":330,"column":4},"end":{"line":332,"column":5}},"151":{"start":{"line":331,"column":6},"end":{"line":331,"column":23}},"152":{"start":{"line":334,"column":19},"end":{"line":334,"column":28}},"153":{"start":{"line":335,"column":12},"end":{"line":335,"column":13}},"154":{"start":{"line":337,"column":4},"end":{"line":347,"column":5}},"155":{"start":{"line":338,"column":6},"end":{"line":343,"column":7}},"156":{"start":{"line":339,"column":8},"end":{"line":342,"column":10}},"157":{"start":{"line":345,"column":6},"end":{"line":345,"column":31}},"158":{"start":{"line":346,"column":6},"end":{"line":346,"column":13}},"159":{"start":{"line":349,"column":4},"end":{"line":349,"column":16}},"160":{"start":{"line":353,"column":19},"end":{"line":353,"column":28}},"161":{"start":{"line":354,"column":16},"end":{"line":354,"column":18}},"162":{"start":{"line":356,"column":4},"end":{"line":359,"column":5}},"163":{"start":{"line":357,"column":6},"end":{"line":357,"column":27}},"164":{"start":{"line":358,"column":6},"end":{"line":358,"column":31}},"165":{"start":{"line":361,"column":4},"end":{"line":361,"column":52}},"166":{"start":{"line":365,"column":12},"end":{"line":365,"column":13}},"167":{"start":{"line":366,"column":19},"end":{"line":366,"column":28}},"168":{"start":{"line":368,"column":4},"end":{"line":371,"column":5}},"169":{"start":{"line":369,"column":6},"end":{"line":369,"column":13}},"170":{"start":{"line":370,"column":6},"end":{"line":370,"column":31}},"171":{"start":{"line":373,"column":4},"end":{"line":373,"column":13}},"172":{"start":{"line":377,"column":19},"end":{"line":377,"column":28}},"173":{"start":{"line":379,"column":4},"end":{"line":381,"column":5}},"174":{"start":{"line":380,"column":6},"end":{"line":380,"column":22}},"175":{"start":{"line":383,"column":4},"end":{"line":385,"column":5}},"176":{"start":{"line":384,"column":6},"end":{"line":384,"column":31}},"177":{"start":{"line":387,"column":4},"end":{"line":387,"column":20}},"178":{"start":{"line":391,"column":4},"end":{"line":393,"column":5}},"179":{"start":{"line":392,"column":6},"end":{"line":392,"column":18}},"180":{"start":{"line":395,"column":15},"end":{"line":395,"column":41}},"181":{"start":{"line":397,"column":4},"end":{"line":397,"column":39}},"182":{"start":{"line":397,"column":25},"end":{"line":397,"column":37}},"183":{"start":{"line":399,"column":4},"end":{"line":399,"column":21}},"184":{"start":{"line":400,"column":4},"end":{"line":400,"column":16}},"185":{"start":{"line":404,"column":15},"end":{"line":404,"column":19}},"186":{"start":{"line":405,"column":15},"end":{"line":405,"column":19}},"187":{"start":{"line":406,"column":19},"end":{"line":406,"column":28}},"188":{"start":{"line":408,"column":4},"end":{"line":413,"column":5}},"189":{"start":{"line":409,"column":6},"end":{"line":409,"column":27}},"190":{"start":{"line":410,"column":6},"end":{"line":410,"column":27}},"191":{"start":{"line":411,"column":6},"end":{"line":411,"column":22}},"192":{"start":{"line":412,"column":6},"end":{"line":412,"column":22}},"193":{"start":{"line":415,"column":4},"end":{"line":415,"column":21}},"194":{"start":{"line":416,"column":4},"end":{"line":416,"column":16}},"195":{"start":{"line":420,"column":17},"end":{"line":420,"column":19}},"196":{"start":{"line":421,"column":19},"end":{"line":421,"column":28}},"197":{"start":{"line":423,"column":4},"end":{"line":423,"column":55}},"198":{"start":{"line":423,"column":33},"end":{"line":423,"column":53}},"199":{"start":{"line":425,"column":4},"end":{"line":431,"column":5}},"200":{"start":{"line":426,"column":6},"end":{"line":428,"column":7}},"201":{"start":{"line":427,"column":8},"end":{"line":427,"column":34}},"202":{"start":{"line":430,"column":6},"end":{"line":430,"column":31}},"203":{"start":{"line":433,"column":4},"end":{"line":433,"column":18}},"204":{"start":{"line":437,"column":16},"end":{"line":437,"column":17}},"205":{"start":{"line":438,"column":19},"end":{"line":438,"column":28}},"206":{"start":{"line":440,"column":4},"end":{"line":446,"column":5}},"207":{"start":{"line":441,"column":6},"end":{"line":443,"column":7}},"208":{"start":{"line":442,"column":8},"end":{"line":442,"column":19}},"209":{"start":{"line":445,"column":6},"end":{"line":445,"column":31}},"210":{"start":{"line":448,"column":4},"end":{"line":448,"column":17}},"211":{"start":{"line":452,"column":4},"end":{"line":455,"column":6}},"212":{"start":{"line":457,"column":4},"end":{"line":457,"column":16}},"213":{"start":{"line":461,"column":19},"end":{"line":461,"column":28}},"214":{"start":{"line":463,"column":4},"end":{"line":469,"column":5}},"215":{"start":{"line":464,"column":6},"end":{"line":466,"column":7}},"216":{"start":{"line":465,"column":8},"end":{"line":465,"column":20}},"217":{"start":{"line":468,"column":6},"end":{"line":468,"column":31}},"218":{"start":{"line":471,"column":4},"end":{"line":471,"column":17}},"219":{"start":{"line":477,"column":0},"end":{"line":761,"column":2}},"220":{"start":{"line":479,"column":29},"end":{"line":489,"column":5}},"221":{"start":{"line":480,"column":6},"end":{"line":486,"column":7}},"222":{"start":{"line":481,"column":19},"end":{"line":481,"column":50}},"223":{"start":{"line":482,"column":8},"end":{"line":482,"column":20}},"224":{"start":{"line":484,"column":8},"end":{"line":484,"column":70}},"225":{"start":{"line":485,"column":8},"end":{"line":485,"column":72}},"226":{"start":{"line":488,"column":6},"end":{"line":488,"column":18}},"227":{"start":{"line":491,"column":4},"end":{"line":491,"column":64}},"228":{"start":{"line":495,"column":4},"end":{"line":497,"column":5}},"229":{"start":{"line":496,"column":6},"end":{"line":496,"column":39}},"230":{"start":{"line":499,"column":16},"end":{"line":499,"column":32}},"231":{"start":{"line":500,"column":4},"end":{"line":500,"column":26}},"232":{"start":{"line":505,"column":12},"end":{"line":505,"column":14}},"233":{"start":{"line":507,"column":4},"end":{"line":525,"column":5}},"234":{"start":{"line":508,"column":6},"end":{"line":508,"column":33}},"235":{"start":{"line":509,"column":6},"end":{"line":509,"column":20}},"236":{"start":{"line":511,"column":6},"end":{"line":521,"column":7}},"237":{"start":{"line":511,"column":19},"end":{"line":511,"column":20}},"238":{"start":{"line":512,"column":8},"end":{"line":512,"column":34}},"239":{"start":{"line":514,"column":8},"end":{"line":516,"column":9}},"240":{"start":{"line":515,"column":10},"end":{"line":515,"column":42}},"241":{"start":{"line":518,"column":8},"end":{"line":520,"column":9}},"242":{"start":{"line":519,"column":10},"end":{"line":519,"column":43}},"243":{"start":{"line":523,"column":6},"end":{"line":523,"column":30}},"244":{"start":{"line":524,"column":6},"end":{"line":524,"column":13}},"245":{"start":{"line":527,"column":4},"end":{"line":527,"column":13}},"246":{"start":{"line":531,"column":4},"end":{"line":535,"column":5}},"247":{"start":{"line":532,"column":6},"end":{"line":532,"column":15}},"248":{"start":{"line":533,"column":11},"end":{"line":535,"column":5}},"249":{"start":{"line":534,"column":6},"end":{"line":534,"column":15}},"250":{"start":{"line":537,"column":16},"end":{"line":537,"column":32}},"251":{"start":{"line":538,"column":4},"end":{"line":538,"column":31}},"252":{"start":{"line":543,"column":12},"end":{"line":543,"column":13}},"253":{"start":{"line":545,"column":4},"end":{"line":563,"column":5}},"254":{"start":{"line":546,"column":6},"end":{"line":546,"column":33}},"255":{"start":{"line":547,"column":6},"end":{"line":547,"column":20}},"256":{"start":{"line":549,"column":6},"end":{"line":559,"column":7}},"257":{"start":{"line":549,"column":19},"end":{"line":549,"column":20}},"258":{"start":{"line":550,"column":8},"end":{"line":550,"column":34}},"259":{"start":{"line":552,"column":8},"end":{"line":554,"column":9}},"260":{"start":{"line":553,"column":10},"end":{"line":553,"column":42}},"261":{"start":{"line":556,"column":8},"end":{"line":558,"column":9}},"262":{"start":{"line":557,"column":10},"end":{"line":557,"column":43}},"263":{"start":{"line":561,"column":6},"end":{"line":561,"column":30}},"264":{"start":{"line":562,"column":6},"end":{"line":562,"column":13}},"265":{"start":{"line":565,"column":4},"end":{"line":565,"column":13}},"266":{"start":{"line":569,"column":23},"end":{"line":569,"column":44}},"267":{"start":{"line":570,"column":21},"end":{"line":588,"column":5}},"268":{"start":{"line":571,"column":6},"end":{"line":573,"column":7}},"269":{"start":{"line":572,"column":8},"end":{"line":572,"column":15}},"270":{"start":{"line":575,"column":6},"end":{"line":575,"column":50}},"271":{"start":{"line":575,"column":28},"end":{"line":575,"column":48}},"272":{"start":{"line":577,"column":6},"end":{"line":579,"column":7}},"273":{"start":{"line":578,"column":8},"end":{"line":578,"column":28}},"274":{"start":{"line":581,"column":6},"end":{"line":581,"column":49}},"275":{"start":{"line":581,"column":27},"end":{"line":581,"column":47}},"276":{"start":{"line":583,"column":6},"end":{"line":585,"column":7}},"277":{"start":{"line":584,"column":8},"end":{"line":584,"column":29}},"278":{"start":{"line":587,"column":6},"end":{"line":587,"column":51}},"279":{"start":{"line":587,"column":29},"end":{"line":587,"column":49}},"280":{"start":{"line":590,"column":4},"end":{"line":590,"column":49}},"281":{"start":{"line":590,"column":38},"end":{"line":590,"column":47}},"282":{"start":{"line":592,"column":15},"end":{"line":592,"column":17}},"283":{"start":{"line":593,"column":4},"end":{"line":593,"column":24}},"284":{"start":{"line":594,"column":4},"end":{"line":594,"column":16}},"285":{"start":{"line":598,"column":23},"end":{"line":598,"column":44}},"286":{"start":{"line":599,"column":21},"end":{"line":617,"column":5}},"287":{"start":{"line":600,"column":6},"end":{"line":602,"column":7}},"288":{"start":{"line":601,"column":8},"end":{"line":601,"column":15}},"289":{"start":{"line":604,"column":6},"end":{"line":604,"column":41}},"290":{"start":{"line":604,"column":28},"end":{"line":604,"column":39}},"291":{"start":{"line":606,"column":6},"end":{"line":608,"column":7}},"292":{"start":{"line":607,"column":8},"end":{"line":607,"column":28}},"293":{"start":{"line":610,"column":6},"end":{"line":610,"column":40}},"294":{"start":{"line":610,"column":27},"end":{"line":610,"column":38}},"295":{"start":{"line":612,"column":6},"end":{"line":614,"column":7}},"296":{"start":{"line":613,"column":8},"end":{"line":613,"column":29}},"297":{"start":{"line":616,"column":6},"end":{"line":616,"column":42}},"298":{"start":{"line":616,"column":29},"end":{"line":616,"column":40}},"299":{"start":{"line":619,"column":23},"end":{"line":621,"column":5}},"300":{"start":{"line":620,"column":6},"end":{"line":620,"column":90}},"301":{"start":{"line":623,"column":4},"end":{"line":625,"column":5}},"302":{"start":{"line":624,"column":6},"end":{"line":624,"column":15}},"303":{"start":{"line":627,"column":4},"end":{"line":627,"column":24}},"304":{"start":{"line":628,"column":4},"end":{"line":628,"column":16}},"305":{"start":{"line":632,"column":4},"end":{"line":634,"column":5}},"306":{"start":{"line":633,"column":6},"end":{"line":633,"column":15}},"307":{"start":{"line":636,"column":16},"end":{"line":636,"column":32}},"308":{"start":{"line":641,"column":4},"end":{"line":641,"column":31}},"309":{"start":{"line":643,"column":4},"end":{"line":663,"column":5}},"310":{"start":{"line":644,"column":6},"end":{"line":644,"column":33}},"311":{"start":{"line":645,"column":6},"end":{"line":645,"column":20}},"312":{"start":{"line":647,"column":6},"end":{"line":660,"column":7}},"313":{"start":{"line":647,"column":19},"end":{"line":647,"column":20}},"314":{"start":{"line":648,"column":8},"end":{"line":648,"column":27}},"315":{"start":{"line":650,"column":8},"end":{"line":652,"column":9}},"316":{"start":{"line":651,"column":10},"end":{"line":651,"column":19}},"317":{"start":{"line":654,"column":8},"end":{"line":656,"column":9}},"318":{"start":{"line":655,"column":10},"end":{"line":655,"column":22}},"319":{"start":{"line":658,"column":8},"end":{"line":658,"column":33}},"320":{"start":{"line":659,"column":8},"end":{"line":659,"column":34}},"321":{"start":{"line":662,"column":6},"end":{"line":662,"column":30}},"322":{"start":{"line":665,"column":4},"end":{"line":665,"column":13}},"323":{"start":{"line":669,"column":4},"end":{"line":675,"column":5}},"324":{"start":{"line":670,"column":6},"end":{"line":670,"column":28}},"325":{"start":{"line":671,"column":6},"end":{"line":671,"column":18}},"326":{"start":{"line":672,"column":11},"end":{"line":675,"column":5}},"327":{"start":{"line":673,"column":6},"end":{"line":673,"column":48}},"328":{"start":{"line":674,"column":6},"end":{"line":674,"column":18}},"329":{"start":{"line":677,"column":16},"end":{"line":677,"column":32}},"330":{"start":{"line":678,"column":21},"end":{"line":678,"column":37}},"331":{"start":{"line":683,"column":4},"end":{"line":683,"column":53}},"332":{"start":{"line":684,"column":4},"end":{"line":684,"column":30}},"333":{"start":{"line":686,"column":4},"end":{"line":708,"column":5}},"334":{"start":{"line":687,"column":6},"end":{"line":687,"column":33}},"335":{"start":{"line":688,"column":6},"end":{"line":688,"column":20}},"336":{"start":{"line":690,"column":6},"end":{"line":705,"column":7}},"337":{"start":{"line":690,"column":19},"end":{"line":690,"column":20}},"338":{"start":{"line":691,"column":8},"end":{"line":691,"column":27}},"339":{"start":{"line":693,"column":8},"end":{"line":696,"column":9}},"340":{"start":{"line":694,"column":10},"end":{"line":694,"column":57}},"341":{"start":{"line":695,"column":10},"end":{"line":695,"column":22}},"342":{"start":{"line":698,"column":8},"end":{"line":701,"column":9}},"343":{"start":{"line":699,"column":10},"end":{"line":699,"column":42}},"344":{"start":{"line":700,"column":10},"end":{"line":700,"column":22}},"345":{"start":{"line":703,"column":8},"end":{"line":703,"column":33}},"346":{"start":{"line":704,"column":8},"end":{"line":704,"column":34}},"347":{"start":{"line":707,"column":6},"end":{"line":707,"column":30}},"348":{"start":{"line":712,"column":4},"end":{"line":714,"column":5}},"349":{"start":{"line":713,"column":6},"end":{"line":713,"column":15}},"350":{"start":{"line":716,"column":16},"end":{"line":716,"column":32}},"351":{"start":{"line":717,"column":21},"end":{"line":717,"column":26}},"352":{"start":{"line":724,"column":4},"end":{"line":724,"column":31}},"353":{"start":{"line":726,"column":4},"end":{"line":752,"column":5}},"354":{"start":{"line":727,"column":6},"end":{"line":727,"column":33}},"355":{"start":{"line":728,"column":6},"end":{"line":728,"column":20}},"356":{"start":{"line":730,"column":6},"end":{"line":749,"column":7}},"357":{"start":{"line":730,"column":19},"end":{"line":730,"column":20}},"358":{"start":{"line":731,"column":8},"end":{"line":731,"column":27}},"359":{"start":{"line":733,"column":8},"end":{"line":736,"column":9}},"360":{"start":{"line":734,"column":10},"end":{"line":734,"column":28}},"361":{"start":{"line":735,"column":10},"end":{"line":735,"column":28}},"362":{"start":{"line":738,"column":8},"end":{"line":740,"column":9}},"363":{"start":{"line":739,"column":10},"end":{"line":739,"column":26}},"364":{"start":{"line":742,"column":8},"end":{"line":744,"column":9}},"365":{"start":{"line":743,"column":10},"end":{"line":743,"column":35}},"366":{"start":{"line":746,"column":8},"end":{"line":748,"column":9}},"367":{"start":{"line":747,"column":10},"end":{"line":747,"column":36}},"368":{"start":{"line":751,"column":6},"end":{"line":751,"column":30}},"369":{"start":{"line":754,"column":4},"end":{"line":757,"column":5}},"370":{"start":{"line":755,"column":6},"end":{"line":755,"column":36}},"371":{"start":{"line":756,"column":6},"end":{"line":756,"column":26}},"372":{"start":{"line":759,"column":4},"end":{"line":759,"column":16}},"373":{"start":{"line":765,"column":0},"end":{"line":808,"column":2}},"374":{"start":{"line":767,"column":4},"end":{"line":767,"column":19}},"375":{"start":{"line":768,"column":4},"end":{"line":768,"column":21}},"376":{"start":{"line":769,"column":4},"end":{"line":769,"column":22}},"377":{"start":{"line":770,"column":4},"end":{"line":770,"column":20}},"378":{"start":{"line":774,"column":4},"end":{"line":776,"column":5}},"379":{"start":{"line":775,"column":6},"end":{"line":775,"column":16}},"380":{"start":{"line":778,"column":4},"end":{"line":778,"column":28}},"381":{"start":{"line":782,"column":4},"end":{"line":784,"column":5}},"382":{"start":{"line":783,"column":6},"end":{"line":783,"column":16}},"383":{"start":{"line":786,"column":4},"end":{"line":786,"column":29}},"384":{"start":{"line":790,"column":15},"end":{"line":790,"column":24}},"385":{"start":{"line":791,"column":4},"end":{"line":791,"column":27}},"386":{"start":{"line":792,"column":4},"end":{"line":792,"column":22}},"387":{"start":{"line":794,"column":4},"end":{"line":794,"column":70}},"388":{"start":{"line":795,"column":4},"end":{"line":795,"column":63}},"389":{"start":{"line":796,"column":4},"end":{"line":796,"column":16}},"390":{"start":{"line":800,"column":15},"end":{"line":800,"column":25}},"391":{"start":{"line":801,"column":4},"end":{"line":801,"column":27}},"392":{"start":{"line":802,"column":4},"end":{"line":802,"column":21}},"393":{"start":{"line":804,"column":4},"end":{"line":804,"column":70}},"394":{"start":{"line":805,"column":4},"end":{"line":805,"column":64}},"395":{"start":{"line":806,"column":4},"end":{"line":806,"column":16}},"396":{"start":{"line":812,"column":0},"end":{"line":1160,"column":2}},"397":{"start":{"line":814,"column":28},"end":{"line":814,"column":66}},"398":{"start":{"line":815,"column":36},"end":{"line":815,"column":73}},"399":{"start":{"line":816,"column":39},"end":{"line":816,"column":58}},"400":{"start":{"line":818,"column":23},"end":{"line":818,"column":132}},"401":{"start":{"line":818,"column":46},"end":{"line":818,"column":130}},"402":{"start":{"line":819,"column":26},"end":{"line":829,"column":5}},"403":{"start":{"line":820,"column":6},"end":{"line":822,"column":7}},"404":{"start":{"line":821,"column":8},"end":{"line":821,"column":85}},"405":{"start":{"line":824,"column":6},"end":{"line":826,"column":7}},"406":{"start":{"line":825,"column":8},"end":{"line":825,"column":101}},"407":{"start":{"line":828,"column":6},"end":{"line":828,"column":18}},"408":{"start":{"line":830,"column":33},"end":{"line":884,"column":5}},"409":{"start":{"line":831,"column":25},"end":{"line":831,"column":53}},"410":{"start":{"line":832,"column":26},"end":{"line":832,"column":87}},"411":{"start":{"line":832,"column":42},"end":{"line":832,"column":85}},"412":{"start":{"line":833,"column":37},"end":{"line":851,"column":7}},"413":{"start":{"line":834,"column":8},"end":{"line":836,"column":9}},"414":{"start":{"line":835,"column":10},"end":{"line":835,"column":22}},"415":{"start":{"line":838,"column":19},"end":{"line":838,"column":39}},"416":{"start":{"line":840,"column":8},"end":{"line":844,"column":9}},"417":{"start":{"line":840,"column":21},"end":{"line":840,"column":22}},"418":{"start":{"line":841,"column":10},"end":{"line":843,"column":11}},"419":{"start":{"line":842,"column":12},"end":{"line":842,"column":111}},"420":{"start":{"line":846,"column":8},"end":{"line":848,"column":9}},"421":{"start":{"line":847,"column":10},"end":{"line":847,"column":67}},"422":{"start":{"line":850,"column":8},"end":{"line":850,"column":20}},"423":{"start":{"line":853,"column":34},"end":{"line":881,"column":7}},"424":{"start":{"line":854,"column":30},"end":{"line":854,"column":58}},"425":{"start":{"line":856,"column":8},"end":{"line":858,"column":9}},"426":{"start":{"line":857,"column":10},"end":{"line":857,"column":87}},"427":{"start":{"line":860,"column":19},"end":{"line":860,"column":39}},"428":{"start":{"line":862,"column":8},"end":{"line":866,"column":9}},"429":{"start":{"line":862,"column":21},"end":{"line":862,"column":22}},"430":{"start":{"line":863,"column":10},"end":{"line":865,"column":11}},"431":{"start":{"line":864,"column":12},"end":{"line":864,"column":111}},"432":{"start":{"line":868,"column":8},"end":{"line":870,"column":9}},"433":{"start":{"line":869,"column":10},"end":{"line":869,"column":85}},"434":{"start":{"line":872,"column":8},"end":{"line":874,"column":9}},"435":{"start":{"line":873,"column":10},"end":{"line":873,"column":93}},"436":{"start":{"line":876,"column":8},"end":{"line":878,"column":9}},"437":{"start":{"line":877,"column":10},"end":{"line":877,"column":113}},"438":{"start":{"line":880,"column":8},"end":{"line":880,"column":20}},"439":{"start":{"line":883,"column":6},"end":{"line":883,"column":100}},"440":{"start":{"line":886,"column":4},"end":{"line":886,"column":28}},"441":{"start":{"line":887,"column":4},"end":{"line":887,"column":44}},"442":{"start":{"line":889,"column":4},"end":{"line":891,"column":5}},"443":{"start":{"line":890,"column":6},"end":{"line":890,"column":19}},"444":{"start":{"line":893,"column":4},"end":{"line":893,"column":25}},"445":{"start":{"line":894,"column":4},"end":{"line":894,"column":77}},"446":{"start":{"line":895,"column":4},"end":{"line":895,"column":27}},"447":{"start":{"line":896,"column":4},"end":{"line":896,"column":35}},"448":{"start":{"line":897,"column":4},"end":{"line":897,"column":25}},"449":{"start":{"line":898,"column":4},"end":{"line":898,"column":21}},"450":{"start":{"line":899,"column":4},"end":{"line":899,"column":18}},"451":{"start":{"line":903,"column":16},"end":{"line":903,"column":32}},"452":{"start":{"line":905,"column":4},"end":{"line":911,"column":5}},"453":{"start":{"line":906,"column":6},"end":{"line":906,"column":13}},"454":{"start":{"line":907,"column":11},"end":{"line":911,"column":5}},"455":{"start":{"line":908,"column":6},"end":{"line":908,"column":50}},"456":{"start":{"line":908,"column":30},"end":{"line":908,"column":48}},"457":{"start":{"line":910,"column":6},"end":{"line":910,"column":28}},"458":{"start":{"line":915,"column":4},"end":{"line":922,"column":5}},"459":{"start":{"line":916,"column":6},"end":{"line":916,"column":37}},"460":{"start":{"line":918,"column":6},"end":{"line":921,"column":7}},"461":{"start":{"line":919,"column":8},"end":{"line":919,"column":63}},"462":{"start":{"line":920,"column":8},"end":{"line":920,"column":23}},"463":{"start":{"line":924,"column":4},"end":{"line":924,"column":16}},"464":{"start":{"line":928,"column":4},"end":{"line":931,"column":5}},"465":{"start":{"line":929,"column":6},"end":{"line":929,"column":52}},"466":{"start":{"line":930,"column":6},"end":{"line":930,"column":38}},"467":{"start":{"line":933,"column":4},"end":{"line":937,"column":5}},"468":{"start":{"line":934,"column":6},"end":{"line":934,"column":54}},"469":{"start":{"line":936,"column":6},"end":{"line":936,"column":56}},"470":{"start":{"line":939,"column":4},"end":{"line":939,"column":70}},"471":{"start":{"line":940,"column":18},"end":{"line":940,"column":34}},"472":{"start":{"line":942,"column":4},"end":{"line":956,"column":5}},"473":{"start":{"line":943,"column":6},"end":{"line":948,"column":7}},"474":{"start":{"line":944,"column":8},"end":{"line":944,"column":34}},"475":{"start":{"line":946,"column":8},"end":{"line":946,"column":43}},"476":{"start":{"line":947,"column":8},"end":{"line":947,"column":34}},"477":{"start":{"line":949,"column":11},"end":{"line":956,"column":5}},"478":{"start":{"line":950,"column":6},"end":{"line":955,"column":7}},"479":{"start":{"line":951,"column":8},"end":{"line":951,"column":46}},"480":{"start":{"line":952,"column":8},"end":{"line":952,"column":33}},"481":{"start":{"line":954,"column":8},"end":{"line":954,"column":33}},"482":{"start":{"line":958,"column":4},"end":{"line":958,"column":16}},"483":{"start":{"line":962,"column":16},"end":{"line":962,"column":32}},"484":{"start":{"line":964,"column":4},"end":{"line":970,"column":5}},"485":{"start":{"line":965,"column":6},"end":{"line":965,"column":13}},"486":{"start":{"line":966,"column":11},"end":{"line":970,"column":5}},"487":{"start":{"line":967,"column":6},"end":{"line":967,"column":50}},"488":{"start":{"line":967,"column":30},"end":{"line":967,"column":48}},"489":{"start":{"line":969,"column":6},"end":{"line":969,"column":28}},"490":{"start":{"line":974,"column":4},"end":{"line":980,"column":5}},"491":{"start":{"line":975,"column":6},"end":{"line":975,"column":37}},"492":{"start":{"line":977,"column":6},"end":{"line":979,"column":7}},"493":{"start":{"line":978,"column":8},"end":{"line":978,"column":63}},"494":{"start":{"line":982,"column":4},"end":{"line":982,"column":16}},"495":{"start":{"line":986,"column":4},"end":{"line":988,"column":5}},"496":{"start":{"line":987,"column":6},"end":{"line":987,"column":18}},"497":{"start":{"line":990,"column":4},"end":{"line":1016,"column":5}},"498":{"start":{"line":993,"column":6},"end":{"line":1003,"column":7}},"499":{"start":{"line":994,"column":8},"end":{"line":994,"column":20}},"500":{"start":{"line":995,"column":13},"end":{"line":1003,"column":7}},"501":{"start":{"line":996,"column":8},"end":{"line":996,"column":25}},"502":{"start":{"line":997,"column":13},"end":{"line":1003,"column":7}},"503":{"start":{"line":998,"column":8},"end":{"line":998,"column":26}},"504":{"start":{"line":1000,"column":8},"end":{"line":1000,"column":45}},"505":{"start":{"line":1001,"column":8},"end":{"line":1001,"column":33}},"506":{"start":{"line":1002,"column":8},"end":{"line":1002,"column":64}},"507":{"start":{"line":1005,"column":6},"end":{"line":1009,"column":7}},"508":{"start":{"line":1006,"column":8},"end":{"line":1006,"column":55}},"509":{"start":{"line":1008,"column":8},"end":{"line":1008,"column":39}},"510":{"start":{"line":1011,"column":6},"end":{"line":1011,"column":21}},"511":{"start":{"line":1012,"column":11},"end":{"line":1016,"column":5}},"512":{"start":{"line":1013,"column":6},"end":{"line":1013,"column":54}},"513":{"start":{"line":1015,"column":6},"end":{"line":1015,"column":56}},"514":{"start":{"line":1018,"column":4},"end":{"line":1020,"column":5}},"515":{"start":{"line":1019,"column":6},"end":{"line":1019,"column":18}},"516":{"start":{"line":1022,"column":4},"end":{"line":1022,"column":70}},"517":{"start":{"line":1023,"column":18},"end":{"line":1023,"column":34}},"518":{"start":{"line":1025,"column":4},"end":{"line":1034,"column":5}},"519":{"start":{"line":1026,"column":6},"end":{"line":1028,"column":7}},"520":{"start":{"line":1027,"column":8},"end":{"line":1027,"column":34}},"521":{"start":{"line":1030,"column":6},"end":{"line":1033,"column":7}},"522":{"start":{"line":1031,"column":8},"end":{"line":1031,"column":43}},"523":{"start":{"line":1032,"column":8},"end":{"line":1032,"column":34}},"524":{"start":{"line":1036,"column":4},"end":{"line":1045,"column":5}},"525":{"start":{"line":1037,"column":6},"end":{"line":1039,"column":7}},"526":{"start":{"line":1038,"column":8},"end":{"line":1038,"column":33}},"527":{"start":{"line":1041,"column":6},"end":{"line":1044,"column":7}},"528":{"start":{"line":1042,"column":8},"end":{"line":1042,"column":46}},"529":{"start":{"line":1043,"column":8},"end":{"line":1043,"column":33}},"530":{"start":{"line":1047,"column":4},"end":{"line":1047,"column":16}},"531":{"start":{"line":1051,"column":17},"end":{"line":1051,"column":55}},"532":{"start":{"line":1053,"column":4},"end":{"line":1064,"column":5}},"533":{"start":{"line":1055,"column":8},"end":{"line":1055,"column":17}},"534":{"start":{"line":1057,"column":8},"end":{"line":1057,"column":17}},"535":{"start":{"line":1059,"column":8},"end":{"line":1059,"column":17}},"536":{"start":{"line":1061,"column":8},"end":{"line":1061,"column":17}},"537":{"start":{"line":1063,"column":8},"end":{"line":1063,"column":17}},"538":{"start":{"line":1068,"column":18},"end":{"line":1068,"column":22}},"539":{"start":{"line":1070,"column":4},"end":{"line":1072,"column":5}},"540":{"start":{"line":1071,"column":6},"end":{"line":1071,"column":30}},"541":{"start":{"line":1074,"column":4},"end":{"line":1074,"column":19}},"542":{"start":{"line":1078,"column":18},"end":{"line":1078,"column":22}},"543":{"start":{"line":1080,"column":4},"end":{"line":1082,"column":5}},"544":{"start":{"line":1081,"column":6},"end":{"line":1081,"column":29}},"545":{"start":{"line":1084,"column":4},"end":{"line":1084,"column":19}},"546":{"start":{"line":1088,"column":4},"end":{"line":1090,"column":5}},"547":{"start":{"line":1089,"column":6},"end":{"line":1089,"column":18}},"548":{"start":{"line":1092,"column":4},"end":{"line":1094,"column":5}},"549":{"start":{"line":1093,"column":6},"end":{"line":1093,"column":18}},"550":{"start":{"line":1096,"column":4},"end":{"line":1100,"column":5}},"551":{"start":{"line":1097,"column":6},"end":{"line":1097,"column":43}},"552":{"start":{"line":1099,"column":6},"end":{"line":1099,"column":44}},"553":{"start":{"line":1104,"column":4},"end":{"line":1104,"column":21}},"554":{"start":{"line":1108,"column":4},"end":{"line":1110,"column":5}},"555":{"start":{"line":1109,"column":6},"end":{"line":1109,"column":81}},"556":{"start":{"line":1112,"column":4},"end":{"line":1112,"column":63}},"557":{"start":{"line":1116,"column":4},"end":{"line":1125,"column":5}},"558":{"start":{"line":1118,"column":8},"end":{"line":1118,"column":36}},"559":{"start":{"line":1120,"column":8},"end":{"line":1120,"column":34}},"560":{"start":{"line":1122,"column":8},"end":{"line":1122,"column":36}},"561":{"start":{"line":1124,"column":8},"end":{"line":1124,"column":47}},"562":{"start":{"line":1129,"column":23},"end":{"line":1129,"column":44}},"563":{"start":{"line":1130,"column":21},"end":{"line":1148,"column":5}},"564":{"start":{"line":1131,"column":6},"end":{"line":1133,"column":7}},"565":{"start":{"line":1132,"column":8},"end":{"line":1132,"column":15}},"566":{"start":{"line":1135,"column":6},"end":{"line":1135,"column":50}},"567":{"start":{"line":1135,"column":28},"end":{"line":1135,"column":48}},"568":{"start":{"line":1137,"column":6},"end":{"line":1139,"column":7}},"569":{"start":{"line":1138,"column":8},"end":{"line":1138,"column":28}},"570":{"start":{"line":1141,"column":6},"end":{"line":1141,"column":49}},"571":{"start":{"line":1141,"column":27},"end":{"line":1141,"column":47}},"572":{"start":{"line":1143,"column":6},"end":{"line":1145,"column":7}},"573":{"start":{"line":1144,"column":8},"end":{"line":1144,"column":29}},"574":{"start":{"line":1147,"column":6},"end":{"line":1147,"column":51}},"575":{"start":{"line":1147,"column":29},"end":{"line":1147,"column":49}},"576":{"start":{"line":1150,"column":4},"end":{"line":1150,"column":49}},"577":{"start":{"line":1150,"column":38},"end":{"line":1150,"column":47}},"578":{"start":{"line":1152,"column":15},"end":{"line":1152,"column":17}},"579":{"start":{"line":1153,"column":4},"end":{"line":1153,"column":24}},"580":{"start":{"line":1154,"column":4},"end":{"line":1154,"column":16}},"581":{"start":{"line":1158,"column":4},"end":{"line":1158,"column":30}},"582":{"start":{"line":1164,"column":0},"end":{"line":1164,"column":22}}},"fnMap":{"0":{"name":"(anonymous_0)","decl":{"start":{"line":10,"column":2},"end":{"line":10,"column":3}},"loc":{"start":{"line":10,"column":25},"end":{"line":17,"column":3}},"line":10},"1":{"name":"(anonymous_1)","decl":{"start":{"line":19,"column":2},"end":{"line":19,"column":3}},"loc":{"start":{"line":19,"column":22},"end":{"line":27,"column":3}},"line":19},"2":{"name":"(anonymous_2)","decl":{"start":{"line":23,"column":22},"end":{"line":23,"column":23}},"loc":{"start":{"line":23,"column":35},"end":{"line":23,"column":58}},"line":23},"3":{"name":"(anonymous_3)","decl":{"start":{"line":29,"column":2},"end":{"line":29,"column":3}},"loc":{"start":{"line":29,"column":12},"end":{"line":39,"column":3}},"line":29},"4":{"name":"(anonymous_4)","decl":{"start":{"line":41,"column":2},"end":{"line":41,"column":3}},"loc":{"start":{"line":41,"column":10},"end":{"line":43,"column":3}},"line":41},"5":{"name":"(anonymous_5)","decl":{"start":{"line":45,"column":2},"end":{"line":45,"column":3}},"loc":{"start":{"line":45,"column":9},"end":{"line":47,"column":3}},"line":45},"6":{"name":"(anonymous_6)","decl":{"start":{"line":49,"column":2},"end":{"line":49,"column":3}},"loc":{"start":{"line":49,"column":16},"end":{"line":67,"column":3}},"line":49},"7":{"name":"(anonymous_7)","decl":{"start":{"line":73,"column":2},"end":{"line":73,"column":3}},"loc":{"start":{"line":73,"column":25},"end":{"line":80,"column":3}},"line":73},"8":{"name":"(anonymous_8)","decl":{"start":{"line":82,"column":2},"end":{"line":82,"column":3}},"loc":{"start":{"line":82,"column":19},"end":{"line":90,"column":3}},"line":82},"9":{"name":"(anonymous_9)","decl":{"start":{"line":86,"column":22},"end":{"line":86,"column":23}},"loc":{"start":{"line":86,"column":29},"end":{"line":86,"column":46}},"line":86},"10":{"name":"(anonymous_10)","decl":{"start":{"line":92,"column":2},"end":{"line":92,"column":3}},"loc":{"start":{"line":92,"column":8},"end":{"line":98,"column":3}},"line":92},"11":{"name":"(anonymous_11)","decl":{"start":{"line":100,"column":2},"end":{"line":100,"column":3}},"loc":{"start":{"line":100,"column":9},"end":{"line":106,"column":3}},"line":100},"12":{"name":"(anonymous_12)","decl":{"start":{"line":108,"column":2},"end":{"line":108,"column":3}},"loc":{"start":{"line":108,"column":12},"end":{"line":114,"column":3}},"line":108},"13":{"name":"(anonymous_13)","decl":{"start":{"line":116,"column":2},"end":{"line":116,"column":3}},"loc":{"start":{"line":116,"column":16},"end":{"line":134,"column":3}},"line":116},"14":{"name":"(anonymous_14)","decl":{"start":{"line":140,"column":2},"end":{"line":140,"column":3}},"loc":{"start":{"line":140,"column":21},"end":{"line":147,"column":3}},"line":140},"15":{"name":"(anonymous_15)","decl":{"start":{"line":149,"column":2},"end":{"line":149,"column":3}},"loc":{"start":{"line":149,"column":32},"end":{"line":152,"column":3}},"line":149},"16":{"name":"(anonymous_16)","decl":{"start":{"line":154,"column":2},"end":{"line":154,"column":3}},"loc":{"start":{"line":154,"column":17},"end":{"line":174,"column":3}},"line":154},"17":{"name":"(anonymous_17)","decl":{"start":{"line":176,"column":2},"end":{"line":176,"column":3}},"loc":{"start":{"line":176,"column":21},"end":{"line":193,"column":3}},"line":176},"18":{"name":"(anonymous_18)","decl":{"start":{"line":177,"column":28},"end":{"line":177,"column":29}},"loc":{"start":{"line":177,"column":43},"end":{"line":182,"column":5}},"line":177},"19":{"name":"(anonymous_19)","decl":{"start":{"line":195,"column":2},"end":{"line":195,"column":3}},"loc":{"start":{"line":195,"column":35},"end":{"line":223,"column":3}},"line":195},"20":{"name":"(anonymous_20)","decl":{"start":{"line":200,"column":28},"end":{"line":200,"column":29}},"loc":{"start":{"line":200,"column":43},"end":{"line":205,"column":5}},"line":200},"21":{"name":"(anonymous_21)","decl":{"start":{"line":225,"column":2},"end":{"line":225,"column":3}},"loc":{"start":{"line":225,"column":12},"end":{"line":240,"column":3}},"line":225},"22":{"name":"(anonymous_22)","decl":{"start":{"line":242,"column":2},"end":{"line":242,"column":3}},"loc":{"start":{"line":242,"column":23},"end":{"line":269,"column":3}},"line":242},"23":{"name":"(anonymous_23)","decl":{"start":{"line":271,"column":2},"end":{"line":271,"column":3}},"loc":{"start":{"line":271,"column":23},"end":{"line":307,"column":3}},"line":271},"24":{"name":"(anonymous_24)","decl":{"start":{"line":309,"column":2},"end":{"line":309,"column":3}},"loc":{"start":{"line":309,"column":24},"end":{"line":323,"column":3}},"line":309},"25":{"name":"(anonymous_25)","decl":{"start":{"line":325,"column":2},"end":{"line":325,"column":3}},"loc":{"start":{"line":325,"column":29},"end":{"line":350,"column":3}},"line":325},"26":{"name":"(anonymous_26)","decl":{"start":{"line":352,"column":2},"end":{"line":352,"column":3}},"loc":{"start":{"line":352,"column":18},"end":{"line":362,"column":3}},"line":352},"27":{"name":"(anonymous_27)","decl":{"start":{"line":364,"column":2},"end":{"line":364,"column":3}},"loc":{"start":{"line":364,"column":11},"end":{"line":374,"column":3}},"line":364},"28":{"name":"(anonymous_28)","decl":{"start":{"line":376,"column":2},"end":{"line":376,"column":3}},"loc":{"start":{"line":376,"column":9},"end":{"line":388,"column":3}},"line":376},"29":{"name":"(anonymous_29)","decl":{"start":{"line":390,"column":2},"end":{"line":390,"column":3}},"loc":{"start":{"line":390,"column":35},"end":{"line":401,"column":3}},"line":390},"30":{"name":"(anonymous_30)","decl":{"start":{"line":403,"column":2},"end":{"line":403,"column":3}},"loc":{"start":{"line":403,"column":12},"end":{"line":417,"column":3}},"line":403},"31":{"name":"(anonymous_31)","decl":{"start":{"line":419,"column":2},"end":{"line":419,"column":3}},"loc":{"start":{"line":419,"column":27},"end":{"line":434,"column":3}},"line":419},"32":{"name":"(anonymous_32)","decl":{"start":{"line":423,"column":19},"end":{"line":423,"column":20}},"loc":{"start":{"line":423,"column":33},"end":{"line":423,"column":53}},"line":423},"33":{"name":"(anonymous_33)","decl":{"start":{"line":436,"column":2},"end":{"line":436,"column":3}},"loc":{"start":{"line":436,"column":15},"end":{"line":449,"column":3}},"line":436},"34":{"name":"(anonymous_34)","decl":{"start":{"line":451,"column":2},"end":{"line":451,"column":3}},"loc":{"start":{"line":451,"column":10},"end":{"line":458,"column":3}},"line":451},"35":{"name":"(anonymous_35)","decl":{"start":{"line":460,"column":2},"end":{"line":460,"column":3}},"loc":{"start":{"line":460,"column":18},"end":{"line":472,"column":3}},"line":460},"36":{"name":"(anonymous_36)","decl":{"start":{"line":478,"column":2},"end":{"line":478,"column":3}},"loc":{"start":{"line":478,"column":21},"end":{"line":492,"column":3}},"line":478},"37":{"name":"(anonymous_37)","decl":{"start":{"line":479,"column":29},"end":{"line":479,"column":30}},"loc":{"start":{"line":479,"column":53},"end":{"line":489,"column":5}},"line":479},"38":{"name":"(anonymous_38)","decl":{"start":{"line":494,"column":2},"end":{"line":494,"column":3}},"loc":{"start":{"line":494,"column":19},"end":{"line":528,"column":3}},"line":494},"39":{"name":"(anonymous_39)","decl":{"start":{"line":530,"column":2},"end":{"line":530,"column":3}},"loc":{"start":{"line":530,"column":17},"end":{"line":566,"column":3}},"line":530},"40":{"name":"(anonymous_40)","decl":{"start":{"line":568,"column":2},"end":{"line":568,"column":3}},"loc":{"start":{"line":568,"column":36},"end":{"line":595,"column":3}},"line":568},"41":{"name":"(anonymous_41)","decl":{"start":{"line":570,"column":21},"end":{"line":570,"column":22}},"loc":{"start":{"line":570,"column":31},"end":{"line":588,"column":5}},"line":570},"42":{"name":"(anonymous_42)","decl":{"start":{"line":597,"column":2},"end":{"line":597,"column":3}},"loc":{"start":{"line":597,"column":43},"end":{"line":629,"column":3}},"line":597},"43":{"name":"(anonymous_43)","decl":{"start":{"line":599,"column":21},"end":{"line":599,"column":22}},"loc":{"start":{"line":599,"column":31},"end":{"line":617,"column":5}},"line":599},"44":{"name":"(anonymous_44)","decl":{"start":{"line":619,"column":23},"end":{"line":619,"column":24}},"loc":{"start":{"line":619,"column":44},"end":{"line":621,"column":5}},"line":619},"45":{"name":"(anonymous_45)","decl":{"start":{"line":631,"column":2},"end":{"line":631,"column":3}},"loc":{"start":{"line":631,"column":17},"end":{"line":666,"column":3}},"line":631},"46":{"name":"(anonymous_46)","decl":{"start":{"line":668,"column":2},"end":{"line":668,"column":3}},"loc":{"start":{"line":668,"column":16},"end":{"line":709,"column":3}},"line":668},"47":{"name":"(anonymous_47)","decl":{"start":{"line":711,"column":2},"end":{"line":711,"column":3}},"loc":{"start":{"line":711,"column":16},"end":{"line":760,"column":3}},"line":711},"48":{"name":"(anonymous_48)","decl":{"start":{"line":766,"column":2},"end":{"line":766,"column":3}},"loc":{"start":{"line":766,"column":39},"end":{"line":771,"column":3}},"line":766},"49":{"name":"(anonymous_49)","decl":{"start":{"line":773,"column":2},"end":{"line":773,"column":3}},"loc":{"start":{"line":773,"column":15},"end":{"line":779,"column":3}},"line":773},"50":{"name":"(anonymous_50)","decl":{"start":{"line":781,"column":2},"end":{"line":781,"column":3}},"loc":{"start":{"line":781,"column":16},"end":{"line":787,"column":3}},"line":781},"51":{"name":"(anonymous_51)","decl":{"start":{"line":789,"column":2},"end":{"line":789,"column":3}},"loc":{"start":{"line":789,"column":16},"end":{"line":797,"column":3}},"line":789},"52":{"name":"(anonymous_52)","decl":{"start":{"line":799,"column":2},"end":{"line":799,"column":3}},"loc":{"start":{"line":799,"column":15},"end":{"line":807,"column":3}},"line":799},"53":{"name":"(anonymous_53)","decl":{"start":{"line":813,"column":2},"end":{"line":813,"column":3}},"loc":{"start":{"line":813,"column":33},"end":{"line":900,"column":3}},"line":813},"54":{"name":"(anonymous_54)","decl":{"start":{"line":818,"column":23},"end":{"line":818,"column":24}},"loc":{"start":{"line":818,"column":44},"end":{"line":818,"column":132}},"line":818},"55":{"name":"(anonymous_55)","decl":{"start":{"line":819,"column":26},"end":{"line":819,"column":27}},"loc":{"start":{"line":819,"column":40},"end":{"line":829,"column":5}},"line":819},"56":{"name":"(anonymous_56)","decl":{"start":{"line":830,"column":33},"end":{"line":830,"column":34}},"loc":{"start":{"line":830,"column":56},"end":{"line":884,"column":5}},"line":830},"57":{"name":"(anonymous_57)","decl":{"start":{"line":832,"column":26},"end":{"line":832,"column":27}},"loc":{"start":{"line":832,"column":40},"end":{"line":832,"column":87}},"line":832},"58":{"name":"(anonymous_58)","decl":{"start":{"line":833,"column":37},"end":{"line":833,"column":38}},"loc":{"start":{"line":833,"column":50},"end":{"line":851,"column":7}},"line":833},"59":{"name":"(anonymous_59)","decl":{"start":{"line":853,"column":34},"end":{"line":853,"column":35}},"loc":{"start":{"line":853,"column":47},"end":{"line":881,"column":7}},"line":853},"60":{"name":"(anonymous_60)","decl":{"start":{"line":902,"column":2},"end":{"line":902,"column":3}},"loc":{"start":{"line":902,"column":17},"end":{"line":925,"column":3}},"line":902},"61":{"name":"(anonymous_61)","decl":{"start":{"line":908,"column":21},"end":{"line":908,"column":22}},"loc":{"start":{"line":908,"column":30},"end":{"line":908,"column":48}},"line":908},"62":{"name":"(anonymous_62)","decl":{"start":{"line":927,"column":2},"end":{"line":927,"column":3}},"loc":{"start":{"line":927,"column":28},"end":{"line":959,"column":3}},"line":927},"63":{"name":"(anonymous_63)","decl":{"start":{"line":961,"column":2},"end":{"line":961,"column":3}},"loc":{"start":{"line":961,"column":17},"end":{"line":983,"column":3}},"line":961},"64":{"name":"(anonymous_64)","decl":{"start":{"line":967,"column":21},"end":{"line":967,"column":22}},"loc":{"start":{"line":967,"column":30},"end":{"line":967,"column":48}},"line":967},"65":{"name":"(anonymous_65)","decl":{"start":{"line":985,"column":2},"end":{"line":985,"column":3}},"loc":{"start":{"line":985,"column":28},"end":{"line":1048,"column":3}},"line":985},"66":{"name":"(anonymous_66)","decl":{"start":{"line":1050,"column":2},"end":{"line":1050,"column":3}},"loc":{"start":{"line":1050,"column":14},"end":{"line":1065,"column":3}},"line":1050},"67":{"name":"(anonymous_67)","decl":{"start":{"line":1067,"column":2},"end":{"line":1067,"column":3}},"loc":{"start":{"line":1067,"column":29},"end":{"line":1075,"column":3}},"line":1067},"68":{"name":"(anonymous_68)","decl":{"start":{"line":1077,"column":2},"end":{"line":1077,"column":3}},"loc":{"start":{"line":1077,"column":29},"end":{"line":1085,"column":3}},"line":1077},"69":{"name":"(anonymous_69)","decl":{"start":{"line":1087,"column":2},"end":{"line":1087,"column":3}},"loc":{"start":{"line":1087,"column":34},"end":{"line":1101,"column":3}},"line":1087},"70":{"name":"(anonymous_70)","decl":{"start":{"line":1103,"column":2},"end":{"line":1103,"column":3}},"loc":{"start":{"line":1103,"column":11},"end":{"line":1105,"column":3}},"line":1103},"71":{"name":"(anonymous_71)","decl":{"start":{"line":1107,"column":2},"end":{"line":1107,"column":3}},"loc":{"start":{"line":1107,"column":18},"end":{"line":1113,"column":3}},"line":1107},"72":{"name":"(anonymous_72)","decl":{"start":{"line":1115,"column":2},"end":{"line":1115,"column":3}},"loc":{"start":{"line":1115,"column":19},"end":{"line":1126,"column":3}},"line":1115},"73":{"name":"(anonymous_73)","decl":{"start":{"line":1128,"column":2},"end":{"line":1128,"column":3}},"loc":{"start":{"line":1128,"column":36},"end":{"line":1155,"column":3}},"line":1128},"74":{"name":"(anonymous_74)","decl":{"start":{"line":1130,"column":21},"end":{"line":1130,"column":22}},"loc":{"start":{"line":1130,"column":31},"end":{"line":1148,"column":5}},"line":1130},"75":{"name":"(anonymous_75)","decl":{"start":{"line":1157,"column":2},"end":{"line":1157,"column":3}},"loc":{"start":{"line":1157,"column":12},"end":{"line":1159,"column":3}},"line":1157}},"branchMap":{"0":{"loc":{"start":{"line":11,"column":4},"end":{"line":16,"column":5}},"type":"if","locations":[{"start":{"line":11,"column":4},"end":{"line":16,"column":5}},{"start":{"line":11,"column":4},"end":{"line":16,"column":5}}],"line":11},"1":{"loc":{"start":{"line":20,"column":4},"end":{"line":24,"column":5}},"type":"if","locations":[{"start":{"line":20,"column":4},"end":{"line":24,"column":5}},{"start":{"line":20,"column":4},"end":{"line":24,"column":5}}],"line":20},"2":{"loc":{"start":{"line":30,"column":4},"end":{"line":38,"column":5}},"type":"if","locations":[{"start":{"line":30,"column":4},"end":{"line":38,"column":5}},{"start":{"line":30,"column":4},"end":{"line":38,"column":5}}],"line":30},"3":{"loc":{"start":{"line":33,"column":6},"end":{"line":37,"column":7}},"type":"if","locations":[{"start":{"line":33,"column":6},"end":{"line":37,"column":7}},{"start":{"line":33,"column":6},"end":{"line":37,"column":7}}],"line":33},"4":{"loc":{"start":{"line":42,"column":11},"end":{"line":42,"column":50}},"type":"cond-expr","locations":[{"start":{"line":42,"column":21},"end":{"line":42,"column":35}},{"start":{"line":42,"column":38},"end":{"line":42,"column":50}}],"line":42},"5":{"loc":{"start":{"line":46,"column":11},"end":{"line":46,"column":71}},"type":"cond-expr","locations":[{"start":{"line":46,"column":21},"end":{"line":46,"column":37}},{"start":{"line":46,"column":40},"end":{"line":46,"column":71}}],"line":46},"6":{"loc":{"start":{"line":50,"column":4},"end":{"line":52,"column":5}},"type":"if","locations":[{"start":{"line":50,"column":4},"end":{"line":52,"column":5}},{"start":{"line":50,"column":4},"end":{"line":52,"column":5}}],"line":50},"7":{"loc":{"start":{"line":56,"column":4},"end":{"line":66,"column":5}},"type":"if","locations":[{"start":{"line":56,"column":4},"end":{"line":66,"column":5}},{"start":{"line":56,"column":4},"end":{"line":66,"column":5}}],"line":56},"8":{"loc":{"start":{"line":60,"column":8},"end":{"line":62,"column":9}},"type":"if","locations":[{"start":{"line":60,"column":8},"end":{"line":62,"column":9}},{"start":{"line":60,"column":8},"end":{"line":62,"column":9}}],"line":60},"9":{"loc":{"start":{"line":74,"column":4},"end":{"line":79,"column":5}},"type":"if","locations":[{"start":{"line":74,"column":4},"end":{"line":79,"column":5}},{"start":{"line":74,"column":4},"end":{"line":79,"column":5}}],"line":74},"10":{"loc":{"start":{"line":83,"column":4},"end":{"line":87,"column":5}},"type":"if","locations":[{"start":{"line":83,"column":4},"end":{"line":87,"column":5}},{"start":{"line":83,"column":4},"end":{"line":87,"column":5}}],"line":83},"11":{"loc":{"start":{"line":93,"column":4},"end":{"line":97,"column":5}},"type":"if","locations":[{"start":{"line":93,"column":4},"end":{"line":97,"column":5}},{"start":{"line":93,"column":4},"end":{"line":97,"column":5}}],"line":93},"12":{"loc":{"start":{"line":101,"column":4},"end":{"line":105,"column":5}},"type":"if","locations":[{"start":{"line":101,"column":4},"end":{"line":105,"column":5}},{"start":{"line":101,"column":4},"end":{"line":105,"column":5}}],"line":101},"13":{"loc":{"start":{"line":109,"column":4},"end":{"line":113,"column":5}},"type":"if","locations":[{"start":{"line":109,"column":4},"end":{"line":113,"column":5}},{"start":{"line":109,"column":4},"end":{"line":113,"column":5}}],"line":109},"14":{"loc":{"start":{"line":112,"column":13},"end":{"line":112,"column":48}},"type":"cond-expr","locations":[{"start":{"line":112,"column":36},"end":{"line":112,"column":41}},{"start":{"line":112,"column":44},"end":{"line":112,"column":48}}],"line":112},"15":{"loc":{"start":{"line":117,"column":4},"end":{"line":119,"column":5}},"type":"if","locations":[{"start":{"line":117,"column":4},"end":{"line":119,"column":5}},{"start":{"line":117,"column":4},"end":{"line":119,"column":5}}],"line":117},"16":{"loc":{"start":{"line":123,"column":4},"end":{"line":133,"column":5}},"type":"if","locations":[{"start":{"line":123,"column":4},"end":{"line":133,"column":5}},{"start":{"line":123,"column":4},"end":{"line":133,"column":5}}],"line":123},"17":{"loc":{"start":{"line":127,"column":8},"end":{"line":129,"column":9}},"type":"if","locations":[{"start":{"line":127,"column":8},"end":{"line":129,"column":9}},{"start":{"line":127,"column":8},"end":{"line":129,"column":9}}],"line":127},"18":{"loc":{"start":{"line":149,"column":18},"end":{"line":149,"column":30}},"type":"default-arg","locations":[{"start":{"line":149,"column":26},"end":{"line":149,"column":30}}],"line":149},"19":{"loc":{"start":{"line":158,"column":4},"end":{"line":161,"column":5}},"type":"if","locations":[{"start":{"line":158,"column":4},"end":{"line":161,"column":5}},{"start":{"line":158,"column":4},"end":{"line":161,"column":5}}],"line":158},"20":{"loc":{"start":{"line":164,"column":6},"end":{"line":166,"column":7}},"type":"if","locations":[{"start":{"line":164,"column":6},"end":{"line":166,"column":7}},{"start":{"line":164,"column":6},"end":{"line":166,"column":7}}],"line":164},"21":{"loc":{"start":{"line":196,"column":4},"end":{"line":198,"column":5}},"type":"if","locations":[{"start":{"line":196,"column":4},"end":{"line":198,"column":5}},{"start":{"line":196,"column":4},"end":{"line":198,"column":5}}],"line":196},"22":{"loc":{"start":{"line":196,"column":8},"end":{"line":196,"column":69}},"type":"binary-expr","locations":[{"start":{"line":196,"column":8},"end":{"line":196,"column":27}},{"start":{"line":196,"column":31},"end":{"line":196,"column":56}},{"start":{"line":196,"column":60},"end":{"line":196,"column":69}}],"line":196},"23":{"loc":{"start":{"line":209,"column":4},"end":{"line":211,"column":5}},"type":"if","locations":[{"start":{"line":209,"column":4},"end":{"line":211,"column":5}},{"start":{"line":209,"column":4},"end":{"line":211,"column":5}}],"line":209},"24":{"loc":{"start":{"line":230,"column":4},"end":{"line":232,"column":5}},"type":"if","locations":[{"start":{"line":230,"column":4},"end":{"line":232,"column":5}},{"start":{"line":230,"column":4},"end":{"line":232,"column":5}}],"line":230},"25":{"loc":{"start":{"line":243,"column":4},"end":{"line":243,"column":29}},"type":"if","locations":[{"start":{"line":243,"column":4},"end":{"line":243,"column":29}},{"start":{"line":243,"column":4},"end":{"line":243,"column":29}}],"line":243},"26":{"loc":{"start":{"line":248,"column":4},"end":{"line":256,"column":5}},"type":"if","locations":[{"start":{"line":248,"column":4},"end":{"line":256,"column":5}},{"start":{"line":248,"column":4},"end":{"line":256,"column":5}}],"line":248},"27":{"loc":{"start":{"line":249,"column":6},"end":{"line":251,"column":7}},"type":"if","locations":[{"start":{"line":249,"column":6},"end":{"line":251,"column":7}},{"start":{"line":249,"column":6},"end":{"line":251,"column":7}}],"line":249},"28":{"loc":{"start":{"line":259,"column":6},"end":{"line":263,"column":7}},"type":"if","locations":[{"start":{"line":259,"column":6},"end":{"line":263,"column":7}},{"start":{"line":259,"column":6},"end":{"line":263,"column":7}}],"line":259},"29":{"loc":{"start":{"line":272,"column":4},"end":{"line":272,"column":87}},"type":"if","locations":[{"start":{"line":272,"column":4},"end":{"line":272,"column":87}},{"start":{"line":272,"column":4},"end":{"line":272,"column":87}}],"line":272},"30":{"loc":{"start":{"line":272,"column":8},"end":{"line":272,"column":69}},"type":"binary-expr","locations":[{"start":{"line":272,"column":8},"end":{"line":272,"column":27}},{"start":{"line":272,"column":31},"end":{"line":272,"column":56}},{"start":{"line":272,"column":60},"end":{"line":272,"column":69}}],"line":272},"31":{"loc":{"start":{"line":276,"column":4},"end":{"line":286,"column":5}},"type":"if","locations":[{"start":{"line":276,"column":4},"end":{"line":286,"column":5}},{"start":{"line":276,"column":4},"end":{"line":286,"column":5}}],"line":276},"32":{"loc":{"start":{"line":279,"column":6},"end":{"line":283,"column":7}},"type":"if","locations":[{"start":{"line":279,"column":6},"end":{"line":283,"column":7}},{"start":{"line":279,"column":6},"end":{"line":283,"column":7}}],"line":279},"33":{"loc":{"start":{"line":292,"column":6},"end":{"line":302,"column":7}},"type":"if","locations":[{"start":{"line":292,"column":6},"end":{"line":302,"column":7}},{"start":{"line":292,"column":6},"end":{"line":302,"column":7}}],"line":292},"34":{"loc":{"start":{"line":295,"column":8},"end":{"line":299,"column":9}},"type":"if","locations":[{"start":{"line":295,"column":8},"end":{"line":299,"column":9}},{"start":{"line":295,"column":8},"end":{"line":299,"column":9}}],"line":295},"35":{"loc":{"start":{"line":310,"column":4},"end":{"line":310,"column":64}},"type":"if","locations":[{"start":{"line":310,"column":4},"end":{"line":310,"column":64}},{"start":{"line":310,"column":4},"end":{"line":310,"column":64}}],"line":310},"36":{"loc":{"start":{"line":310,"column":8},"end":{"line":310,"column":46}},"type":"binary-expr","locations":[{"start":{"line":310,"column":8},"end":{"line":310,"column":33}},{"start":{"line":310,"column":37},"end":{"line":310,"column":46}}],"line":310},"37":{"loc":{"start":{"line":315,"column":6},"end":{"line":319,"column":7}},"type":"if","locations":[{"start":{"line":315,"column":6},"end":{"line":319,"column":7}},{"start":{"line":315,"column":6},"end":{"line":319,"column":7}}],"line":315},"38":{"loc":{"start":{"line":326,"column":4},"end":{"line":328,"column":5}},"type":"if","locations":[{"start":{"line":326,"column":4},"end":{"line":328,"column":5}},{"start":{"line":326,"column":4},"end":{"line":328,"column":5}}],"line":326},"39":{"loc":{"start":{"line":330,"column":4},"end":{"line":332,"column":5}},"type":"if","locations":[{"start":{"line":330,"column":4},"end":{"line":332,"column":5}},{"start":{"line":330,"column":4},"end":{"line":332,"column":5}}],"line":330},"40":{"loc":{"start":{"line":338,"column":6},"end":{"line":343,"column":7}},"type":"if","locations":[{"start":{"line":338,"column":6},"end":{"line":343,"column":7}},{"start":{"line":338,"column":6},"end":{"line":343,"column":7}}],"line":338},"41":{"loc":{"start":{"line":379,"column":4},"end":{"line":381,"column":5}},"type":"if","locations":[{"start":{"line":379,"column":4},"end":{"line":381,"column":5}},{"start":{"line":379,"column":4},"end":{"line":381,"column":5}}],"line":379},"42":{"loc":{"start":{"line":391,"column":4},"end":{"line":393,"column":5}},"type":"if","locations":[{"start":{"line":391,"column":4},"end":{"line":393,"column":5}},{"start":{"line":391,"column":4},"end":{"line":393,"column":5}}],"line":391},"43":{"loc":{"start":{"line":391,"column":8},"end":{"line":391,"column":69}},"type":"binary-expr","locations":[{"start":{"line":391,"column":8},"end":{"line":391,"column":27}},{"start":{"line":391,"column":31},"end":{"line":391,"column":56}},{"start":{"line":391,"column":60},"end":{"line":391,"column":69}}],"line":391},"44":{"loc":{"start":{"line":397,"column":4},"end":{"line":397,"column":39}},"type":"if","locations":[{"start":{"line":397,"column":4},"end":{"line":397,"column":39}},{"start":{"line":397,"column":4},"end":{"line":397,"column":39}}],"line":397},"45":{"loc":{"start":{"line":426,"column":6},"end":{"line":428,"column":7}},"type":"if","locations":[{"start":{"line":426,"column":6},"end":{"line":428,"column":7}},{"start":{"line":426,"column":6},"end":{"line":428,"column":7}}],"line":426},"46":{"loc":{"start":{"line":441,"column":6},"end":{"line":443,"column":7}},"type":"if","locations":[{"start":{"line":441,"column":6},"end":{"line":443,"column":7}},{"start":{"line":441,"column":6},"end":{"line":443,"column":7}}],"line":441},"47":{"loc":{"start":{"line":464,"column":6},"end":{"line":466,"column":7}},"type":"if","locations":[{"start":{"line":464,"column":6},"end":{"line":466,"column":7}},{"start":{"line":464,"column":6},"end":{"line":466,"column":7}}],"line":464},"48":{"loc":{"start":{"line":480,"column":6},"end":{"line":486,"column":7}},"type":"if","locations":[{"start":{"line":480,"column":6},"end":{"line":486,"column":7}},{"start":{"line":480,"column":6},"end":{"line":486,"column":7}}],"line":480},"49":{"loc":{"start":{"line":495,"column":4},"end":{"line":497,"column":5}},"type":"if","locations":[{"start":{"line":495,"column":4},"end":{"line":497,"column":5}},{"start":{"line":495,"column":4},"end":{"line":497,"column":5}}],"line":495},"50":{"loc":{"start":{"line":514,"column":8},"end":{"line":516,"column":9}},"type":"if","locations":[{"start":{"line":514,"column":8},"end":{"line":516,"column":9}},{"start":{"line":514,"column":8},"end":{"line":516,"column":9}}],"line":514},"51":{"loc":{"start":{"line":514,"column":12},"end":{"line":514,"column":52}},"type":"binary-expr","locations":[{"start":{"line":514,"column":12},"end":{"line":514,"column":28}},{"start":{"line":514,"column":32},"end":{"line":514,"column":52}}],"line":514},"52":{"loc":{"start":{"line":518,"column":8},"end":{"line":520,"column":9}},"type":"if","locations":[{"start":{"line":518,"column":8},"end":{"line":520,"column":9}},{"start":{"line":518,"column":8},"end":{"line":520,"column":9}}],"line":518},"53":{"loc":{"start":{"line":518,"column":12},"end":{"line":518,"column":54}},"type":"binary-expr","locations":[{"start":{"line":518,"column":12},"end":{"line":518,"column":29}},{"start":{"line":518,"column":33},"end":{"line":518,"column":54}}],"line":518},"54":{"loc":{"start":{"line":531,"column":4},"end":{"line":535,"column":5}},"type":"if","locations":[{"start":{"line":531,"column":4},"end":{"line":535,"column":5}},{"start":{"line":531,"column":4},"end":{"line":535,"column":5}}],"line":531},"55":{"loc":{"start":{"line":533,"column":11},"end":{"line":535,"column":5}},"type":"if","locations":[{"start":{"line":533,"column":11},"end":{"line":535,"column":5}},{"start":{"line":533,"column":11},"end":{"line":535,"column":5}}],"line":533},"56":{"loc":{"start":{"line":533,"column":15},"end":{"line":533,"column":50}},"type":"binary-expr","locations":[{"start":{"line":533,"column":15},"end":{"line":533,"column":30}},{"start":{"line":533,"column":34},"end":{"line":533,"column":50}}],"line":533},"57":{"loc":{"start":{"line":552,"column":8},"end":{"line":554,"column":9}},"type":"if","locations":[{"start":{"line":552,"column":8},"end":{"line":554,"column":9}},{"start":{"line":552,"column":8},"end":{"line":554,"column":9}}],"line":552},"58":{"loc":{"start":{"line":552,"column":12},"end":{"line":552,"column":52}},"type":"binary-expr","locations":[{"start":{"line":552,"column":12},"end":{"line":552,"column":28}},{"start":{"line":552,"column":32},"end":{"line":552,"column":52}}],"line":552},"59":{"loc":{"start":{"line":556,"column":8},"end":{"line":558,"column":9}},"type":"if","locations":[{"start":{"line":556,"column":8},"end":{"line":558,"column":9}},{"start":{"line":556,"column":8},"end":{"line":558,"column":9}}],"line":556},"60":{"loc":{"start":{"line":556,"column":12},"end":{"line":556,"column":54}},"type":"binary-expr","locations":[{"start":{"line":556,"column":12},"end":{"line":556,"column":29}},{"start":{"line":556,"column":33},"end":{"line":556,"column":54}}],"line":556},"61":{"loc":{"start":{"line":568,"column":21},"end":{"line":568,"column":34}},"type":"default-arg","locations":[{"start":{"line":568,"column":28},"end":{"line":568,"column":34}}],"line":568},"62":{"loc":{"start":{"line":571,"column":6},"end":{"line":573,"column":7}},"type":"if","locations":[{"start":{"line":571,"column":6},"end":{"line":573,"column":7}},{"start":{"line":571,"column":6},"end":{"line":573,"column":7}}],"line":571},"63":{"loc":{"start":{"line":571,"column":10},"end":{"line":571,"column":49}},"type":"binary-expr","locations":[{"start":{"line":571,"column":10},"end":{"line":571,"column":28}},{"start":{"line":571,"column":32},"end":{"line":571,"column":49}}],"line":571},"64":{"loc":{"start":{"line":575,"column":6},"end":{"line":575,"column":50}},"type":"if","locations":[{"start":{"line":575,"column":6},"end":{"line":575,"column":50}},{"start":{"line":575,"column":6},"end":{"line":575,"column":50}}],"line":575},"65":{"loc":{"start":{"line":577,"column":6},"end":{"line":579,"column":7}},"type":"if","locations":[{"start":{"line":577,"column":6},"end":{"line":579,"column":7}},{"start":{"line":577,"column":6},"end":{"line":579,"column":7}}],"line":577},"66":{"loc":{"start":{"line":581,"column":6},"end":{"line":581,"column":49}},"type":"if","locations":[{"start":{"line":581,"column":6},"end":{"line":581,"column":49}},{"start":{"line":581,"column":6},"end":{"line":581,"column":49}}],"line":581},"67":{"loc":{"start":{"line":583,"column":6},"end":{"line":585,"column":7}},"type":"if","locations":[{"start":{"line":583,"column":6},"end":{"line":585,"column":7}},{"start":{"line":583,"column":6},"end":{"line":585,"column":7}}],"line":583},"68":{"loc":{"start":{"line":587,"column":6},"end":{"line":587,"column":51}},"type":"if","locations":[{"start":{"line":587,"column":6},"end":{"line":587,"column":51}},{"start":{"line":587,"column":6},"end":{"line":587,"column":51}}],"line":587},"69":{"loc":{"start":{"line":590,"column":4},"end":{"line":590,"column":49}},"type":"if","locations":[{"start":{"line":590,"column":4},"end":{"line":590,"column":49}},{"start":{"line":590,"column":4},"end":{"line":590,"column":49}}],"line":590},"70":{"loc":{"start":{"line":597,"column":28},"end":{"line":597,"column":41}},"type":"default-arg","locations":[{"start":{"line":597,"column":35},"end":{"line":597,"column":41}}],"line":597},"71":{"loc":{"start":{"line":600,"column":6},"end":{"line":602,"column":7}},"type":"if","locations":[{"start":{"line":600,"column":6},"end":{"line":602,"column":7}},{"start":{"line":600,"column":6},"end":{"line":602,"column":7}}],"line":600},"72":{"loc":{"start":{"line":600,"column":10},"end":{"line":600,"column":49}},"type":"binary-expr","locations":[{"start":{"line":600,"column":10},"end":{"line":600,"column":28}},{"start":{"line":600,"column":32},"end":{"line":600,"column":49}}],"line":600},"73":{"loc":{"start":{"line":604,"column":6},"end":{"line":604,"column":41}},"type":"if","locations":[{"start":{"line":604,"column":6},"end":{"line":604,"column":41}},{"start":{"line":604,"column":6},"end":{"line":604,"column":41}}],"line":604},"74":{"loc":{"start":{"line":606,"column":6},"end":{"line":608,"column":7}},"type":"if","locations":[{"start":{"line":606,"column":6},"end":{"line":608,"column":7}},{"start":{"line":606,"column":6},"end":{"line":608,"column":7}}],"line":606},"75":{"loc":{"start":{"line":610,"column":6},"end":{"line":610,"column":40}},"type":"if","locations":[{"start":{"line":610,"column":6},"end":{"line":610,"column":40}},{"start":{"line":610,"column":6},"end":{"line":610,"column":40}}],"line":610},"76":{"loc":{"start":{"line":612,"column":6},"end":{"line":614,"column":7}},"type":"if","locations":[{"start":{"line":612,"column":6},"end":{"line":614,"column":7}},{"start":{"line":612,"column":6},"end":{"line":614,"column":7}}],"line":612},"77":{"loc":{"start":{"line":616,"column":6},"end":{"line":616,"column":42}},"type":"if","locations":[{"start":{"line":616,"column":6},"end":{"line":616,"column":42}},{"start":{"line":616,"column":6},"end":{"line":616,"column":42}}],"line":616},"78":{"loc":{"start":{"line":620,"column":13},"end":{"line":620,"column":89}},"type":"binary-expr","locations":[{"start":{"line":620,"column":13},"end":{"line":620,"column":28}},{"start":{"line":620,"column":32},"end":{"line":620,"column":89}}],"line":620},"79":{"loc":{"start":{"line":623,"column":4},"end":{"line":625,"column":5}},"type":"if","locations":[{"start":{"line":623,"column":4},"end":{"line":625,"column":5}},{"start":{"line":623,"column":4},"end":{"line":625,"column":5}}],"line":623},"80":{"loc":{"start":{"line":623,"column":8},"end":{"line":623,"column":55}},"type":"binary-expr","locations":[{"start":{"line":623,"column":8},"end":{"line":623,"column":25}},{"start":{"line":623,"column":29},"end":{"line":623,"column":55}}],"line":623},"81":{"loc":{"start":{"line":632,"column":4},"end":{"line":634,"column":5}},"type":"if","locations":[{"start":{"line":632,"column":4},"end":{"line":634,"column":5}},{"start":{"line":632,"column":4},"end":{"line":634,"column":5}}],"line":632},"82":{"loc":{"start":{"line":650,"column":8},"end":{"line":652,"column":9}},"type":"if","locations":[{"start":{"line":650,"column":8},"end":{"line":652,"column":9}},{"start":{"line":650,"column":8},"end":{"line":652,"column":9}}],"line":650},"83":{"loc":{"start":{"line":654,"column":8},"end":{"line":656,"column":9}},"type":"if","locations":[{"start":{"line":654,"column":8},"end":{"line":656,"column":9}},{"start":{"line":654,"column":8},"end":{"line":656,"column":9}}],"line":654},"84":{"loc":{"start":{"line":669,"column":4},"end":{"line":675,"column":5}},"type":"if","locations":[{"start":{"line":669,"column":4},"end":{"line":675,"column":5}},{"start":{"line":669,"column":4},"end":{"line":675,"column":5}}],"line":669},"85":{"loc":{"start":{"line":672,"column":11},"end":{"line":675,"column":5}},"type":"if","locations":[{"start":{"line":672,"column":11},"end":{"line":675,"column":5}},{"start":{"line":672,"column":11},"end":{"line":675,"column":5}}],"line":672},"86":{"loc":{"start":{"line":693,"column":8},"end":{"line":696,"column":9}},"type":"if","locations":[{"start":{"line":693,"column":8},"end":{"line":696,"column":9}},{"start":{"line":693,"column":8},"end":{"line":696,"column":9}}],"line":693},"87":{"loc":{"start":{"line":698,"column":8},"end":{"line":701,"column":9}},"type":"if","locations":[{"start":{"line":698,"column":8},"end":{"line":701,"column":9}},{"start":{"line":698,"column":8},"end":{"line":701,"column":9}}],"line":698},"88":{"loc":{"start":{"line":712,"column":4},"end":{"line":714,"column":5}},"type":"if","locations":[{"start":{"line":712,"column":4},"end":{"line":714,"column":5}},{"start":{"line":712,"column":4},"end":{"line":714,"column":5}}],"line":712},"89":{"loc":{"start":{"line":733,"column":8},"end":{"line":736,"column":9}},"type":"if","locations":[{"start":{"line":733,"column":8},"end":{"line":736,"column":9}},{"start":{"line":733,"column":8},"end":{"line":736,"column":9}}],"line":733},"90":{"loc":{"start":{"line":733,"column":12},"end":{"line":733,"column":45}},"type":"binary-expr","locations":[{"start":{"line":733,"column":12},"end":{"line":733,"column":30}},{"start":{"line":733,"column":34},"end":{"line":733,"column":45}}],"line":733},"91":{"loc":{"start":{"line":738,"column":8},"end":{"line":740,"column":9}},"type":"if","locations":[{"start":{"line":738,"column":8},"end":{"line":740,"column":9}},{"start":{"line":738,"column":8},"end":{"line":740,"column":9}}],"line":738},"92":{"loc":{"start":{"line":742,"column":8},"end":{"line":744,"column":9}},"type":"if","locations":[{"start":{"line":742,"column":8},"end":{"line":744,"column":9}},{"start":{"line":742,"column":8},"end":{"line":744,"column":9}}],"line":742},"93":{"loc":{"start":{"line":746,"column":8},"end":{"line":748,"column":9}},"type":"if","locations":[{"start":{"line":746,"column":8},"end":{"line":748,"column":9}},{"start":{"line":746,"column":8},"end":{"line":748,"column":9}}],"line":746},"94":{"loc":{"start":{"line":754,"column":4},"end":{"line":757,"column":5}},"type":"if","locations":[{"start":{"line":754,"column":4},"end":{"line":757,"column":5}},{"start":{"line":754,"column":4},"end":{"line":757,"column":5}}],"line":754},"95":{"loc":{"start":{"line":754,"column":8},"end":{"line":754,"column":30}},"type":"binary-expr","locations":[{"start":{"line":754,"column":8},"end":{"line":754,"column":18}},{"start":{"line":754,"column":22},"end":{"line":754,"column":30}}],"line":754},"96":{"loc":{"start":{"line":766,"column":14},"end":{"line":766,"column":24}},"type":"default-arg","locations":[{"start":{"line":766,"column":20},"end":{"line":766,"column":24}}],"line":766},"97":{"loc":{"start":{"line":774,"column":4},"end":{"line":776,"column":5}},"type":"if","locations":[{"start":{"line":774,"column":4},"end":{"line":776,"column":5}},{"start":{"line":774,"column":4},"end":{"line":776,"column":5}}],"line":774},"98":{"loc":{"start":{"line":782,"column":4},"end":{"line":784,"column":5}},"type":"if","locations":[{"start":{"line":782,"column":4},"end":{"line":784,"column":5}},{"start":{"line":782,"column":4},"end":{"line":784,"column":5}}],"line":782},"99":{"loc":{"start":{"line":818,"column":53},"end":{"line":818,"column":129}},"type":"binary-expr","locations":[{"start":{"line":818,"column":53},"end":{"line":818,"column":68}},{"start":{"line":818,"column":72},"end":{"line":818,"column":129}}],"line":818},"100":{"loc":{"start":{"line":820,"column":6},"end":{"line":822,"column":7}},"type":"if","locations":[{"start":{"line":820,"colum
[...]
ine":997,"column":49}},"type":"binary-expr","locations":[{"start":{"line":997,"column":17},"end":{"line":997,"column":35}},{"start":{"line":997,"column":39},"end":{"line":997,"column":49}}],"line":997},"138":{"loc":{"start":{"line":1005,"column":6},"end":{"line":1009,"column":7}},"type":"if","locations":[{"start":{"line":1005,"column":6},"end":{"line":1009,"column":7}},{"start":{"line":1005,"column":6},"end":{"line":1009,"column":7}}],"line":1005},"139":{"loc":{"start":{"line":1012,"column":11},"end":{"line":1016,"column":5}},"type":"if","locations":[{"start":{"line":1012,"column":11},"end":{"line":1016,"column":5}},{"start":{"line":1012,"column":11},"end":{"line":1016,"column":5}}],"line":1012},"140":{"loc":{"start":{"line":1018,"column":4},"end":{"line":1020,"column":5}},"type":"if","locations":[{"start":{"line":1018,"column":4},"end":{"line":1020,"column":5}},{"start":{"line":1018,"column":4},"end":{"line":1020,"column":5}}],"line":1018},"141":{"loc":{"start":{"line":1025,"column":4},"end":{"line":1034,"column":5}},"type":"if","locations":[{"start":{"line":1025,"column":4},"end":{"line":1034,"column":5}},{"start":{"line":1025,"column":4},"end":{"line":1034,"column":5}}],"line":1025},"142":{"loc":{"start":{"line":1026,"column":6},"end":{"line":1028,"column":7}},"type":"if","locations":[{"start":{"line":1026,"column":6},"end":{"line":1028,"column":7}},{"start":{"line":1026,"column":6},"end":{"line":1028,"column":7}}],"line":1026},"143":{"loc":{"start":{"line":1026,"column":10},"end":{"line":1026,"column":68}},"type":"binary-expr","locations":[{"start":{"line":1026,"column":10},"end":{"line":1026,"column":37}},{"start":{"line":1026,"column":41},"end":{"line":1026,"column":68}}],"line":1026},"144":{"loc":{"start":{"line":1030,"column":6},"end":{"line":1033,"column":7}},"type":"if","locations":[{"start":{"line":1030,"column":6},"end":{"line":1033,"column":7}},{"start":{"line":1030,"column":6},"end":{"line":1033,"column":7}}],"line":1030},"145":{"loc":{"start":{"line":1036,"column":4},"end":{"line":1045,"column":5}},"type":"if","locations":[{"start":{"line":1036,"column":4},"end":{"line":1045,"column":5}},{"start":{"line":1036,"column":4},"end":{"line":1045,"column":5}}],"line":1036},"146":{"loc":{"start":{"line":1037,"column":6},"end":{"line":1039,"column":7}},"type":"if","locations":[{"start":{"line":1037,"column":6},"end":{"line":1039,"column":7}},{"start":{"line":1037,"column":6},"end":{"line":1039,"column":7}}],"line":1037},"147":{"loc":{"start":{"line":1037,"column":10},"end":{"line":1037,"column":70}},"type":"binary-expr","locations":[{"start":{"line":1037,"column":10},"end":{"line":1037,"column":38}},{"start":{"line":1037,"column":42},"end":{"line":1037,"column":70}}],"line":1037},"148":{"loc":{"start":{"line":1041,"column":6},"end":{"line":1044,"column":7}},"type":"if","locations":[{"start":{"line":1041,"column":6},"end":{"line":1044,"column":7}},{"start":{"line":1041,"column":6},"end":{"line":1044,"column":7}}],"line":1041},"149":{"loc":{"start":{"line":1053,"column":4},"end":{"line":1064,"column":5}},"type":"switch","locations":[{"start":{"line":1054,"column":6},"end":{"line":1055,"column":17}},{"start":{"line":1056,"column":6},"end":{"line":1057,"column":17}},{"start":{"line":1058,"column":6},"end":{"line":1059,"column":17}},{"start":{"line":1060,"column":6},"end":{"line":1061,"column":17}},{"start":{"line":1062,"column":6},"end":{"line":1063,"column":17}}],"line":1053},"150":{"loc":{"start":{"line":1067,"column":11},"end":{"line":1067,"column":27}},"type":"default-arg","locations":[{"start":{"line":1067,"column":18},"end":{"line":1067,"column":27}}],"line":1067},"151":{"loc":{"start":{"line":1077,"column":11},"end":{"line":1077,"column":27}},"type":"default-arg","locations":[{"start":{"line":1077,"column":18},"end":{"line":1077,"column":27}}],"line":1077},"152":{"loc":{"start":{"line":1087,"column":16},"end":{"line":1087,"column":32}},"type":"default-arg","locations":[{"start":{"line":1087,"column":23},"end":{"line":1087,"column":32}}],"line":1087},"153":{"loc":{"start":{"line":1088,"column":4},"end":{"line":1090,"column":5}},"type":"if","locations":[{"start":{"line":1088,"column":4},"end":{"line":1090,"column":5}},{"start":{"line":1088,"column":4},"end":{"line":1090,"column":5}}],"line":1088},"154":{"loc":{"start":{"line":1092,"column":4},"end":{"line":1094,"column":5}},"type":"if","locations":[{"start":{"line":1092,"column":4},"end":{"line":1094,"column":5}},{"start":{"line":1092,"column":4},"end":{"line":1094,"column":5}}],"line":1092},"155":{"loc":{"start":{"line":1092,"column":8},"end":{"line":1092,"column":70}},"type":"binary-expr","locations":[{"start":{"line":1092,"column":8},"end":{"line":1092,"column":21}},{"start":{"line":1092,"column":25},"end":{"line":1092,"column":70}}],"line":1092},"156":{"loc":{"start":{"line":1096,"column":4},"end":{"line":1100,"column":5}},"type":"if","locations":[{"start":{"line":1096,"column":4},"end":{"line":1100,"column":5}},{"start":{"line":1096,"column":4},"end":{"line":1100,"column":5}}],"line":1096},"157":{"loc":{"start":{"line":1108,"column":4},"end":{"line":1110,"column":5}},"type":"if","locations":[{"start":{"line":1108,"column":4},"end":{"line":1110,"column":5}},{"start":{"line":1108,"column":4},"end":{"line":1110,"column":5}}],"line":1108},"158":{"loc":{"start":{"line":1109,"column":13},"end":{"line":1109,"column":80}},"type":"cond-expr","locations":[{"start":{"line":1109,"column":68},"end":{"line":1109,"column":73}},{"start":{"line":1109,"column":76},"end":{"line":1109,"column":80}}],"line":1109},"159":{"loc":{"start":{"line":1112,"column":11},"end":{"line":1112,"column":62}},"type":"cond-expr","locations":[{"start":{"line":1112,"column":50},"end":{"line":1112,"column":55}},{"start":{"line":1112,"column":58},"end":{"line":1112,"column":62}}],"line":1112},"160":{"loc":{"start":{"line":1116,"column":4},"end":{"line":1125,"column":5}},"type":"switch","locations":[{"start":{"line":1117,"column":6},"end":{"line":1118,"column":36}},{"start":{"line":1119,"column":6},"end":{"line":1120,"column":34}},{"start":{"line":1121,"column":6},"end":{"line":1122,"column":36}},{"start":{"line":1123,"column":6},"end":{"line":1124,"column":47}}],"line":1116},"161":{"loc":{"start":{"line":1128,"column":21},"end":{"line":1128,"column":34}},"type":"default-arg","locations":[{"start":{"line":1128,"column":28},"end":{"line":1128,"column":34}}],"line":1128},"162":{"loc":{"start":{"line":1131,"column":6},"end":{"line":1133,"column":7}},"type":"if","locations":[{"start":{"line":1131,"column":6},"end":{"line":1133,"column":7}},{"start":{"line":1131,"column":6},"end":{"line":1133,"column":7}}],"line":1131},"163":{"loc":{"start":{"line":1135,"column":6},"end":{"line":1135,"column":50}},"type":"if","locations":[{"start":{"line":1135,"column":6},"end":{"line":1135,"column":50}},{"start":{"line":1135,"column":6},"end":{"line":1135,"column":50}}],"line":1135},"164":{"loc":{"start":{"line":1137,"column":6},"end":{"line":1139,"column":7}},"type":"if","locations":[{"start":{"line":1137,"column":6},"end":{"line":1139,"column":7}},{"start":{"line":1137,"column":6},"end":{"line":1139,"column":7}}],"line":1137},"165":{"loc":{"start":{"line":1141,"column":6},"end":{"line":1141,"column":49}},"type":"if","locations":[{"start":{"line":1141,"column":6},"end":{"line":1141,"column":49}},{"start":{"line":1141,"column":6},"end":{"line":1141,"column":49}}],"line":1141},"166":{"loc":{"start":{"line":1143,"column":6},"end":{"line":1145,"column":7}},"type":"if","locations":[{"start":{"line":1143,"column":6},"end":{"line":1145,"column":7}},{"start":{"line":1143,"column":6},"end":{"line":1145,"column":7}}],"line":1143},"167":{"loc":{"start":{"line":1147,"column":6},"end":{"line":1147,"column":51}},"type":"if","locations":[{"start":{"line":1147,"column":6},"end":{"line":1147,"column":51}},{"start":{"line":1147,"column":6},"end":{"line":1147,"column":51}}],"line":1147},"168":{"loc":{"start":{"line":1150,"column":4},"end":{"line":1150,"column":49}},"type":"if","locations":[{"start":{"line":1150,"column":4},"end":{"line":1150,"column":49}},{"start":{"line":1150,"column":4},"end":{"line":1150,"column":49}}],"line":1150}},"s":{"0":1,"1":1,"2":1,"3":117,"4":7,"5":7,"6":110,"7":349,"8":5,"9":344,"10":356,"11":344,"12":327,"13":5,"14":322,"15":321,"16":1,"17":5,"18":3,"19":8,"20":2,"21":6,"22":6,"23":3,"24":3,"25":3,"26":5,"27":1,"28":2,"29":1,"30":17,"31":10,"32":10,"33":7,"34":11,"35":5,"36":6,"37":21,"38":11,"39":12,"40":4,"41":8,"42":11,"43":7,"44":4,"45":6,"46":3,"47":3,"48":8,"49":2,"50":6,"51":6,"52":3,"53":3,"54":3,"55":5,"56":1,"57":2,"58":1,"59":39,"60":39,"61":10,"62":10,"63":8,"64":8,"65":3,"66":3,"67":5,"68":11,"69":5,"70":6,"71":5,"72":5,"73":5,"74":29,"75":102,"76":29,"77":29,"78":102,"79":102,"80":102,"81":29,"82":9,"83":3,"84":6,"85":12,"86":6,"87":6,"88":1,"89":5,"90":5,"91":11,"92":11,"93":11,"94":5,"95":5,"96":5,"97":5,"98":5,"99":1,"100":4,"101":13,"102":13,"103":4,"104":11,"105":1,"106":10,"107":10,"108":4,"109":1,"110":3,"111":3,"112":3,"113":6,"114":17,"115":4,"116":4,"117":4,"118":13,"119":2,"120":13,"121":1,"122":12,"123":8,"124":8,"125":2,"126":6,"127":8,"128":4,"129":4,"130":4,"131":6,"132":3,"133":3,"134":1,"135":2,"136":3,"137":3,"138":3,"139":47,"140":2,"141":45,"142":45,"143":45,"144":116,"145":4,"146":112,"147":41,"148":11,"149":1,"150":10,"151":1,"152":9,"153":9,"154":9,"155":31,"156":4,"157":27,"158":27,"159":5,"160":4,"161":4,"162":4,"163":20,"164":20,"165":4,"166":20,"167":20,"168":20,"169":61,"170":61,"171":20,"172":61,"173":61,"174":30,"175":31,"176":104,"177":31,"178":6,"179":2,"180":4,"181":4,"182":1,"183":3,"184":3,"185":3,"186":3,"187":3,"188":3,"189":17,"190":17,"191":17,"192":17,"193":3,"194":3,"195":3,"196":3,"197":3,"198":9,"199":3,"200":22,"201":16,"202":22,"203":3,"204":4,"205":4,"206":4,"207":9,"208":4,"209":9,"210":4,"211":2,"212":2,"213":6,"214":6,"215":20,"216":4,"217":16,"218":2,"219":1,"220":49,"221":617,"222":284,"223":284,"224":284,"225":284,"226":617,"227":49,"228":9,"229":1,"230":8,"231":8,"232":8,"233":8,"234":20,"235":20,"236":20,"237":20,"238":24,"239":24,"240":10,"241":24,"242":6,"243":20,"244":20,"245":8,"246":5,"247":1,"248":4,"249":1,"250":3,"251":3,"252":3,"253":3,"254":13,"255":13,"256":13,"257":13,"258":20,"259":20,"260":10,"261":20,"262":7,"263":13,"264":13,"265":3,"266":34,"267":34,"268":149,"269":30,"270":119,"271":36,"272":119,"273":64,"274":119,"275":51,"276":119,"277":52,"278":119,"279":32,"280":34,"281":1,"282":33,"283":33,"284":33,"285":17,"286":17,"287":83,"288":3,"289":80,"290":32,"291":80,"292":40,"293":80,"294":24,"295":80,"296":30,"297":80,"298":24,"299":17,"300":17,"301":17,"302":4,"303":13,"304":13,"305":13,"306":2,"307":11,"308":11,"309":11,"310":23,"311":23,"312":23,"313":23,"314":40,"315":40,"316":5,"317":35,"318":10,"319":25,"320":25,"321":13,"322":1,"323":8,"324":1,"325":1,"326":7,"327":1,"328":1,"329":6,"330":6,"331":6,"332":6,"333":6,"334":14,"335":14,"336":14,"337":14,"338":32,"339":32,"340":1,"341":1,"342":31,"343":5,"344":5,"345":26,"346":26,"347":8,"348":10,"349":1,"350":9,"351":9,"352":9,"353":9,"354":26,"355":26,"356":26,"357":26,"358":55,"359":55,"360":7,"361":7,"362":55,"363":48,"364":55,"365":24,"366":55,"367":22,"368":26,"369":9,"370":6,"371":6,"372":9,"373":1,"374":495,"375":495,"376":495,"377":495,"378":896,"379":371,"380":525,"381":909,"382":324,"383":585,"384":38,"385":38,"386":38,"387":38,"388":38,"389":38,"390":51,"391":51,"392":51,"393":51,"394":51,"395":51,"396":1,"397":59,"398":59,"399":59,"400":59,"401":21,"402":59,"403":59,"404":1,"405":58,"406":1,"407":57,"408":59,"409":57,"410":57,"411":57,"412":57,"413":40,"414":31,"415":9,"416":9,"417":9,"418":9,"419":3,"420":6,"421":3,"422":3,"423":57,"424":17,"425":17,"426":1,"427":16,"428":16,"429":16,"430":40,"431":1,"432":15,"433":1,"434":14,"435":2,"436":12,"437":2,"438":10,"439":57,"440":59,"441":57,"442":44,"443":31,"444":44,"445":44,"446":44,"447":44,"448":44,"449":44,"450":44,"451":38,"452":38,"453":1,"454":37,"455":31,"456":154,"457":6,"458":37,"459":160,"460":160,"461":157,"462":157,"463":37,"464":433,"465":157,"466":157,"467":276,"468":116,"469":160,"470":276,"471":276,"472":276,"473":22,"474":13,"475":9,"476":9,"477":254,"478":32,"479":7,"480":7,"481":25,"482":260,"483":22,"484":22,"485":1,"486":21,"487":6,"488":39,"489":15,"490":21,"491":54,"492":54,"493":52,"494":21,"495":126,"496":1,"497":125,"498":64,"499":35,"500":29,"501":8,"502":21,"503":8,"504":13,"505":13,"506":13,"507":64,"508":3,"509":61,"510":64,"511":61,"512":34,"513":27,"514":125,"515":35,"516":90,"517":90,"518":90,"519":5,"520":4,"521":5,"522":1,"523":1,"524":89,"525":8,"526":5,"527":8,"528":4,"529":4,"530":85,"531":403,"532":403,"533":40,"534":144,"535":110,"536":27,"537":82,"538":18,"539":18,"540":11,"541":18,"542":4,"543":4,"544":5,"545":4,"546":19,"547":1,"548":18,"549":9,"550":9,"551":4,"552":5,"553":6,"554":9,"555":2,"556":7,"557":234,"558":29,"559":16,"560":146,"561":43,"562":28,"563":28,"564":107,"565":1,"566":106,"567":7,"568":106,"569":37,"570":106,"571":7,"572":106,"573":43,"574":106,"575":92,"576":28,"577":1,"578":27,"579":27,"580":27,"581":11,"582":1},"f":{"0":117,"1":349,"2":356,"3":327,"4":5,"5":3,"6":8,"7":17,"8":11,"9":21,"10":12,"11":11,"12":6,"13":8,"14":39,"15":10,"16":8,"17":29,"18":102,"19":9,"20":12,"21":5,"22":11,"23":13,"24":47,"25":11,"26":4,"27":20,"28":61,"29":6,"30":3,"31":3,"32":9,"33":4,"34":2,"35":6,"36":49,"37":617,"38":9,"39":5,"40":34,"41":149,"42":17,"43":83,"44":17,"45":13,"46":8,"47":10,"48":495,"49":896,"50":909,"51":38,"52":51,"53":59,"54":21,"55":59,"56":57,"57":57,"58":40,"59":17,"60":38,"61":154,"62":433,"63":22,"64":39,"65":126,"66":403,"67":18,"68":4,"69":19,"70":6,"71":9,"72":234,"73":28,"74":107,"75":11},"b":{"0":[7,110],"1":[5,344],"2":[5,322],"3":[321,1],"4":[3,2],"5":[2,1],"6":[2,6],"7":[3,3],"8":[1,4],"9":[10,7],"10":[5,6],"11":[4,8],"12":[7,4],"13":[3,3],"14":[1,2],"15":[2,6],"16":[3,3],"17":[1,4],"18":[1],"19":[3,5],"20":[5,6],"21":[3,6],"22":[9,8,7],"23":[1,5],"24":[1,4],"25":[1,10],"26":[4,6],"27":[1,3],"28":[4,13],"29":[1,12],"30":[13,13,12],"31":[8,4],"32":[2,6],"33":[3,3],"34":[1,2],"35":[2,45],"36":[47,46],"37":[4,112],"38":[1,10],"39":[1,9],"40":[4,27],"41":[30,31],"42":[2,4],"43":[6,6,5],"44":[1,3],"45":[16,6],"46":[4,5],"47":[4,16],"48":[284,333],"49":[1,8],"50":[10,14],"51":[24,16],"52":[6,18],"53":[24,16],"54":[1,4],"55":[1,3],"56":[4,1],"57":[10,10],"58":[20,12],"59":[7,13],"60":[20,10],"61":[8],"62":[30,119],"63":[149,149],"64":[36,83],"65":[64,55],"66":[51,68],"67":[52,67],"68":[32,87],"69":[1,33],"70":[6],"71":[3,80],"72":[83,83],"73":[32,48],"74":[40,40],"75":[24,56],"76":[30,50],"77":[24,56],"78":[17,16],"79":[4,13],"80":[17,13],"81":[2,11],"82":[5,35],"83":[10,25],"84":[1,7],"85":[1,6],"86":[1,31],"87":[5,26],"88":[1,9],"89":[7,48],"90":[55,7],"91":[48,7],"92":[24,31],"93":[22,33],"94":[6,3],"95":[9,7],"96":[139],"97":[371,525],"98":[324,585],"99":[21,21],"100":[1,58],"101":[1,57],"102":[31,9],"103":[3,6],"104":[3,3],"105":[6,6],"106":[1,16],"107":[1,39],"108":[1,14],"109":[15,15],"110":[2,12],"111":[14,13],"112":[2,10],"113":[12,11],"114":[40,17],"115":[31,13],"116":[44,31],"117":[1,37],"118":[31,6],"119":[157,3],"120":[160,160],"121":[157,276],"122":[116,160],"123":[22,254],"124":[13,9],"125":[32,222],"126":[7,25],"127":[1,21],"128":[6,15],"129":[52,2],"130":[1,125],"131":[64,61],"132":[35,29],"133":[64,43],"134":[8,21],"135":[29,21],"136":[8,13],"137":[21,8],"138":[3,61],"139":[34,27],"140":[35,90],"141":[5,85],"142":[4,1],"143":[5,4],"144":[1,4],"145":[8,81],"146":[5,3],"147":[8,7],"148":[4,4],"149":[40,144,110,27,82],"150":[2],"151":[2],"152":[10],"153":[1,18],"154":[9,9],"155":[18,17],"156":[4,5],"157":[2,7],"158":[1,1],"159":[2,5],"160":[29,16,146,43],"161":[25],"162":[1,106],"163":[7,99],"164":[37,69],"165":[7,99],"166":[43,63],"167":[92,14],"168":[1,27]},"_coverageSchema":"1a1c01bbd47fc00a2c39e90264f33305004495a9","hash":"68c9fb948a0581e8b806ddf3f618ababc1b7c7a5"}
,"/home/jordan/github/plus/utility-methods.js": {"path":"/home/jordan/github/plus/utility-methods.js","statementMap":{"0":{"start":{"line":1,"column":0},"end":{"line":3,"column":2}},"1":{"start":{"line":2,"column":2},"end":{"line":2,"column":67}},"2":{"start":{"line":5,"column":0},"end":{"line":7,"column":2}},"3":{"start":{"line":6,"column":2},"end":{"line":6,"column":35}},"4":{"start":{"line":9,"column":0},"end":{"line":11,"column":2}},"5":{"start":{"line":10,"column":2},"end":{"line":10,"column":35}},"6":{"start":{"line":13,"column":0},"end":{"line":19,"column":2}},"7":{"start":{"line":14,"column":2},"end":{"line":16,"column":3}},"8":{"start":{"line":15,"column":4},"end":{"line":15,"column":17}},"9":{"start":{"line":18,"column":2},"end":{"line":18,"column":103}},"10":{"start":{"line":21,"column":0},"end":{"line":23,"column":2}},"11":{"start":{"line":22,"column":2},"end":{"line":22,"column":42}},"12":{"start":{"line":25,"column":0},"end":{"line":33,"column":2}},"13":{"start":{"line":26,"column":2},"end":{"line":32,"column":3}},"14":{"start":{"line":27,"column":4},"end":{"line":27,"column":31}},"15":{"start":{"line":28,"column":9},"end":{"line":32,"column":3}},"16":{"start":{"line":29,"column":4},"end":{"line":29,"column":53}},"17":{"start":{"line":31,"column":4},"end":{"line":31,"column":63}}},"fnMap":{"0":{"name":"(anonymous_0)","decl":{"start":{"line":1,"column":17},"end":{"line":1,"column":18}},"loc":{"start":{"line":1,"column":28},"end":{"line":3,"column":1}},"line":1},"1":{"name":"(anonymous_1)","decl":{"start":{"line":5,"column":19},"end":{"line":5,"column":20}},"loc":{"start":{"line":5,"column":30},"end":{"line":7,"column":1}},"line":5},"2":{"name":"(anonymous_2)","decl":{"start":{"line":9,"column":19},"end":{"line":9,"column":20}},"loc":{"start":{"line":9,"column":30},"end":{"line":11,"column":1}},"line":9},"3":{"name":"(anonymous_3)","decl":{"start":{"line":13,"column":19},"end":{"line":13,"column":20}},"loc":{"start":{"line":13,"column":35},"end":{"line":19,"column":1}},"line":13},"4":{"name":"(anonymous_4)","decl":{"start":{"line":21,"column":28},"end":{"line":21,"column":29}},"loc":{"start":{"line":21,"column":70},"end":{"line":23,"column":1}},"line":21},"5":{"name":"(anonymous_5)","decl":{"start":{"line":25,"column":23},"end":{"line":25,"column":24}},"loc":{"start":{"line":25,"column":61},"end":{"line":33,"column":1}},"line":25}},"branchMap":{"0":{"loc":{"start":{"line":14,"column":2},"end":{"line":16,"column":3}},"type":"if","locations":[{"start":{"line":14,"column":2},"end":{"line":16,"column":3}},{"start":{"line":14,"column":2},"end":{"line":16,"column":3}}],"line":14},"1":{"loc":{"start":{"line":18,"column":9},"end":{"line":18,"column":102}},"type":"binary-expr","locations":[{"start":{"line":18,"column":9},"end":{"line":18,"column":34}},{"start":{"line":18,"column":38},"end":{"line":18,"column":59}},{"start":{"line":18,"column":63},"end":{"line":18,"column":102}}],"line":18},"2":{"loc":{"start":{"line":26,"column":2},"end":{"line":32,"column":3}},"type":"if","locations":[{"start":{"line":26,"column":2},"end":{"line":32,"column":3}},{"start":{"line":26,"column":2},"end":{"line":32,"column":3}}],"line":26},"3":{"loc":{"start":{"line":26,"column":6},"end":{"line":26,"column":44}},"type":"binary-expr","locations":[{"start":{"line":26,"column":6},"end":{"line":26,"column":23}},{"start":{"line":26,"column":27},"end":{"line":26,"column":44}}],"line":26},"4":{"loc":{"start":{"line":28,"column":9},"end":{"line":32,"column":3}},"type":"if","locations":[{"start":{"line":28,"column":9},"end":{"line":32,"column":3}},{"start":{"line":28,"column":9},"end":{"line":32,"column":3}}],"line":28}},"s":{"0":1,"1":16,"2":1,"3":29,"4":1,"5":146,"6":1,"7":43,"8":1,"9":42,"10":1,"11":328,"12":1,"13":142,"14":124,"15":18,"16":8,"17":10},"f":{"0":16,"1":29,"2":146,"3":43,"4":328,"5":142},"b":{"0":[1,42],"1":[42,38,37],"2":[124,18],"3":[142,31],"4":[8,10]},"_coverageSchema":"1a1c01bbd47fc00a2c39e90264f33305004495a9","hash":"fb96bfd88ed622e2fc965f93a9f29c2e01033249"}
}
