TN:
SF:app.js
FN:10,(anonymous_0)
FN:19,(anonymous_1)
FN:23,(anonymous_2)
FN:29,(anonymous_3)
FN:41,(anonymous_4)
FN:45,(anonymous_5)
FN:49,(anonymous_6)
FN:73,(anonymous_7)
FN:82,(anonymous_8)
FN:86,(anonymous_9)
FN:92,(anonymous_10)
FN:100,(anonymous_11)
FN:108,(anonymous_12)
FN:116,(anonymous_13)
FN:140,(anonymous_14)
FN:150,(anonymous_15)
FN:155,(anonymous_16)
FN:178,(anonymous_17)
FN:179,(anonymous_18)
FN:198,(anonymous_19)
FN:203,(anonymous_20)
FN:229,(anonymous_21)
FN:246,(anonymous_22)
FN:278,(anonymous_23)
FN:318,(anonymous_24)
FN:334,(anonymous_25)
FN:361,(anonymous_26)
FN:373,(anonymous_27)
FN:378,(anonymous_28)
FN:392,(anonymous_29)
FN:405,(anonymous_30)
FN:421,(anonymous_31)
FN:425,(anonymous_32)
FN:442,(anonymous_33)
FN:461,(anonymous_34)
FN:471,(anonymous_35)
FN:485,(anonymous_36)
FN:497,(anonymous_37)
FN:498,(anonymous_38)
FN:513,(anonymous_39)
FN:549,(anonymous_40)
FN:587,(anonymous_41)
FN:589,(anonymous_42)
FN:616,(anonymous_43)
FN:618,(anonymous_44)
FN:638,(anonymous_45)
FN:650,(anonymous_46)
FN:687,(anonymous_47)
FN:738,(anonymous_48)
FN:742,(anonymous_49)
FN:768,(anonymous_50)
FN:775,(anonymous_51)
FN:783,(anonymous_52)
FN:791,(anonymous_53)
FN:801,(anonymous_54)
FN:815,(anonymous_55)
FN:820,(anonymous_56)
FN:821,(anonymous_57)
FN:832,(anonymous_58)
FN:834,(anonymous_59)
FN:835,(anonymous_60)
FN:855,(anonymous_61)
FN:904,(anonymous_62)
FN:910,(anonymous_63)
FN:929,(anonymous_64)
FN:963,(anonymous_65)
FN:969,(anonymous_66)
FN:987,(anonymous_67)
FN:1052,(anonymous_68)
FN:1069,(anonymous_69)
FN:1079,(anonymous_70)
FN:1089,(anonymous_71)
FN:1105,(anonymous_72)
FN:1109,(anonymous_73)
FN:1117,(anonymous_74)
FN:1130,(anonymous_75)
FN:1132,(anonymous_76)
FN:1159,(anonymous_77)
FNF:78
FNH:78
FNDA:119,(anonymous_0)
FNDA:338,(anonymous_1)
FNDA:345,(anonymous_2)
FNDA:325,(anonymous_3)
FNDA:5,(anonymous_4)
FNDA:3,(anonymous_5)
FNDA:8,(anonymous_6)
FNDA:17,(anonymous_7)
FNDA:11,(anonymous_8)
FNDA:21,(anonymous_9)
FNDA:12,(anonymous_10)
FNDA:11,(anonymous_11)
FNDA:6,(anonymous_12)
FNDA:8,(anonymous_13)
FNDA:40,(anonymous_14)
FNDA:10,(anonymous_15)
FNDA:8,(anonymous_16)
FNDA:30,(anonymous_17)
FNDA:105,(anonymous_18)
FNDA:9,(anonymous_19)
FNDA:12,(anonymous_20)
FNDA:5,(anonymous_21)
FNDA:15,(anonymous_22)
FNDA:13,(anonymous_23)
FNDA:47,(anonymous_24)
FNDA:11,(anonymous_25)
FNDA:4,(anonymous_26)
FNDA:26,(anonymous_27)
FNDA:62,(anonymous_28)
FNDA:6,(anonymous_29)
FNDA:3,(anonymous_30)
FNDA:3,(anonymous_31)
FNDA:11,(anonymous_32)
FNDA:5,(anonymous_33)
FNDA:2,(anonymous_34)
FNDA:6,(anonymous_35)
FNDA:26,(anonymous_36)
FNDA:45,(anonymous_37)
FNDA:539,(anonymous_38)
FNDA:9,(anonymous_39)
FNDA:5,(anonymous_40)
FNDA:31,(anonymous_41)
FNDA:136,(anonymous_42)
FNDA:17,(anonymous_43)
FNDA:84,(anonymous_44)
FNDA:17,(anonymous_45)
FNDA:13,(anonymous_46)
FNDA:18,(anonymous_47)
FNDA:6,(anonymous_48)
FNDA:24,(anonymous_49)
FNDA:470,(anonymous_50)
FNDA:903,(anonymous_51)
FNDA:917,(anonymous_52)
FNDA:38,(anonymous_53)
FNDA:52,(anonymous_54)
FNDA:60,(anonymous_55)
FNDA:22,(anonymous_56)
FNDA:60,(anonymous_57)
FNDA:58,(anonymous_58)
FNDA:58,(anonymous_59)
FNDA:40,(anonymous_60)
FNDA:18,(anonymous_61)
FNDA:39,(anonymous_62)
FNDA:157,(anonymous_63)
FNDA:439,(anonymous_64)
FNDA:22,(anonymous_65)
FNDA:39,(anonymous_66)
FNDA:126,(anonymous_67)
FNDA:406,(anonymous_68)
FNDA:18,(anonymous_69)
FNDA:4,(anonymous_70)
FNDA:21,(anonymous_71)
FNDA:6,(anonymous_72)
FNDA:9,(anonymous_73)
FNDA:237,(anonymous_74)
FNDA:28,(anonymous_75)
FNDA:107,(anonymous_76)
FNDA:11,(anonymous_77)
DA:3,1
DA:5,1
DA:9,1
DA:11,119
DA:12,7
DA:13,7
DA:15,112
DA:20,338
DA:21,5
DA:23,345
DA:26,333
DA:30,325
DA:31,5
DA:33,320
DA:34,319
DA:36,1
DA:42,5
DA:46,3
DA:50,8
DA:51,2
DA:54,6
DA:56,6
DA:57,3
DA:59,3
DA:60,5
DA:61,1
DA:65,2
DA:72,1
DA:74,17
DA:75,10
DA:76,10
DA:78,7
DA:83,11
DA:84,5
DA:86,21
DA:89,11
DA:93,12
DA:94,4
DA:96,8
DA:101,11
DA:102,7
DA:104,4
DA:109,6
DA:110,3
DA:112,3
DA:117,8
DA:118,2
DA:121,6
DA:123,6
DA:124,3
DA:126,3
DA:127,5
DA:128,1
DA:132,2
DA:139,1
DA:141,40
DA:146,40
DA:147,40
DA:151,10
DA:152,10
DA:156,8
DA:159,8
DA:160,3
DA:161,3
DA:164,5
DA:165,11
DA:166,5
DA:169,6
DA:172,5
DA:173,5
DA:174,5
DA:175,5
DA:179,30
DA:180,105
DA:186,30
DA:188,30
DA:189,105
DA:190,105
DA:191,105
DA:192,105
DA:195,30
DA:199,9
DA:200,3
DA:203,6
DA:204,12
DA:210,6
DA:212,6
DA:213,1
DA:216,5
DA:218,5
DA:219,11
DA:220,11
DA:221,11
DA:222,11
DA:225,5
DA:226,5
DA:230,5
DA:232,5
DA:234,5
DA:235,1
DA:238,4
DA:239,13
DA:240,13
DA:243,4
DA:247,15
DA:249,14
DA:252,14
DA:253,8
DA:254,2
DA:255,2
DA:258,6
DA:259,6
DA:260,6
DA:261,6
DA:264,6
DA:265,17
DA:266,4
DA:267,4
DA:268,4
DA:269,4
DA:272,13
DA:275,2
DA:279,13
DA:283,12
DA:284,8
DA:286,8
DA:287,2
DA:289,6
DA:292,8
DA:293,8
DA:296,4
DA:297,4
DA:299,4
DA:300,6
DA:301,3
DA:303,3
DA:304,1
DA:306,2
DA:309,3
DA:310,3
DA:313,3
DA:314,3
DA:319,47
DA:321,45
DA:323,45
DA:324,116
DA:325,4
DA:327,112
DA:331,41
DA:335,11
DA:336,1
DA:339,10
DA:340,1
DA:343,9
DA:344,9
DA:346,9
DA:347,31
DA:348,4
DA:354,27
DA:355,27
DA:358,5
DA:362,4
DA:363,4
DA:365,4
DA:366,20
DA:367,20
DA:370,4
DA:374,26
DA:375,26
DA:379,62
DA:381,62
DA:382,31
DA:385,31
DA:386,104
DA:389,31
DA:393,6
DA:394,2
DA:397,4
DA:399,4
DA:401,3
DA:402,3
DA:406,3
DA:407,3
DA:408,3
DA:410,3
DA:411,17
DA:412,17
DA:413,17
DA:414,17
DA:417,3
DA:418,3
DA:422,3
DA:423,3
DA:425,3
DA:426,11
DA:427,9
DA:431,3
DA:432,22
DA:433,16
DA:436,22
DA:439,3
DA:443,5
DA:444,1
DA:447,4
DA:448,4
DA:450,4
DA:451,9
DA:452,4
DA:455,9
DA:458,4
DA:462,2
DA:467,2
DA:468,2
DA:472,6
DA:474,6
DA:475,20
DA:476,4
DA:479,16
DA:482,2
DA:486,26
DA:487,2
DA:490,26
DA:496,1
DA:498,45
DA:499,539
DA:500,247
DA:501,247
DA:503,247
DA:504,247
DA:507,539
DA:510,45
DA:514,9
DA:515,1
DA:518,8
DA:519,8
DA:524,8
DA:526,8
DA:527,20
DA:528,20
DA:530,20
DA:531,24
DA:533,24
DA:534,10
DA:537,24
DA:538,6
DA:542,20
DA:543,20
DA:546,8
DA:550,5
DA:551,1
DA:552,4
DA:553,1
DA:556,3
DA:557,3
DA:562,3
DA:564,3
DA:565,13
DA:566,13
DA:568,13
DA:569,20
DA:571,20
DA:572,10
DA:575,20
DA:576,7
DA:580,13
DA:581,13
DA:584,3
DA:588,31
DA:589,31
DA:590,136
DA:591,12
DA:594,124
DA:596,124
DA:597,61
DA:600,124
DA:602,124
DA:603,45
DA:606,124
DA:609,31
DA:611,30
DA:612,30
DA:613,30
DA:617,17
DA:618,17
DA:619,84
DA:620,3
DA:623,81
DA:625,81
DA:626,40
DA:629,81
DA:631,81
DA:632,31
DA:635,81
DA:638,17
DA:639,17
DA:642,17
DA:643,4
DA:646,13
DA:647,13
DA:651,13
DA:652,2
DA:655,11
DA:660,11
DA:662,11
DA:663,23
DA:664,23
DA:666,23
DA:667,40
DA:669,40
DA:670,5
DA:673,35
DA:674,10
DA:677,25
DA:678,25
DA:681,13
DA:684,1
DA:688,18
DA:689,1
DA:690,1
DA:691,17
DA:692,3
DA:693,3
DA:694,14
DA:695,3
DA:696,3
DA:699,11
DA:700,11
DA:705,11
DA:706,11
DA:708,11
DA:709,30
DA:710,30
DA:712,30
DA:713,45
DA:715,45
DA:716,2
DA:717,2
DA:720,43
DA:721,6
DA:722,6
DA:725,37
DA:726,3
DA:727,3
DA:730,34
DA:731,34
DA:734,19
DA:739,6
DA:743,24
DA:744,1
DA:745,1
DA:748,23
DA:749,2
DA:750,2
DA:753,21
DA:754,9
DA:757,21
DA:758,9
DA:761,21
DA:767,1
DA:769,470
DA:770,470
DA:771,470
DA:772,470
DA:776,903
DA:777,378
DA:780,525
DA:784,917
DA:785,326
DA:788,591
DA:792,38
DA:793,38
DA:794,38
DA:796,38
DA:797,38
DA:798,38
DA:802,52
DA:803,52
DA:804,52
DA:806,52
DA:807,52
DA:808,52
DA:814,1
DA:816,60
DA:817,60
DA:818,60
DA:820,60
DA:821,60
DA:822,60
DA:823,1
DA:826,59
DA:827,1
DA:830,58
DA:832,60
DA:833,58
DA:834,58
DA:835,58
DA:836,40
DA:837,31
DA:840,9
DA:842,9
DA:843,9
DA:844,3
DA:848,6
DA:849,3
DA:852,3
DA:855,58
DA:856,18
DA:858,18
DA:859,1
DA:862,17
DA:864,17
DA:865,43
DA:866,1
DA:870,16
DA:871,1
DA:874,15
DA:875,2
DA:878,13
DA:879,2
DA:882,11
DA:885,58
DA:888,60
DA:889,58
DA:891,45
DA:892,31
DA:895,45
DA:896,45
DA:897,45
DA:898,45
DA:899,45
DA:900,45
DA:901,45
DA:905,39
DA:907,39
DA:908,1
DA:909,38
DA:910,157
DA:912,6
DA:917,38
DA:918,163
DA:920,163
DA:921,160
DA:922,160
DA:926,38
DA:930,439
DA:931,160
DA:932,160
DA:935,279
DA:936,116
DA:938,163
DA:941,279
DA:942,279
DA:944,279
DA:945,22
DA:946,13
DA:948,9
DA:949,9
DA:951,257
DA:952,33
DA:953,7
DA:954,7
DA:956,26
DA:960,263
DA:964,22
DA:966,22
DA:967,1
DA:968,21
DA:969,39
DA:971,15
DA:976,21
DA:977,54
DA:979,54
DA:980,52
DA:984,21
DA:988,126
DA:989,1
DA:992,125
DA:995,64
DA:996,35
DA:997,29
DA:998,8
DA:999,21
DA:1000,8
DA:1002,13
DA:1003,13
DA:1004,13
DA:1007,64
DA:1008,3
DA:1010,61
DA:1013,64
DA:1014,61
DA:1015,34
DA:1017,27
DA:1020,125
DA:1021,35
DA:1024,90
DA:1025,90
DA:1027,90
DA:1028,5
DA:1029,4
DA:1032,5
DA:1033,1
DA:1034,1
DA:1038,89
DA:1039,8
DA:1040,5
DA:1043,8
DA:1044,4
DA:1045,4
DA:1049,85
DA:1053,406
DA:1055,406
DA:1057,41
DA:1059,146
DA:1061,110
DA:1063,27
DA:1065,82
DA:1070,18
DA:1072,18
DA:1073,11
DA:1076,18
DA:1080,4
DA:1082,4
DA:1083,5
DA:1086,4
DA:1090,21
DA:1091,1
DA:1094,20
DA:1095,10
DA:1098,10
DA:1099,5
DA:1101,5
DA:1106,6
DA:1110,9
DA:1111,2
DA:1114,7
DA:1118,237
DA:1120,29
DA:1122,16
DA:1124,146
DA:1126,46
DA:1131,28
DA:1132,28
DA:1133,107
DA:1134,1
DA:1137,106
DA:1139,106
DA:1140,37
DA:1143,106
DA:1145,106
DA:1146,43
DA:1149,106
DA:1152,28
DA:1154,27
DA:1155,27
DA:1156,27
DA:1160,11
DA:1166,1
LF:558
LH:558
BRDA:11,0,0,7
BRDA:11,0,1,112
BRDA:20,1,0,5
BRDA:20,1,1,333
BRDA:30,2,0,5
BRDA:30,2,1,320
BRDA:33,3,0,319
BRDA:33,3,1,1
BRDA:42,4,0,3
BRDA:42,4,1,2
BRDA:46,5,0,2
BRDA:46,5,1,1
BRDA:50,6,0,2
BRDA:50,6,1,6
BRDA:56,7,0,3
BRDA:56,7,1,3
BRDA:60,8,0,1
BRDA:60,8,1,4
BRDA:74,9,0,10
BRDA:74,9,1,7
BRDA:83,10,0,5
BRDA:83,10,1,6
BRDA:93,11,0,4
BRDA:93,11,1,8
BRDA:101,12,0,7
BRDA:101,12,1,4
BRDA:109,13,0,3
BRDA:109,13,1,3
BRDA:112,14,0,1
BRDA:112,14,1,2
BRDA:117,15,0,2
BRDA:117,15,1,6
BRDA:123,16,0,3
BRDA:123,16,1,3
BRDA:127,17,0,1
BRDA:127,17,1,4
BRDA:150,18,0,1
BRDA:159,19,0,3
BRDA:159,19,1,5
BRDA:165,20,0,5
BRDA:165,20,1,6
BRDA:199,21,0,3
BRDA:199,21,1,6
BRDA:199,22,0,9
BRDA:199,22,1,8
BRDA:199,22,2,7
BRDA:212,23,0,1
BRDA:212,23,1,5
BRDA:234,24,0,1
BRDA:234,24,1,4
BRDA:247,25,0,1
BRDA:247,25,1,14
BRDA:252,26,0,8
BRDA:252,26,1,6
BRDA:253,27,0,2
BRDA:253,27,1,6
BRDA:265,28,0,4
BRDA:265,28,1,13
BRDA:279,29,0,1
BRDA:279,29,1,12
BRDA:279,30,0,13
BRDA:279,30,1,13
BRDA:279,30,2,12
BRDA:283,31,0,8
BRDA:283,31,1,4
BRDA:286,32,0,2
BRDA:286,32,1,6
BRDA:300,33,0,3
BRDA:300,33,1,3
BRDA:303,34,0,1
BRDA:303,34,1,2
BRDA:319,35,0,2
BRDA:319,35,1,45
BRDA:319,36,0,47
BRDA:319,36,1,46
BRDA:324,37,0,4
BRDA:324,37,1,112
BRDA:335,38,0,1
BRDA:335,38,1,10
BRDA:339,39,0,1
BRDA:339,39,1,9
BRDA:347,40,0,4
BRDA:347,40,1,27
BRDA:381,41,0,31
BRDA:381,41,1,31
BRDA:393,42,0,2
BRDA:393,42,1,4
BRDA:393,43,0,6
BRDA:393,43,1,6
BRDA:393,43,2,5
BRDA:399,44,0,1
BRDA:399,44,1,3
BRDA:426,45,0,9
BRDA:426,45,1,2
BRDA:426,46,0,11
BRDA:426,46,1,4
BRDA:432,47,0,16
BRDA:432,47,1,6
BRDA:442,48,0,1
BRDA:443,49,0,1
BRDA:443,49,1,4
BRDA:443,50,0,5
BRDA:443,50,1,5
BRDA:451,51,0,4
BRDA:451,51,1,5
BRDA:475,52,0,4
BRDA:475,52,1,16
BRDA:486,53,0,2
BRDA:486,53,1,24
BRDA:498,54,0,1
BRDA:499,55,0,247
BRDA:499,55,1,292
BRDA:514,56,0,1
BRDA:514,56,1,8
BRDA:514,57,0,9
BRDA:514,57,1,8
BRDA:533,58,0,10
BRDA:533,58,1,14
BRDA:533,59,0,24
BRDA:533,59,1,16
BRDA:537,60,0,6
BRDA:537,60,1,18
BRDA:537,61,0,24
BRDA:537,61,1,16
BRDA:550,62,0,1
BRDA:550,62,1,4
BRDA:552,63,0,1
BRDA:552,63,1,3
BRDA:552,64,0,4
BRDA:552,64,1,1
BRDA:571,65,0,10
BRDA:571,65,1,10
BRDA:571,66,0,20
BRDA:571,66,1,12
BRDA:575,67,0,7
BRDA:575,67,1,13
BRDA:575,68,0,20
BRDA:575,68,1,10
BRDA:587,69,0,11
BRDA:590,70,0,12
BRDA:590,70,1,124
BRDA:590,71,0,136
BRDA:590,71,1,136
BRDA:594,72,0,35
BRDA:594,72,1,89
BRDA:596,73,0,61
BRDA:596,73,1,63
BRDA:600,74,0,32
BRDA:600,74,1,92
BRDA:602,75,0,45
BRDA:602,75,1,79
BRDA:606,76,0,57
BRDA:606,76,1,67
BRDA:609,77,0,1
BRDA:609,77,1,30
BRDA:616,78,0,6
BRDA:619,79,0,3
BRDA:619,79,1,81
BRDA:619,80,0,84
BRDA:619,80,1,84
BRDA:623,81,0,33
BRDA:623,81,1,48
BRDA:625,82,0,40
BRDA:625,82,1,41
BRDA:629,83,0,24
BRDA:629,83,1,57
BRDA:631,84,0,31
BRDA:631,84,1,50
BRDA:635,85,0,24
BRDA:635,85,1,57
BRDA:639,86,0,17
BRDA:639,86,1,16
BRDA:642,87,0,4
BRDA:642,87,1,13
BRDA:642,88,0,17
BRDA:642,88,1,13
BRDA:651,89,0,2
BRDA:651,89,1,11
BRDA:669,90,0,5
BRDA:669,90,1,35
BRDA:673,91,0,10
BRDA:673,91,1,25
BRDA:688,92,0,1
BRDA:688,92,1,17
BRDA:691,93,0,3
BRDA:691,93,1,14
BRDA:691,94,0,17
BRDA:691,94,1,14
BRDA:694,95,0,3
BRDA:694,95,1,11
BRDA:694,96,0,14
BRDA:694,96,1,12
BRDA:715,97,0,2
BRDA:715,97,1,43
BRDA:720,98,0,6
BRDA:720,98,1,37
BRDA:725,99,0,3
BRDA:725,99,1,34
BRDA:743,100,0,1
BRDA:743,100,1,23
BRDA:743,101,0,24
BRDA:743,101,1,12
BRDA:748,102,0,2
BRDA:748,102,1,21
BRDA:748,103,0,23
BRDA:748,103,1,11
BRDA:753,104,0,9
BRDA:753,104,1,12
BRDA:757,105,0,9
BRDA:757,105,1,12
BRDA:768,106,0,122
BRDA:776,107,0,378
BRDA:776,107,1,525
BRDA:784,108,0,326
BRDA:784,108,1,591
BRDA:820,109,0,22
BRDA:820,109,1,22
BRDA:822,110,0,1
BRDA:822,110,1,59
BRDA:826,111,0,1
BRDA:826,111,1,58
BRDA:836,112,0,31
BRDA:836,112,1,9
BRDA:843,113,0,3
BRDA:843,113,1,6
BRDA:848,114,0,3
BRDA:848,114,1,3
BRDA:848,115,0,6
BRDA:848,115,1,6
BRDA:858,116,0,1
BRDA:858,116,1,17
BRDA:865,117,0,1
BRDA:865,117,1,42
BRDA:870,118,0,1
BRDA:870,118,1,15
BRDA:870,119,0,16
BRDA:870,119,1,16
BRDA:874,120,0,2
BRDA:874,120,1,13
BRDA:874,121,0,15
BRDA:874,121,1,14
BRDA:878,122,0,2
BRDA:878,122,1,11
BRDA:878,123,0,13
BRDA:878,123,1,12
BRDA:885,124,0,40
BRDA:885,124,1,18
BRDA:891,125,0,31
BRDA:891,125,1,14
BRDA:896,126,0,45
BRDA:896,126,1,31
BRDA:907,127,0,1
BRDA:907,127,1,38
BRDA:909,128,0,32
BRDA:909,128,1,6
BRDA:920,129,0,160
BRDA:920,129,1,3
BRDA:920,130,0,163
BRDA:920,130,1,163
BRDA:930,131,0,160
BRDA:930,131,1,279
BRDA:935,132,0,116
BRDA:935,132,1,163
BRDA:944,133,0,22
BRDA:944,133,1,257
BRDA:945,134,0,13
BRDA:945,134,1,9
BRDA:951,135,0,33
BRDA:951,135,1,224
BRDA:952,136,0,7
BRDA:952,136,1,26
BRDA:966,137,0,1
BRDA:966,137,1,21
BRDA:968,138,0,6
BRDA:968,138,1,15
BRDA:979,139,0,52
BRDA:979,139,1,2
BRDA:988,140,0,1
BRDA:988,140,1,125
BRDA:992,141,0,64
BRDA:992,141,1,61
BRDA:995,142,0,35
BRDA:995,142,1,29
BRDA:995,143,0,64
BRDA:995,143,1,43
BRDA:997,144,0,8
BRDA:997,144,1,21
BRDA:997,145,0,29
BRDA:997,145,1,21
BRDA:999,146,0,8
BRDA:999,146,1,13
BRDA:999,147,0,21
BRDA:999,147,1,8
BRDA:1007,148,0,3
BRDA:1007,148,1,61
BRDA:1014,149,0,34
BRDA:1014,149,1,27
BRDA:1020,150,0,35
BRDA:1020,150,1,90
BRDA:1027,151,0,5
BRDA:1027,151,1,85
BRDA:1028,152,0,4
BRDA:1028,152,1,1
BRDA:1028,153,0,5
BRDA:1028,153,1,4
BRDA:1032,154,0,1
BRDA:1032,154,1,4
BRDA:1038,155,0,8
BRDA:1038,155,1,81
BRDA:1039,156,0,5
BRDA:1039,156,1,3
BRDA:1039,157,0,8
BRDA:1039,157,1,7
BRDA:1043,158,0,4
BRDA:1043,158,1,4
BRDA:1055,159,0,41
BRDA:1055,159,1,146
BRDA:1055,159,2,110
BRDA:1055,159,3,27
BRDA:1055,159,4,82
BRDA:1069,160,0,2
BRDA:1079,161,0,2
BRDA:1089,162,0,11
BRDA:1090,163,0,1
BRDA:1090,163,1,20
BRDA:1094,164,0,10
BRDA:1094,164,1,10
BRDA:1094,165,0,20
BRDA:1094,165,1,19
BRDA:1098,166,0,5
BRDA:1098,166,1,5
BRDA:1110,167,0,2
BRDA:1110,167,1,7
BRDA:1111,168,0,1
BRDA:1111,168,1,1
BRDA:1114,169,0,2
BRDA:1114,169,1,5
BRDA:1118,170,0,29
BRDA:1118,170,1,16
BRDA:1118,170,2,146
BRDA:1118,170,3,46
BRDA:1130,171,0,25
BRDA:1133,172,0,1
BRDA:1133,172,1,106
BRDA:1137,173,0,7
BRDA:1137,173,1,99
BRDA:1139,174,0,37
BRDA:1139,174,1,69
BRDA:1143,175,0,7
BRDA:1143,175,1,99
BRDA:1145,176,0,43
BRDA:1145,176,1,63
BRDA:1149,177,0,92
BRDA:1149,177,1,14
BRDA:1152,178,0,1
BRDA:1152,178,1,27
BRF:356
BRH:356
end_of_record
TN:
SF:utility-methods.js
FN:1,(anonymous_0)
FN:5,(anonymous_1)
FN:9,(anonymous_2)
FN:13,(anonymous_3)
FN:21,(anonymous_4)
FN:25,(anonymous_5)
FNF:6
FNH:6
FNDA:16,(anonymous_0)
FNDA:29,(anonymous_1)
FNDA:146,(anonymous_2)
FNDA:46,(anonymous_3)
FNDA:328,(anonymous_4)
FNDA:144,(anonymous_5)
DA:1,1
DA:2,16
DA:5,1
DA:6,29
DA:9,1
DA:10,146
DA:13,1
DA:14,46
DA:15,1
DA:18,45
DA:21,1
DA:22,328
DA:25,1
DA:26,144
DA:27,124
DA:28,20
DA:29,8
DA:31,12
LF:18
LH:18
BRDA:14,0,0,1
BRDA:14,0,1,45
BRDA:18,1,0,45
BRDA:18,1,1,41
BRDA:18,1,2,40
BRDA:26,2,0,124
BRDA:26,2,1,20
BRDA:26,3,0,144
BRDA:26,3,1,33
BRDA:28,4,0,8
BRDA:28,4,1,12
BRF:11
BRH:11
end_of_record
