TN:
SF:app.js
FN:10,(anonymous_0)
FN:19,(anonymous_1)
FN:23,(anonymous_2)
FN:29,(anonymous_3)
FN:41,(anonymous_4)
FN:45,(anonymous_5)
FN:49,(anonymous_6)
FN:73,(anonymous_7)
FN:82,(anonymous_8)
FN:86,(anonymous_9)
FN:92,(anonymous_10)
FN:100,(anonymous_11)
FN:108,(anonymous_12)
FN:116,(anonymous_13)
FN:140,(anonymous_14)
FN:149,(anonymous_15)
FN:154,(anonymous_16)
FN:176,(anonymous_17)
FN:177,(anonymous_18)
FN:195,(anonymous_19)
FN:200,(anonymous_20)
FN:225,(anonymous_21)
FN:242,(anonymous_22)
FN:268,(anonymous_23)
FN:300,(anonymous_24)
FN:316,(anonymous_25)
FN:343,(anonymous_26)
FN:355,(anonymous_27)
FN:367,(anonymous_28)
FN:381,(anonymous_29)
FN:394,(anonymous_30)
FN:410,(anonymous_31)
FN:414,(anonymous_32)
FN:427,(anonymous_33)
FN:442,(anonymous_34)
FN:451,(anonymous_35)
FN:469,(anonymous_36)
FN:470,(anonymous_37)
FN:485,(anonymous_38)
FN:521,(anonymous_39)
FN:559,(anonymous_40)
FN:561,(anonymous_41)
FN:588,(anonymous_42)
FN:590,(anonymous_43)
FN:610,(anonymous_44)
FN:622,(anonymous_45)
FN:659,(anonymous_46)
FN:702,(anonymous_47)
FN:757,(anonymous_48)
FN:764,(anonymous_49)
FN:772,(anonymous_50)
FN:780,(anonymous_51)
FN:790,(anonymous_52)
FN:804,(anonymous_53)
FN:809,(anonymous_54)
FN:810,(anonymous_55)
FN:821,(anonymous_56)
FN:823,(anonymous_57)
FN:824,(anonymous_58)
FN:844,(anonymous_59)
FN:893,(anonymous_60)
FN:899,(anonymous_61)
FN:918,(anonymous_62)
FN:952,(anonymous_63)
FN:958,(anonymous_64)
FN:976,(anonymous_65)
FN:1041,(anonymous_66)
FN:1058,(anonymous_67)
FN:1068,(anonymous_68)
FN:1078,(anonymous_69)
FN:1094,(anonymous_70)
FN:1098,(anonymous_71)
FN:1106,(anonymous_72)
FN:1119,(anonymous_73)
FN:1121,(anonymous_74)
FN:1148,(anonymous_75)
FNF:76
FNH:76
FNDA:117,(anonymous_0)
FNDA:349,(anonymous_1)
FNDA:356,(anonymous_2)
FNDA:327,(anonymous_3)
FNDA:5,(anonymous_4)
FNDA:3,(anonymous_5)
FNDA:8,(anonymous_6)
FNDA:17,(anonymous_7)
FNDA:11,(anonymous_8)
FNDA:21,(anonymous_9)
FNDA:12,(anonymous_10)
FNDA:11,(anonymous_11)
FNDA:6,(anonymous_12)
FNDA:8,(anonymous_13)
FNDA:39,(anonymous_14)
FNDA:9,(anonymous_15)
FNDA:8,(anonymous_16)
FNDA:29,(anonymous_17)
FNDA:102,(anonymous_18)
FNDA:9,(anonymous_19)
FNDA:12,(anonymous_20)
FNDA:5,(anonymous_21)
FNDA:11,(anonymous_22)
FNDA:13,(anonymous_23)
FNDA:47,(anonymous_24)
FNDA:11,(anonymous_25)
FNDA:4,(anonymous_26)
FNDA:20,(anonymous_27)
FNDA:61,(anonymous_28)
FNDA:6,(anonymous_29)
FNDA:3,(anonymous_30)
FNDA:3,(anonymous_31)
FNDA:9,(anonymous_32)
FNDA:4,(anonymous_33)
FNDA:2,(anonymous_34)
FNDA:6,(anonymous_35)
FNDA:49,(anonymous_36)
FNDA:617,(anonymous_37)
FNDA:9,(anonymous_38)
FNDA:5,(anonymous_39)
FNDA:34,(anonymous_40)
FNDA:149,(anonymous_41)
FNDA:17,(anonymous_42)
FNDA:83,(anonymous_43)
FNDA:17,(anonymous_44)
FNDA:13,(anonymous_45)
FNDA:8,(anonymous_46)
FNDA:10,(anonymous_47)
FNDA:495,(anonymous_48)
FNDA:896,(anonymous_49)
FNDA:909,(anonymous_50)
FNDA:38,(anonymous_51)
FNDA:51,(anonymous_52)
FNDA:59,(anonymous_53)
FNDA:21,(anonymous_54)
FNDA:59,(anonymous_55)
FNDA:57,(anonymous_56)
FNDA:57,(anonymous_57)
FNDA:40,(anonymous_58)
FNDA:17,(anonymous_59)
FNDA:38,(anonymous_60)
FNDA:154,(anonymous_61)
FNDA:433,(anonymous_62)
FNDA:22,(anonymous_63)
FNDA:39,(anonymous_64)
FNDA:126,(anonymous_65)
FNDA:403,(anonymous_66)
FNDA:18,(anonymous_67)
FNDA:4,(anonymous_68)
FNDA:19,(anonymous_69)
FNDA:6,(anonymous_70)
FNDA:9,(anonymous_71)
FNDA:234,(anonymous_72)
FNDA:28,(anonymous_73)
FNDA:107,(anonymous_74)
FNDA:11,(anonymous_75)
DA:3,1
DA:5,1
DA:9,1
DA:11,117
DA:12,7
DA:13,7
DA:15,110
DA:20,349
DA:21,5
DA:23,356
DA:26,344
DA:30,327
DA:31,5
DA:33,322
DA:34,321
DA:36,1
DA:42,5
DA:46,3
DA:50,8
DA:51,2
DA:54,6
DA:56,6
DA:57,3
DA:59,3
DA:60,5
DA:61,1
DA:65,2
DA:72,1
DA:74,17
DA:75,10
DA:76,10
DA:78,7
DA:83,11
DA:84,5
DA:86,21
DA:89,11
DA:93,12
DA:94,4
DA:96,8
DA:101,11
DA:102,7
DA:104,4
DA:109,6
DA:110,3
DA:112,3
DA:117,8
DA:118,2
DA:121,6
DA:123,6
DA:124,3
DA:126,3
DA:127,5
DA:128,1
DA:132,2
DA:139,1
DA:141,39
DA:146,39
DA:150,9
DA:151,9
DA:155,8
DA:158,8
DA:159,3
DA:160,3
DA:163,5
DA:164,11
DA:165,5
DA:168,6
DA:171,5
DA:172,5
DA:173,5
DA:177,29
DA:178,102
DA:184,29
DA:186,29
DA:187,102
DA:188,102
DA:189,102
DA:192,29
DA:196,9
DA:197,3
DA:200,6
DA:201,12
DA:207,6
DA:209,6
DA:210,1
DA:213,5
DA:215,5
DA:216,11
DA:217,11
DA:218,11
DA:221,5
DA:222,5
DA:226,5
DA:228,5
DA:230,5
DA:231,1
DA:234,4
DA:235,13
DA:236,13
DA:239,4
DA:243,11
DA:245,10
DA:247,10
DA:248,4
DA:249,1
DA:252,3
DA:253,3
DA:256,6
DA:257,17
DA:258,4
DA:259,4
DA:262,13
DA:265,2
DA:269,13
DA:271,12
DA:272,8
DA:273,2
DA:275,6
DA:278,8
DA:281,4
DA:282,4
DA:284,4
DA:285,6
DA:286,3
DA:287,1
DA:289,2
DA:292,3
DA:295,3
DA:296,3
DA:301,47
DA:303,45
DA:305,45
DA:306,116
DA:307,4
DA:309,112
DA:313,41
DA:317,11
DA:318,1
DA:321,10
DA:322,1
DA:325,9
DA:326,9
DA:328,9
DA:329,31
DA:330,4
DA:336,27
DA:337,27
DA:340,5
DA:344,4
DA:345,4
DA:347,4
DA:348,20
DA:349,20
DA:352,4
DA:356,20
DA:357,20
DA:359,20
DA:360,61
DA:361,61
DA:364,20
DA:368,61
DA:370,61
DA:371,30
DA:374,31
DA:375,104
DA:378,31
DA:382,6
DA:383,2
DA:386,4
DA:388,4
DA:390,3
DA:391,3
DA:395,3
DA:396,3
DA:397,3
DA:399,3
DA:400,17
DA:401,17
DA:402,17
DA:403,17
DA:406,3
DA:407,3
DA:411,3
DA:412,3
DA:414,9
DA:416,3
DA:417,22
DA:418,16
DA:421,22
DA:424,3
DA:428,4
DA:429,4
DA:431,4
DA:432,9
DA:433,4
DA:436,9
DA:439,4
DA:443,2
DA:448,2
DA:452,6
DA:454,6
DA:455,20
DA:456,4
DA:459,16
DA:462,2
DA:468,1
DA:470,49
DA:471,617
DA:472,284
DA:473,284
DA:475,284
DA:476,284
DA:479,617
DA:482,49
DA:486,9
DA:487,1
DA:490,8
DA:491,8
DA:496,8
DA:498,8
DA:499,20
DA:500,20
DA:502,20
DA:503,24
DA:505,24
DA:506,10
DA:509,24
DA:510,6
DA:514,20
DA:515,20
DA:518,8
DA:522,5
DA:523,1
DA:524,4
DA:525,1
DA:528,3
DA:529,3
DA:534,3
DA:536,3
DA:537,13
DA:538,13
DA:540,13
DA:541,20
DA:543,20
DA:544,10
DA:547,20
DA:548,7
DA:552,13
DA:553,13
DA:556,3
DA:560,34
DA:561,34
DA:562,149
DA:563,30
DA:566,119
DA:568,119
DA:569,64
DA:572,119
DA:574,119
DA:575,52
DA:578,119
DA:581,34
DA:583,33
DA:584,33
DA:585,33
DA:589,17
DA:590,17
DA:591,83
DA:592,3
DA:595,80
DA:597,80
DA:598,40
DA:601,80
DA:603,80
DA:604,30
DA:607,80
DA:610,17
DA:611,17
DA:614,17
DA:615,4
DA:618,13
DA:619,13
DA:623,13
DA:624,2
DA:627,11
DA:632,11
DA:634,11
DA:635,23
DA:636,23
DA:638,23
DA:639,40
DA:641,40
DA:642,5
DA:645,35
DA:646,10
DA:649,25
DA:650,25
DA:653,13
DA:656,1
DA:660,8
DA:661,1
DA:662,1
DA:663,7
DA:664,1
DA:665,1
DA:668,6
DA:669,6
DA:674,6
DA:675,6
DA:677,6
DA:678,14
DA:679,14
DA:681,14
DA:682,32
DA:684,32
DA:685,1
DA:686,1
DA:689,31
DA:690,5
DA:691,5
DA:694,26
DA:695,26
DA:698,8
DA:703,10
DA:704,1
DA:707,9
DA:708,9
DA:715,9
DA:717,9
DA:718,26
DA:719,26
DA:721,26
DA:722,55
DA:724,55
DA:725,7
DA:726,7
DA:729,55
DA:730,48
DA:733,55
DA:734,24
DA:737,55
DA:738,22
DA:742,26
DA:745,9
DA:746,6
DA:747,6
DA:750,9
DA:756,1
DA:758,495
DA:759,495
DA:760,495
DA:761,495
DA:765,896
DA:766,371
DA:769,525
DA:773,909
DA:774,324
DA:777,585
DA:781,38
DA:782,38
DA:783,38
DA:785,38
DA:786,38
DA:787,38
DA:791,51
DA:792,51
DA:793,51
DA:795,51
DA:796,51
DA:797,51
DA:803,1
DA:805,59
DA:806,59
DA:807,59
DA:809,59
DA:810,59
DA:811,59
DA:812,1
DA:815,58
DA:816,1
DA:819,57
DA:821,59
DA:822,57
DA:823,57
DA:824,57
DA:825,40
DA:826,31
DA:829,9
DA:831,9
DA:832,9
DA:833,3
DA:837,6
DA:838,3
DA:841,3
DA:844,57
DA:845,17
DA:847,17
DA:848,1
DA:851,16
DA:853,16
DA:854,40
DA:855,1
DA:859,15
DA:860,1
DA:863,14
DA:864,2
DA:867,12
DA:868,2
DA:871,10
DA:874,57
DA:877,59
DA:878,57
DA:880,44
DA:881,31
DA:884,44
DA:885,44
DA:886,44
DA:887,44
DA:888,44
DA:889,44
DA:890,44
DA:894,38
DA:896,38
DA:897,1
DA:898,37
DA:899,154
DA:901,6
DA:906,37
DA:907,160
DA:909,160
DA:910,157
DA:911,157
DA:915,37
DA:919,433
DA:920,157
DA:921,157
DA:924,276
DA:925,116
DA:927,160
DA:930,276
DA:931,276
DA:933,276
DA:934,22
DA:935,13
DA:937,9
DA:938,9
DA:940,254
DA:941,32
DA:942,7
DA:943,7
DA:945,25
DA:949,260
DA:953,22
DA:955,22
DA:956,1
DA:957,21
DA:958,39
DA:960,15
DA:965,21
DA:966,54
DA:968,54
DA:969,52
DA:973,21
DA:977,126
DA:978,1
DA:981,125
DA:984,64
DA:985,35
DA:986,29
DA:987,8
DA:988,21
DA:989,8
DA:991,13
DA:992,13
DA:993,13
DA:996,64
DA:997,3
DA:999,61
DA:1002,64
DA:1003,61
DA:1004,34
DA:1006,27
DA:1009,125
DA:1010,35
DA:1013,90
DA:1014,90
DA:1016,90
DA:1017,5
DA:1018,4
DA:1021,5
DA:1022,1
DA:1023,1
DA:1027,89
DA:1028,8
DA:1029,5
DA:1032,8
DA:1033,4
DA:1034,4
DA:1038,85
DA:1042,403
DA:1044,403
DA:1046,40
DA:1048,144
DA:1050,110
DA:1052,27
DA:1054,82
DA:1059,18
DA:1061,18
DA:1062,11
DA:1065,18
DA:1069,4
DA:1071,4
DA:1072,5
DA:1075,4
DA:1079,19
DA:1080,1
DA:1083,18
DA:1084,9
DA:1087,9
DA:1088,4
DA:1090,5
DA:1095,6
DA:1099,9
DA:1100,2
DA:1103,7
DA:1107,234
DA:1109,29
DA:1111,16
DA:1113,146
DA:1115,43
DA:1120,28
DA:1121,28
DA:1122,107
DA:1123,1
DA:1126,106
DA:1128,106
DA:1129,37
DA:1132,106
DA:1134,106
DA:1135,43
DA:1138,106
DA:1141,28
DA:1143,27
DA:1144,27
DA:1145,27
DA:1149,11
DA:1155,1
LF:547
LH:547
BRDA:11,0,0,7
BRDA:11,0,1,110
BRDA:20,1,0,5
BRDA:20,1,1,344
BRDA:30,2,0,5
BRDA:30,2,1,322
BRDA:33,3,0,321
BRDA:33,3,1,1
BRDA:42,4,0,3
BRDA:42,4,1,2
BRDA:46,5,0,2
BRDA:46,5,1,1
BRDA:50,6,0,2
BRDA:50,6,1,6
BRDA:56,7,0,3
BRDA:56,7,1,3
BRDA:60,8,0,1
BRDA:60,8,1,4
BRDA:74,9,0,10
BRDA:74,9,1,7
BRDA:83,10,0,5
BRDA:83,10,1,6
BRDA:93,11,0,4
BRDA:93,11,1,8
BRDA:101,12,0,7
BRDA:101,12,1,4
BRDA:109,13,0,3
BRDA:109,13,1,3
BRDA:112,14,0,1
BRDA:112,14,1,2
BRDA:117,15,0,2
BRDA:117,15,1,6
BRDA:123,16,0,3
BRDA:123,16,1,3
BRDA:127,17,0,1
BRDA:127,17,1,4
BRDA:158,18,0,3
BRDA:158,18,1,5
BRDA:164,19,0,5
BRDA:164,19,1,6
BRDA:196,20,0,3
BRDA:196,20,1,6
BRDA:196,21,0,9
BRDA:196,21,1,8
BRDA:196,21,2,7
BRDA:209,22,0,1
BRDA:209,22,1,5
BRDA:230,23,0,1
BRDA:230,23,1,4
BRDA:243,24,0,1
BRDA:243,24,1,10
BRDA:247,25,0,4
BRDA:247,25,1,6
BRDA:248,26,0,1
BRDA:248,26,1,3
BRDA:257,27,0,4
BRDA:257,27,1,13
BRDA:269,28,0,1
BRDA:269,28,1,12
BRDA:269,29,0,13
BRDA:269,29,1,13
BRDA:271,30,0,8
BRDA:271,30,1,4
BRDA:272,31,0,2
BRDA:272,31,1,6
BRDA:285,32,0,3
BRDA:285,32,1,3
BRDA:286,33,0,1
BRDA:286,33,1,2
BRDA:301,34,0,2
BRDA:301,34,1,45
BRDA:301,35,0,47
BRDA:301,35,1,46
BRDA:306,36,0,4
BRDA:306,36,1,112
BRDA:317,37,0,1
BRDA:317,37,1,10
BRDA:321,38,0,1
BRDA:321,38,1,9
BRDA:329,39,0,4
BRDA:329,39,1,27
BRDA:370,40,0,30
BRDA:370,40,1,31
BRDA:382,41,0,2
BRDA:382,41,1,4
BRDA:382,42,0,6
BRDA:382,42,1,6
BRDA:382,42,2,5
BRDA:388,43,0,1
BRDA:388,43,1,3
BRDA:417,44,0,16
BRDA:417,44,1,6
BRDA:432,45,0,4
BRDA:432,45,1,5
BRDA:455,46,0,4
BRDA:455,46,1,16
BRDA:471,47,0,284
BRDA:471,47,1,333
BRDA:486,48,0,1
BRDA:486,48,1,8
BRDA:505,49,0,10
BRDA:505,49,1,14
BRDA:505,50,0,24
BRDA:505,50,1,16
BRDA:509,51,0,6
BRDA:509,51,1,18
BRDA:509,52,0,24
BRDA:509,52,1,16
BRDA:522,53,0,1
BRDA:522,53,1,4
BRDA:524,54,0,1
BRDA:524,54,1,3
BRDA:524,55,0,4
BRDA:524,55,1,1
BRDA:543,56,0,10
BRDA:543,56,1,10
BRDA:543,57,0,20
BRDA:543,57,1,12
BRDA:547,58,0,7
BRDA:547,58,1,13
BRDA:547,59,0,20
BRDA:547,59,1,10
BRDA:559,60,0,8
BRDA:562,61,0,30
BRDA:562,61,1,119
BRDA:562,62,0,149
BRDA:562,62,1,149
BRDA:566,63,0,36
BRDA:566,63,1,83
BRDA:568,64,0,64
BRDA:568,64,1,55
BRDA:572,65,0,51
BRDA:572,65,1,68
BRDA:574,66,0,52
BRDA:574,66,1,67
BRDA:578,67,0,32
BRDA:578,67,1,87
BRDA:581,68,0,1
BRDA:581,68,1,33
BRDA:588,69,0,6
BRDA:591,70,0,3
BRDA:591,70,1,80
BRDA:591,71,0,83
BRDA:591,71,1,83
BRDA:595,72,0,32
BRDA:595,72,1,48
BRDA:597,73,0,40
BRDA:597,73,1,40
BRDA:601,74,0,24
BRDA:601,74,1,56
BRDA:603,75,0,30
BRDA:603,75,1,50
BRDA:607,76,0,24
BRDA:607,76,1,56
BRDA:611,77,0,17
BRDA:611,77,1,16
BRDA:614,78,0,4
BRDA:614,78,1,13
BRDA:614,79,0,17
BRDA:614,79,1,13
BRDA:623,80,0,2
BRDA:623,80,1,11
BRDA:641,81,0,5
BRDA:641,81,1,35
BRDA:645,82,0,10
BRDA:645,82,1,25
BRDA:660,83,0,1
BRDA:660,83,1,7
BRDA:663,84,0,1
BRDA:663,84,1,6
BRDA:684,85,0,1
BRDA:684,85,1,31
BRDA:689,86,0,5
BRDA:689,86,1,26
BRDA:703,87,0,1
BRDA:703,87,1,9
BRDA:724,88,0,7
BRDA:724,88,1,48
BRDA:724,89,0,55
BRDA:724,89,1,7
BRDA:729,90,0,48
BRDA:729,90,1,7
BRDA:733,91,0,24
BRDA:733,91,1,31
BRDA:737,92,0,22
BRDA:737,92,1,33
BRDA:745,93,0,6
BRDA:745,93,1,3
BRDA:745,94,0,9
BRDA:745,94,1,7
BRDA:757,95,0,139
BRDA:765,96,0,371
BRDA:765,96,1,525
BRDA:773,97,0,324
BRDA:773,97,1,585
BRDA:809,98,0,21
BRDA:809,98,1,21
BRDA:811,99,0,1
BRDA:811,99,1,58
BRDA:815,100,0,1
BRDA:815,100,1,57
BRDA:825,101,0,31
BRDA:825,101,1,9
BRDA:832,102,0,3
BRDA:832,102,1,6
BRDA:837,103,0,3
BRDA:837,103,1,3
BRDA:837,104,0,6
BRDA:837,104,1,6
BRDA:847,105,0,1
BRDA:847,105,1,16
BRDA:854,106,0,1
BRDA:854,106,1,39
BRDA:859,107,0,1
BRDA:859,107,1,14
BRDA:859,108,0,15
BRDA:859,108,1,15
BRDA:863,109,0,2
BRDA:863,109,1,12
BRDA:863,110,0,14
BRDA:863,110,1,13
BRDA:867,111,0,2
BRDA:867,111,1,10
BRDA:867,112,0,12
BRDA:867,112,1,11
BRDA:874,113,0,40
BRDA:874,113,1,17
BRDA:880,114,0,31
BRDA:880,114,1,13
BRDA:885,115,0,44
BRDA:885,115,1,31
BRDA:896,116,0,1
BRDA:896,116,1,37
BRDA:898,117,0,31
BRDA:898,117,1,6
BRDA:909,118,0,157
BRDA:909,118,1,3
BRDA:909,119,0,160
BRDA:909,119,1,160
BRDA:919,120,0,157
BRDA:919,120,1,276
BRDA:924,121,0,116
BRDA:924,121,1,160
BRDA:933,122,0,22
BRDA:933,122,1,254
BRDA:934,123,0,13
BRDA:934,123,1,9
BRDA:940,124,0,32
BRDA:940,124,1,222
BRDA:941,125,0,7
BRDA:941,125,1,25
BRDA:955,126,0,1
BRDA:955,126,1,21
BRDA:957,127,0,6
BRDA:957,127,1,15
BRDA:968,128,0,52
BRDA:968,128,1,2
BRDA:977,129,0,1
BRDA:977,129,1,125
BRDA:981,130,0,64
BRDA:981,130,1,61
BRDA:984,131,0,35
BRDA:984,131,1,29
BRDA:984,132,0,64
BRDA:984,132,1,43
BRDA:986,133,0,8
BRDA:986,133,1,21
BRDA:986,134,0,29
BRDA:986,134,1,21
BRDA:988,135,0,8
BRDA:988,135,1,13
BRDA:988,136,0,21
BRDA:988,136,1,8
BRDA:996,137,0,3
BRDA:996,137,1,61
BRDA:1003,138,0,34
BRDA:1003,138,1,27
BRDA:1009,139,0,35
BRDA:1009,139,1,90
BRDA:1016,140,0,5
BRDA:1016,140,1,85
BRDA:1017,141,0,4
BRDA:1017,141,1,1
BRDA:1017,142,0,5
BRDA:1017,142,1,4
BRDA:1021,143,0,1
BRDA:1021,143,1,4
BRDA:1027,144,0,8
BRDA:1027,144,1,81
BRDA:1028,145,0,5
BRDA:1028,145,1,3
BRDA:1028,146,0,8
BRDA:1028,146,1,7
BRDA:1032,147,0,4
BRDA:1032,147,1,4
BRDA:1044,148,0,40
BRDA:1044,148,1,144
BRDA:1044,148,2,110
BRDA:1044,148,3,27
BRDA:1044,148,4,82
BRDA:1058,149,0,2
BRDA:1068,150,0,2
BRDA:1078,151,0,10
BRDA:1079,152,0,1
BRDA:1079,152,1,18
BRDA:1083,153,0,9
BRDA:1083,153,1,9
BRDA:1083,154,0,18
BRDA:1083,154,1,17
BRDA:1087,155,0,4
BRDA:1087,155,1,5
BRDA:1099,156,0,2
BRDA:1099,156,1,7
BRDA:1100,157,0,1
BRDA:1100,157,1,1
BRDA:1103,158,0,2
BRDA:1103,158,1,5
BRDA:1107,159,0,29
BRDA:1107,159,1,16
BRDA:1107,159,2,146
BRDA:1107,159,3,43
BRDA:1119,160,0,25
BRDA:1122,161,0,1
BRDA:1122,161,1,106
BRDA:1126,162,0,7
BRDA:1126,162,1,99
BRDA:1128,163,0,37
BRDA:1128,163,1,69
BRDA:1132,164,0,7
BRDA:1132,164,1,99
BRDA:1134,165,0,43
BRDA:1134,165,1,63
BRDA:1138,166,0,92
BRDA:1138,166,1,14
BRDA:1141,167,0,1
BRDA:1141,167,1,27
BRF:336
BRH:336
end_of_record
TN:
SF:utility-methods.js
FN:1,(anonymous_0)
FN:5,(anonymous_1)
FN:9,(anonymous_2)
FN:13,(anonymous_3)
FN:21,(anonymous_4)
FN:25,(anonymous_5)
FNF:6
FNH:6
FNDA:16,(anonymous_0)
FNDA:29,(anonymous_1)
FNDA:146,(anonymous_2)
FNDA:43,(anonymous_3)
FNDA:328,(anonymous_4)
FNDA:142,(anonymous_5)
DA:1,1
DA:2,16
DA:5,1
DA:6,29
DA:9,1
DA:10,146
DA:13,1
DA:14,43
DA:15,1
DA:18,42
DA:21,1
DA:22,328
DA:25,1
DA:26,142
DA:27,124
DA:28,18
DA:29,8
DA:31,10
LF:18
LH:18
BRDA:14,0,0,1
BRDA:14,0,1,42
BRDA:18,1,0,42
BRDA:18,1,1,38
BRDA:18,1,2,37
BRDA:26,2,0,124
BRDA:26,2,1,18
BRDA:26,3,0,142
BRDA:26,3,1,31
BRDA:28,4,0,8
BRDA:28,4,1,10
BRF:11
BRH:11
end_of_record
